ARM GAS  C:\Users\Anthony\AppData\Local\Temp\ccVSYlam.s 			page 1


   1              		.syntax unified
   2              		.cpu cortex-m0
   3              		.fpu softvfp
   4              		.eabi_attribute 20, 1
   5              		.eabi_attribute 21, 1
   6              		.eabi_attribute 23, 3
   7              		.eabi_attribute 24, 1
   8              		.eabi_attribute 25, 1
   9              		.eabi_attribute 26, 1
  10              		.eabi_attribute 30, 1
  11              		.eabi_attribute 34, 0
  12              		.eabi_attribute 18, 4
  13              		.thumb
  14              		.syntax unified
  15              		.file	"main.c"
  16              		.text
  17              	.Ltext0:
  18              		.cfi_sections	.debug_frame
  19              		.section	.text.updateCompare,"ax",%progbits
  20              		.align	2
  21              		.global	updateCompare
  22              		.code	16
  23              		.thumb_func
  24              		.type	updateCompare, %function
  25              	updateCompare:
  26              	.LFB35:
  27              		.file 1 "main.c"
   1:main.c        **** #include <project.h>
   2:main.c        **** 
   3:main.c        **** //uint8 compareValue = 0;
   4:main.c        **** 
   5:main.c        **** /***************************************************************
   6:main.c        ****  * Function to update the Compare Value in the GATT database
   7:main.c        ****  **************************************************************/
   8:main.c        **** void updateCompare(uint8 val)
   9:main.c        **** {
  28              		.loc 1 9 0
  29              		.cfi_startproc
  30              		@ args = 0, pretend = 0, frame = 0
  31              		@ frame_needed = 0, uses_anonymous_args = 0
  32              	.LVL0:
  33 0000 10B5     		push	{r4, lr}
  34              		.cfi_def_cfa_offset 8
  35              		.cfi_offset 4, -8
  36              		.cfi_offset 14, -4
  10:main.c        ****     CYBLE_GATTS_HANDLE_VALUE_NTF_T 	tempHandle;
  11:main.c        ****     
  12:main.c        ****     if(CyBle_GetState() != CYBLE_STATE_CONNECTED)
  37              		.loc 1 12 0
  38 0002 044B     		ldr	r3, .L3
  39 0004 1B78     		ldrb	r3, [r3]
  40 0006 022B     		cmp	r3, #2
  41 0008 02D0     		beq	.L1
  13:main.c        ****             controlPWM_WriteCompare(0);
  42              		.loc 1 13 0
  43 000a 0020     		movs	r0, #0
  44              	.LVL1:
ARM GAS  C:\Users\Anthony\AppData\Local\Temp\ccVSYlam.s 			page 2


  45 000c FFF7FEFF 		bl	controlPWM_WriteCompare
  46              	.LVL2:
  47              	.L1:
  14:main.c        ****         return;
  15:main.c        ****     
  16:main.c        ****     uint8 compareValue = val;
  17:main.c        ****     
  18:main.c        ****     tempHandle.attrHandle = CYBLE_LEDSERVICE_PWMCOMPARE_CHAR_HANDLE;
  19:main.c        ****   	tempHandle.value.val = &compareValue;
  20:main.c        ****     tempHandle.value.len = 1;
  21:main.c        ****     CyBle_GattsWriteAttributeValue(&tempHandle,0,&cyBle_connHandle,CYBLE_GATT_DB_LOCALLY_INITIATED)
  22:main.c        **** }
  48              		.loc 1 22 0
  49              		@ sp needed
  50 0010 10BD     		pop	{r4, pc}
  51              	.L4:
  52 0012 C046     		.align	2
  53              	.L3:
  54 0014 00000000 		.word	cyBle_state
  55              		.cfi_endproc
  56              	.LFE35:
  57              		.size	updateCompare, .-updateCompare
  58              		.section	.text.BleCallBack,"ax",%progbits
  59              		.align	2
  60              		.global	BleCallBack
  61              		.code	16
  62              		.thumb_func
  63              		.type	BleCallBack, %function
  64              	BleCallBack:
  65              	.LFB36:
  23:main.c        **** 
  24:main.c        **** /***************************************************************
  25:main.c        ****  * Function to handle the BLE stack
  26:main.c        ****  **************************************************************/
  27:main.c        **** void BleCallBack(uint32 event, void* eventParam)
  28:main.c        **** {
  66              		.loc 1 28 0
  67              		.cfi_startproc
  68              		@ args = 0, pretend = 0, frame = 0
  69              		@ frame_needed = 0, uses_anonymous_args = 0
  70              	.LVL3:
  71 0000 10B5     		push	{r4, lr}
  72              		.cfi_def_cfa_offset 8
  73              		.cfi_offset 4, -8
  74              		.cfi_offset 14, -4
  75 0002 0C00     		movs	r4, r1
  29:main.c        ****     CYBLE_GATTS_WRITE_REQ_PARAM_T *wrReqParam;
  30:main.c        **** 
  31:main.c        ****     switch(event)
  76              		.loc 1 31 0
  77 0004 2828     		cmp	r0, #40
  78 0006 08D0     		beq	.L7
  79 0008 02D8     		bhi	.L8
  80 000a 0128     		cmp	r0, #1
  81 000c 05D0     		beq	.L7
  82 000e 2FE0     		b	.L5
  83              	.L8:
ARM GAS  C:\Users\Anthony\AppData\Local\Temp\ccVSYlam.s 			page 3


  84 0010 4128     		cmp	r0, #65
  85 0012 0ED0     		beq	.L9
  86 0014 4C28     		cmp	r0, #76
  87 0016 15D0     		beq	.L10
  88 0018 2AE0     		b	.L5
  89              	.L7:
  32:main.c        ****     {
  33:main.c        ****         /* if there is a disconnect or the stack just turned on from a reset then start the adverti
  34:main.c        ****         case CYBLE_EVT_STACK_ON:
  35:main.c        ****         case CYBLE_EVT_GAP_DEVICE_DISCONNECTED:
  36:main.c        ****             CyBle_GappStartAdvertisement(CYBLE_ADVERTISING_FAST);
  90              		.loc 1 36 0
  91 001a 0020     		movs	r0, #0
  92              	.LVL4:
  93 001c FFF7FEFF 		bl	CyBle_GappStartAdvertisement
  94              	.LVL5:
  37:main.c        ****             pwm_Start();
  95              		.loc 1 37 0
  96 0020 FFF7FEFF 		bl	pwm_Start
  97              	.LVL6:
  38:main.c        ****             blue_Write(1);
  98              		.loc 1 38 0
  99 0024 0120     		movs	r0, #1
 100 0026 FFF7FEFF 		bl	blue_Write
 101              	.LVL7:
  39:main.c        ****             updateCompare(0);
 102              		.loc 1 39 0
 103 002a 0020     		movs	r0, #0
 104 002c FFF7FEFF 		bl	updateCompare
 105              	.LVL8:
  40:main.c        ****         break;
 106              		.loc 1 40 0
 107 0030 1EE0     		b	.L5
 108              	.LVL9:
 109              	.L9:
  41:main.c        ****         
  42:main.c        ****         /* when a connection is made, update the compare value in the GATT database and stop blinki
  43:main.c        ****         case CYBLE_EVT_GATT_CONNECT_IND:
  44:main.c        ****             updateCompare(0);  
 110              		.loc 1 44 0
 111 0032 0020     		movs	r0, #0
 112              	.LVL10:
 113 0034 FFF7FEFF 		bl	updateCompare
 114              	.LVL11:
  45:main.c        ****             pwm_Stop();
 115              		.loc 1 45 0
 116 0038 FFF7FEFF 		bl	pwm_Stop
 117              	.LVL12:
  46:main.c        ****             blue_Write(0);  //Force Blue LED Off
 118              		.loc 1 46 0
 119 003c 0020     		movs	r0, #0
 120 003e FFF7FEFF 		bl	blue_Write
 121              	.LVL13:
  47:main.c        **** 		break;
 122              		.loc 1 47 0
 123 0042 15E0     		b	.L5
 124              	.LVL14:
ARM GAS  C:\Users\Anthony\AppData\Local\Temp\ccVSYlam.s 			page 4


 125              	.L10:
  48:main.c        **** 
  49:main.c        ****         /* handle a write request */
  50:main.c        ****         case CYBLE_EVT_GATTS_WRITE_REQ:
  51:main.c        ****             wrReqParam = (CYBLE_GATTS_WRITE_REQ_PARAM_T *) eventParam;
  52:main.c        **** 			      
  53:main.c        ****             /* request write the LED value */
  54:main.c        ****             if(wrReqParam->handleValPair.attrHandle == CYBLE_LEDSERVICE_PWMCOMPARE_CHAR_HANDLE)
 126              		.loc 1 54 0
 127 0044 8B89     		ldrh	r3, [r1, #12]
 128 0046 122B     		cmp	r3, #18
 129 0048 12D1     		bne	.L5
  55:main.c        ****             {
  56:main.c        ****                 /* only update the value and write the response if the requested write is allowed *
  57:main.c        ****                 if(CYBLE_GATT_ERR_NONE == CyBle_GattsWriteAttributeValue(&wrReqParam->handleValPair
 130              		.loc 1 57 0
 131 004a 081D     		adds	r0, r1, #4
 132              	.LVL15:
 133 004c 2E33     		adds	r3, r3, #46
 134 004e 094A     		ldr	r2, .L11
 135 0050 0021     		movs	r1, #0
 136              	.LVL16:
 137 0052 FFF7FEFF 		bl	CyBle_GattsWriteAttributeValue
 138              	.LVL17:
 139 0056 0028     		cmp	r0, #0
 140 0058 0AD1     		bne	.L5
  58:main.c        ****                 {
  59:main.c        ****                     //updateCompare(wrReqParam->handleValPair.value.val[0]);              //Update 
  60:main.c        ****                     controlPWM_WriteCompare(wrReqParam->handleValPair.value.val[0]);      //Update 
 141              		.loc 1 60 0
 142 005a 6368     		ldr	r3, [r4, #4]
 143 005c 1878     		ldrb	r0, [r3]
 144 005e FFF7FEFF 		bl	controlPWM_WriteCompare
 145              	.LVL18:
  61:main.c        ****                     CyBle_GattsWriteRsp(cyBle_connHandle);
 146              		.loc 1 61 0
 147 0062 044A     		ldr	r2, .L11
 148 0064 1378     		ldrb	r3, [r2]
 149 0066 5078     		ldrb	r0, [r2, #1]
 150 0068 0002     		lsls	r0, r0, #8
 151 006a 1843     		orrs	r0, r3
 152 006c FFF7FEFF 		bl	CyBle_GattsWriteRsp
 153              	.LVL19:
 154              	.L5:
  62:main.c        ****                 }
  63:main.c        ****             }		
  64:main.c        **** 		break;  
  65:main.c        ****         
  66:main.c        ****         default:
  67:main.c        ****             break;
  68:main.c        ****     }
  69:main.c        **** } 
 155              		.loc 1 69 0
 156              		@ sp needed
 157              	.LVL20:
 158 0070 10BD     		pop	{r4, pc}
 159              	.L12:
ARM GAS  C:\Users\Anthony\AppData\Local\Temp\ccVSYlam.s 			page 5


 160 0072 C046     		.align	2
 161              	.L11:
 162 0074 00000000 		.word	cyBle_connHandle
 163              		.cfi_endproc
 164              	.LFE36:
 165              		.size	BleCallBack, .-BleCallBack
 166              		.section	.text.main,"ax",%progbits
 167              		.align	2
 168              		.global	main
 169              		.code	16
 170              		.thumb_func
 171              		.type	main, %function
 172              	main:
 173              	.LFB37:
  70:main.c        **** 
  71:main.c        **** /***************************************************************
  72:main.c        ****  * Main
  73:main.c        ****  **************************************************************/
  74:main.c        **** int main()
  75:main.c        **** {
 174              		.loc 1 75 0
 175              		.cfi_startproc
 176              		@ Volatile: function does not return.
 177              		@ args = 0, pretend = 0, frame = 0
 178              		@ frame_needed = 0, uses_anonymous_args = 0
 179 0000 10B5     		push	{r4, lr}
 180              		.cfi_def_cfa_offset 8
 181              		.cfi_offset 4, -8
 182              		.cfi_offset 14, -4
  76:main.c        ****     CyGlobalIntEnable; 
 183              		.loc 1 76 0
 184              		.syntax divided
 185              	@ 76 "main.c" 1
 186 0002 62B6     		CPSIE   i
 187              	@ 0 "" 2
  77:main.c        ****     
  78:main.c        ****     /* Start BLE stack and register the callback function */
  79:main.c        ****     CyBle_Start(BleCallBack);
 188              		.loc 1 79 0
 189              		.thumb
 190              		.syntax unified
 191 0004 0848     		ldr	r0, .L15
 192 0006 FFF7FEFF 		bl	CyBle_Start
 193              	.LVL21:
  80:main.c        ****     Clock_1_Start();
 194              		.loc 1 80 0
 195 000a FF20     		movs	r0, #255
 196 000c FFF7FEFF 		bl	Clock_1_StartEx
 197              	.LVL22:
  81:main.c        ****     
  82:main.c        ****     controlPWM_Start();
 198              		.loc 1 82 0
 199 0010 FFF7FEFF 		bl	controlPWM_Start
 200              	.LVL23:
  83:main.c        ****     Clock_2_Start();
 201              		.loc 1 83 0
 202 0014 FF20     		movs	r0, #255
ARM GAS  C:\Users\Anthony\AppData\Local\Temp\ccVSYlam.s 			page 6


 203 0016 FFF7FEFF 		bl	Clock_2_StartEx
 204              	.LVL24:
 205              	.L14:
  84:main.c        ****     
  85:main.c        ****     for(;;)
  86:main.c        ****     {        
  87:main.c        ****         CyBle_ProcessEvents();
 206              		.loc 1 87 0 discriminator 1
 207 001a FFF7FEFF 		bl	CyBle_ProcessEvents
 208              	.LVL25:
  88:main.c        ****         CyBle_EnterLPM(CYBLE_BLESS_DEEPSLEEP);    
 209              		.loc 1 88 0 discriminator 1
 210 001e 0320     		movs	r0, #3
 211 0020 FFF7FEFF 		bl	CyBle_EnterLPM
 212              	.LVL26:
 213 0024 F9E7     		b	.L14
 214              	.L16:
 215 0026 C046     		.align	2
 216              	.L15:
 217 0028 00000000 		.word	BleCallBack
 218              		.cfi_endproc
 219              	.LFE37:
 220              		.size	main, .-main
 221              		.text
 222              	.Letext0:
 223              		.file 2 "Generated_Source\\PSoC4/cytypes.h"
 224              		.file 3 "Generated_Source\\PSoC4/ble_Stack.h"
 225              		.file 4 "Generated_Source\\PSoC4/ble_StackGatt.h"
 226              		.file 5 "Generated_Source\\PSoC4/ble_StackGattServer.h"
 227              		.file 6 "Generated_Source\\PSoC4/ble_eventHandler.h"
 228              		.file 7 "Generated_Source\\PSoC4/controlPWM.h"
 229              		.file 8 "Generated_Source\\PSoC4/ble.h"
 230              		.file 9 "Generated_Source\\PSoC4/pwm.h"
 231              		.file 10 "Generated_Source\\PSoC4/blue.h"
 232              		.file 11 "Generated_Source\\PSoC4/ble_StackGattDb.h"
 233              		.file 12 "Generated_Source\\PSoC4/Clock_1.h"
 234              		.file 13 "Generated_Source\\PSoC4/Clock_2.h"
 235              		.section	.debug_info,"",%progbits
 236              	.Ldebug_info0:
 237 0000 06070000 		.4byte	0x706
 238 0004 0400     		.2byte	0x4
 239 0006 00000000 		.4byte	.Ldebug_abbrev0
 240 000a 04       		.byte	0x4
 241 000b 01       		.uleb128 0x1
 242 000c 05020000 		.4byte	.LASF173
 243 0010 0C       		.byte	0xc
 244 0011 B3080000 		.4byte	.LASF174
 245 0015 F20E0000 		.4byte	.LASF175
 246 0019 00000000 		.4byte	.Ldebug_ranges0+0
 247 001d 00000000 		.4byte	0
 248 0021 00000000 		.4byte	.Ldebug_line0
 249 0025 02       		.uleb128 0x2
 250 0026 01       		.byte	0x1
 251 0027 06       		.byte	0x6
 252 0028 F9030000 		.4byte	.LASF0
 253 002c 02       		.uleb128 0x2
 254 002d 01       		.byte	0x1
ARM GAS  C:\Users\Anthony\AppData\Local\Temp\ccVSYlam.s 			page 7


 255 002e 08       		.byte	0x8
 256 002f FF0C0000 		.4byte	.LASF1
 257 0033 02       		.uleb128 0x2
 258 0034 02       		.byte	0x2
 259 0035 05       		.byte	0x5
 260 0036 F1040000 		.4byte	.LASF2
 261 003a 02       		.uleb128 0x2
 262 003b 02       		.byte	0x2
 263 003c 07       		.byte	0x7
 264 003d 97100000 		.4byte	.LASF3
 265 0041 02       		.uleb128 0x2
 266 0042 04       		.byte	0x4
 267 0043 05       		.byte	0x5
 268 0044 FC010000 		.4byte	.LASF4
 269 0048 02       		.uleb128 0x2
 270 0049 04       		.byte	0x4
 271 004a 07       		.byte	0x7
 272 004b FC060000 		.4byte	.LASF5
 273 004f 02       		.uleb128 0x2
 274 0050 08       		.byte	0x8
 275 0051 05       		.byte	0x5
 276 0052 EB030000 		.4byte	.LASF6
 277 0056 02       		.uleb128 0x2
 278 0057 08       		.byte	0x8
 279 0058 07       		.byte	0x7
 280 0059 93020000 		.4byte	.LASF7
 281 005d 03       		.uleb128 0x3
 282 005e 04       		.byte	0x4
 283 005f 05       		.byte	0x5
 284 0060 696E7400 		.ascii	"int\000"
 285 0064 02       		.uleb128 0x2
 286 0065 04       		.byte	0x4
 287 0066 07       		.byte	0x7
 288 0067 87060000 		.4byte	.LASF8
 289 006b 04       		.uleb128 0x4
 290 006c EB040000 		.4byte	.LASF9
 291 0070 02       		.byte	0x2
 292 0071 D201     		.2byte	0x1d2
 293 0073 2C000000 		.4byte	0x2c
 294 0077 04       		.uleb128 0x4
 295 0078 0D0D0000 		.4byte	.LASF10
 296 007c 02       		.byte	0x2
 297 007d D301     		.2byte	0x1d3
 298 007f 3A000000 		.4byte	0x3a
 299 0083 04       		.uleb128 0x4
 300 0084 68050000 		.4byte	.LASF11
 301 0088 02       		.byte	0x2
 302 0089 D401     		.2byte	0x1d4
 303 008b 48000000 		.4byte	0x48
 304 008f 02       		.uleb128 0x2
 305 0090 04       		.byte	0x4
 306 0091 04       		.byte	0x4
 307 0092 8D0C0000 		.4byte	.LASF12
 308 0096 02       		.uleb128 0x2
 309 0097 08       		.byte	0x8
 310 0098 04       		.byte	0x4
 311 0099 1A050000 		.4byte	.LASF13
ARM GAS  C:\Users\Anthony\AppData\Local\Temp\ccVSYlam.s 			page 8


 312 009d 02       		.uleb128 0x2
 313 009e 01       		.byte	0x1
 314 009f 08       		.byte	0x8
 315 00a0 500F0000 		.4byte	.LASF14
 316 00a4 02       		.uleb128 0x2
 317 00a5 08       		.byte	0x8
 318 00a6 04       		.byte	0x4
 319 00a7 320F0000 		.4byte	.LASF15
 320 00ab 02       		.uleb128 0x2
 321 00ac 04       		.byte	0x4
 322 00ad 07       		.byte	0x7
 323 00ae 5E0A0000 		.4byte	.LASF16
 324 00b2 05       		.uleb128 0x5
 325 00b3 04       		.byte	0x4
 326 00b4 06       		.uleb128 0x6
 327 00b5 01       		.byte	0x1
 328 00b6 2C000000 		.4byte	0x2c
 329 00ba 03       		.byte	0x3
 330 00bb 4D01     		.2byte	0x14d
 331 00bd 72020000 		.4byte	0x272
 332 00c1 07       		.uleb128 0x7
 333 00c2 EA070000 		.4byte	.LASF17
 334 00c6 00       		.byte	0
 335 00c7 07       		.uleb128 0x7
 336 00c8 05040000 		.4byte	.LASF18
 337 00cc 01       		.byte	0x1
 338 00cd 07       		.uleb128 0x7
 339 00ce EA010000 		.4byte	.LASF19
 340 00d2 02       		.byte	0x2
 341 00d3 07       		.uleb128 0x7
 342 00d4 7E100000 		.4byte	.LASF20
 343 00d8 03       		.byte	0x3
 344 00d9 07       		.uleb128 0x7
 345 00da BD020000 		.4byte	.LASF21
 346 00de 04       		.byte	0x4
 347 00df 07       		.uleb128 0x7
 348 00e0 23000000 		.4byte	.LASF22
 349 00e4 05       		.byte	0x5
 350 00e5 07       		.uleb128 0x7
 351 00e6 1F080000 		.4byte	.LASF23
 352 00ea 06       		.byte	0x6
 353 00eb 07       		.uleb128 0x7
 354 00ec 10060000 		.4byte	.LASF24
 355 00f0 20       		.byte	0x20
 356 00f1 07       		.uleb128 0x7
 357 00f2 41040000 		.4byte	.LASF25
 358 00f6 21       		.byte	0x21
 359 00f7 07       		.uleb128 0x7
 360 00f8 70080000 		.4byte	.LASF26
 361 00fc 22       		.byte	0x22
 362 00fd 07       		.uleb128 0x7
 363 00fe 2D090000 		.4byte	.LASF27
 364 0102 23       		.byte	0x23
 365 0103 07       		.uleb128 0x7
 366 0104 C60B0000 		.4byte	.LASF28
 367 0108 24       		.byte	0x24
 368 0109 07       		.uleb128 0x7
ARM GAS  C:\Users\Anthony\AppData\Local\Temp\ccVSYlam.s 			page 9


 369 010a E20A0000 		.4byte	.LASF29
 370 010e 25       		.byte	0x25
 371 010f 07       		.uleb128 0x7
 372 0110 C3040000 		.4byte	.LASF30
 373 0114 26       		.byte	0x26
 374 0115 07       		.uleb128 0x7
 375 0116 94080000 		.4byte	.LASF31
 376 011a 27       		.byte	0x27
 377 011b 07       		.uleb128 0x7
 378 011c 890F0000 		.4byte	.LASF32
 379 0120 28       		.byte	0x28
 380 0121 07       		.uleb128 0x7
 381 0122 3D030000 		.4byte	.LASF33
 382 0126 29       		.byte	0x29
 383 0127 07       		.uleb128 0x7
 384 0128 21010000 		.4byte	.LASF34
 385 012c 2A       		.byte	0x2a
 386 012d 07       		.uleb128 0x7
 387 012e 18040000 		.4byte	.LASF35
 388 0132 2B       		.byte	0x2b
 389 0133 07       		.uleb128 0x7
 390 0134 27120000 		.4byte	.LASF36
 391 0138 2C       		.byte	0x2c
 392 0139 07       		.uleb128 0x7
 393 013a 5A030000 		.4byte	.LASF37
 394 013e 2D       		.byte	0x2d
 395 013f 07       		.uleb128 0x7
 396 0140 140D0000 		.4byte	.LASF38
 397 0144 2E       		.byte	0x2e
 398 0145 07       		.uleb128 0x7
 399 0146 83010000 		.4byte	.LASF39
 400 014a 2F       		.byte	0x2f
 401 014b 07       		.uleb128 0x7
 402 014c 5E0B0000 		.4byte	.LASF40
 403 0150 30       		.byte	0x30
 404 0151 07       		.uleb128 0x7
 405 0152 C0120000 		.4byte	.LASF41
 406 0156 31       		.byte	0x31
 407 0157 07       		.uleb128 0x7
 408 0158 270B0000 		.4byte	.LASF42
 409 015c 32       		.byte	0x32
 410 015d 07       		.uleb128 0x7
 411 015e 950E0000 		.4byte	.LASF43
 412 0162 33       		.byte	0x33
 413 0163 07       		.uleb128 0x7
 414 0164 0E070000 		.4byte	.LASF44
 415 0168 34       		.byte	0x34
 416 0169 07       		.uleb128 0x7
 417 016a 7F0B0000 		.4byte	.LASF45
 418 016e 35       		.byte	0x35
 419 016f 07       		.uleb128 0x7
 420 0170 D4080000 		.4byte	.LASF46
 421 0174 36       		.byte	0x36
 422 0175 07       		.uleb128 0x7
 423 0176 EA090000 		.4byte	.LASF47
 424 017a 37       		.byte	0x37
 425 017b 07       		.uleb128 0x7
ARM GAS  C:\Users\Anthony\AppData\Local\Temp\ccVSYlam.s 			page 10


 426 017c AA100000 		.4byte	.LASF48
 427 0180 40       		.byte	0x40
 428 0181 07       		.uleb128 0x7
 429 0182 59090000 		.4byte	.LASF49
 430 0186 41       		.byte	0x41
 431 0187 07       		.uleb128 0x7
 432 0188 00130000 		.4byte	.LASF50
 433 018c 42       		.byte	0x42
 434 018d 07       		.uleb128 0x7
 435 018e 27110000 		.4byte	.LASF51
 436 0192 43       		.byte	0x43
 437 0193 07       		.uleb128 0x7
 438 0194 5D070000 		.4byte	.LASF52
 439 0198 44       		.byte	0x44
 440 0199 07       		.uleb128 0x7
 441 019a 660C0000 		.4byte	.LASF53
 442 019e 45       		.byte	0x45
 443 019f 07       		.uleb128 0x7
 444 01a0 3D0A0000 		.4byte	.LASF54
 445 01a4 46       		.byte	0x46
 446 01a5 07       		.uleb128 0x7
 447 01a6 01080000 		.4byte	.LASF55
 448 01aa 47       		.byte	0x47
 449 01ab 07       		.uleb128 0x7
 450 01ac 00120000 		.4byte	.LASF56
 451 01b0 48       		.byte	0x48
 452 01b1 07       		.uleb128 0x7
 453 01b2 58040000 		.4byte	.LASF57
 454 01b6 49       		.byte	0x49
 455 01b7 07       		.uleb128 0x7
 456 01b8 5E110000 		.4byte	.LASF58
 457 01bc 4A       		.byte	0x4a
 458 01bd 07       		.uleb128 0x7
 459 01be AC010000 		.4byte	.LASF59
 460 01c2 4B       		.byte	0x4b
 461 01c3 07       		.uleb128 0x7
 462 01c4 BA080000 		.4byte	.LASF60
 463 01c8 4C       		.byte	0x4c
 464 01c9 07       		.uleb128 0x7
 465 01ca 0D0B0000 		.4byte	.LASF61
 466 01ce 4D       		.byte	0x4d
 467 01cf 07       		.uleb128 0x7
 468 01d0 8C040000 		.4byte	.LASF62
 469 01d4 4E       		.byte	0x4e
 470 01d5 07       		.uleb128 0x7
 471 01d6 2B0E0000 		.4byte	.LASF63
 472 01da 4F       		.byte	0x4f
 473 01db 07       		.uleb128 0x7
 474 01dc CB010000 		.4byte	.LASF64
 475 01e0 50       		.byte	0x50
 476 01e1 07       		.uleb128 0x7
 477 01e2 FB040000 		.4byte	.LASF65
 478 01e6 51       		.byte	0x51
 479 01e7 07       		.uleb128 0x7
 480 01e8 E20B0000 		.4byte	.LASF66
 481 01ec 52       		.byte	0x52
 482 01ed 07       		.uleb128 0x7
ARM GAS  C:\Users\Anthony\AppData\Local\Temp\ccVSYlam.s 			page 11


 483 01ee 990D0000 		.4byte	.LASF67
 484 01f2 53       		.byte	0x53
 485 01f3 07       		.uleb128 0x7
 486 01f4 4A0E0000 		.4byte	.LASF68
 487 01f8 54       		.byte	0x54
 488 01f9 07       		.uleb128 0x7
 489 01fa 7B070000 		.4byte	.LASF69
 490 01fe 55       		.byte	0x55
 491 01ff 07       		.uleb128 0x7
 492 0200 65060000 		.4byte	.LASF70
 493 0204 56       		.byte	0x56
 494 0205 07       		.uleb128 0x7
 495 0206 AB0F0000 		.4byte	.LASF71
 496 020a 57       		.byte	0x57
 497 020b 07       		.uleb128 0x7
 498 020c 9F070000 		.4byte	.LASF72
 499 0210 58       		.byte	0x58
 500 0211 07       		.uleb128 0x7
 501 0212 17030000 		.4byte	.LASF73
 502 0216 70       		.byte	0x70
 503 0217 07       		.uleb128 0x7
 504 0218 82120000 		.4byte	.LASF74
 505 021c 71       		.byte	0x71
 506 021d 07       		.uleb128 0x7
 507 021e 7F090000 		.4byte	.LASF75
 508 0222 72       		.byte	0x72
 509 0223 07       		.uleb128 0x7
 510 0224 1F0A0000 		.4byte	.LASF76
 511 0228 73       		.byte	0x73
 512 0229 07       		.uleb128 0x7
 513 022a 220C0000 		.4byte	.LASF77
 514 022e 74       		.byte	0x74
 515 022f 07       		.uleb128 0x7
 516 0230 21050000 		.4byte	.LASF78
 517 0234 75       		.byte	0x75
 518 0235 07       		.uleb128 0x7
 519 0236 62010000 		.4byte	.LASF79
 520 023a 76       		.byte	0x76
 521 023b 07       		.uleb128 0x7
 522 023c 77000000 		.4byte	.LASF80
 523 0240 77       		.byte	0x77
 524 0241 07       		.uleb128 0x7
 525 0242 00000000 		.4byte	.LASF81
 526 0246 78       		.byte	0x78
 527 0247 07       		.uleb128 0x7
 528 0248 D40F0000 		.4byte	.LASF82
 529 024c 79       		.byte	0x79
 530 024d 07       		.uleb128 0x7
 531 024e E1050000 		.4byte	.LASF83
 532 0252 7A       		.byte	0x7a
 533 0253 07       		.uleb128 0x7
 534 0254 64120000 		.4byte	.LASF84
 535 0258 FA       		.byte	0xfa
 536 0259 07       		.uleb128 0x7
 537 025a 94060000 		.4byte	.LASF85
 538 025e FB       		.byte	0xfb
 539 025f 07       		.uleb128 0x7
ARM GAS  C:\Users\Anthony\AppData\Local\Temp\ccVSYlam.s 			page 12


 540 0260 E30D0000 		.4byte	.LASF86
 541 0264 FC       		.byte	0xfc
 542 0265 07       		.uleb128 0x7
 543 0266 1E130000 		.4byte	.LASF87
 544 026a FD       		.byte	0xfd
 545 026b 07       		.uleb128 0x7
 546 026c 92050000 		.4byte	.LASF88
 547 0270 FF       		.byte	0xff
 548 0271 00       		.byte	0
 549 0272 06       		.uleb128 0x6
 550 0273 01       		.byte	0x1
 551 0274 2C000000 		.4byte	0x2c
 552 0278 03       		.byte	0x3
 553 0279 7504     		.2byte	0x475
 554 027b 9E020000 		.4byte	0x29e
 555 027f 07       		.uleb128 0x7
 556 0280 AD120000 		.4byte	.LASF89
 557 0284 01       		.byte	0x1
 558 0285 07       		.uleb128 0x7
 559 0286 3E0F0000 		.4byte	.LASF90
 560 028a 02       		.byte	0x2
 561 028b 07       		.uleb128 0x7
 562 028c EA110000 		.4byte	.LASF91
 563 0290 03       		.byte	0x3
 564 0291 07       		.uleb128 0x7
 565 0292 480B0000 		.4byte	.LASF92
 566 0296 04       		.byte	0x4
 567 0297 07       		.uleb128 0x7
 568 0298 49070000 		.4byte	.LASF93
 569 029c FF       		.byte	0xff
 570 029d 00       		.byte	0
 571 029e 08       		.uleb128 0x8
 572 029f 04       		.byte	0x4
 573 02a0 6B000000 		.4byte	0x6b
 574 02a4 09       		.uleb128 0x9
 575 02a5 01       		.byte	0x1
 576 02a6 2C000000 		.4byte	0x2c
 577 02aa 04       		.byte	0x4
 578 02ab A5       		.byte	0xa5
 579 02ac 9B030000 		.4byte	0x39b
 580 02b0 07       		.uleb128 0x7
 581 02b1 AB050000 		.4byte	.LASF94
 582 02b5 00       		.byte	0
 583 02b6 07       		.uleb128 0x7
 584 02b7 03010000 		.4byte	.LASF95
 585 02bb 01       		.byte	0x1
 586 02bc 07       		.uleb128 0x7
 587 02bd BF050000 		.4byte	.LASF96
 588 02c1 02       		.byte	0x2
 589 02c2 07       		.uleb128 0x7
 590 02c3 6F050000 		.4byte	.LASF97
 591 02c7 03       		.byte	0x3
 592 02c8 07       		.uleb128 0x7
 593 02c9 71040000 		.4byte	.LASF98
 594 02cd 04       		.byte	0x4
 595 02ce 07       		.uleb128 0x7
 596 02cf A8030000 		.4byte	.LASF99
ARM GAS  C:\Users\Anthony\AppData\Local\Temp\ccVSYlam.s 			page 13


 597 02d3 05       		.byte	0x5
 598 02d4 07       		.uleb128 0x7
 599 02d5 DE000000 		.4byte	.LASF100
 600 02d9 06       		.byte	0x6
 601 02da 07       		.uleb128 0x7
 602 02db 7C110000 		.4byte	.LASF101
 603 02df 07       		.byte	0x7
 604 02e0 07       		.uleb128 0x7
 605 02e1 9C0B0000 		.4byte	.LASF102
 606 02e5 08       		.byte	0x8
 607 02e6 07       		.uleb128 0x7
 608 02e7 930C0000 		.4byte	.LASF103
 609 02eb 09       		.byte	0x9
 610 02ec 07       		.uleb128 0x7
 611 02ed 26070000 		.4byte	.LASF104
 612 02f1 0A       		.byte	0xa
 613 02f2 07       		.uleb128 0x7
 614 02f3 C8070000 		.4byte	.LASF105
 615 02f7 0B       		.byte	0xb
 616 02f8 07       		.uleb128 0x7
 617 02f9 AA000000 		.4byte	.LASF106
 618 02fd 0C       		.byte	0xc
 619 02fe 07       		.uleb128 0x7
 620 02ff 380D0000 		.4byte	.LASF107
 621 0303 0D       		.byte	0xd
 622 0304 07       		.uleb128 0x7
 623 0305 F70F0000 		.4byte	.LASF108
 624 0309 0E       		.byte	0xe
 625 030a 07       		.uleb128 0x7
 626 030b 00110000 		.4byte	.LASF109
 627 030f 0F       		.byte	0xf
 628 0310 07       		.uleb128 0x7
 629 0311 42050000 		.4byte	.LASF110
 630 0315 10       		.byte	0x10
 631 0316 07       		.uleb128 0x7
 632 0317 670A0000 		.4byte	.LASF111
 633 031b 11       		.byte	0x11
 634 031c 07       		.uleb128 0x7
 635 031d 550F0000 		.4byte	.LASF112
 636 0321 80       		.byte	0x80
 637 0322 07       		.uleb128 0x7
 638 0323 BC0E0000 		.4byte	.LASF113
 639 0327 80       		.byte	0x80
 640 0328 07       		.uleb128 0x7
 641 0329 D2100000 		.4byte	.LASF114
 642 032d 80       		.byte	0x80
 643 032e 07       		.uleb128 0x7
 644 032f 9B090000 		.4byte	.LASF115
 645 0333 80       		.byte	0x80
 646 0334 07       		.uleb128 0x7
 647 0335 01090000 		.4byte	.LASF116
 648 0339 80       		.byte	0x80
 649 033a 07       		.uleb128 0x7
 650 033b CE060000 		.4byte	.LASF117
 651 033f 80       		.byte	0x80
 652 0340 07       		.uleb128 0x7
 653 0341 83030000 		.4byte	.LASF118
ARM GAS  C:\Users\Anthony\AppData\Local\Temp\ccVSYlam.s 			page 14


 654 0345 80       		.byte	0x80
 655 0346 07       		.uleb128 0x7
 656 0347 C80D0000 		.4byte	.LASF119
 657 034b 80       		.byte	0x80
 658 034c 07       		.uleb128 0x7
 659 034d 5D0D0000 		.4byte	.LASF120
 660 0351 81       		.byte	0x81
 661 0352 07       		.uleb128 0x7
 662 0353 D2020000 		.4byte	.LASF121
 663 0357 81       		.byte	0x81
 664 0358 07       		.uleb128 0x7
 665 0359 B3060000 		.4byte	.LASF122
 666 035d 81       		.byte	0x81
 667 035e 07       		.uleb128 0x7
 668 035f 53000000 		.4byte	.LASF123
 669 0363 81       		.byte	0x81
 670 0364 07       		.uleb128 0x7
 671 0365 9A110000 		.4byte	.LASF124
 672 0369 82       		.byte	0x82
 673 036a 07       		.uleb128 0x7
 674 036b F50D0000 		.4byte	.LASF125
 675 036f A0       		.byte	0xa0
 676 0370 07       		.uleb128 0x7
 677 0371 4C080000 		.4byte	.LASF126
 678 0375 A0       		.byte	0xa0
 679 0376 07       		.uleb128 0x7
 680 0377 F3020000 		.4byte	.LASF127
 681 037b A1       		.byte	0xa1
 682 037c 07       		.uleb128 0x7
 683 037d 400C0000 		.4byte	.LASF128
 684 0381 A2       		.byte	0xa2
 685 0382 07       		.uleb128 0x7
 686 0383 15100000 		.4byte	.LASF129
 687 0387 A3       		.byte	0xa3
 688 0388 07       		.uleb128 0x7
 689 0389 6B0E0000 		.4byte	.LASF130
 690 038d FD       		.byte	0xfd
 691 038e 07       		.uleb128 0x7
 692 038f 51100000 		.4byte	.LASF131
 693 0393 FE       		.byte	0xfe
 694 0394 07       		.uleb128 0x7
 695 0395 E30C0000 		.4byte	.LASF132
 696 0399 FF       		.byte	0xff
 697 039a 00       		.byte	0
 698 039b 04       		.uleb128 0x4
 699 039c E4120000 		.4byte	.LASF133
 700 03a0 04       		.byte	0x4
 701 03a1 8901     		.2byte	0x189
 702 03a3 77000000 		.4byte	0x77
 703 03a7 0A       		.uleb128 0xa
 704 03a8 02       		.byte	0x2
 705 03a9 04       		.byte	0x4
 706 03aa 9301     		.2byte	0x193
 707 03ac CB030000 		.4byte	0x3cb
 708 03b0 0B       		.uleb128 0xb
 709 03b1 4B120000 		.4byte	.LASF134
 710 03b5 04       		.byte	0x4
ARM GAS  C:\Users\Anthony\AppData\Local\Temp\ccVSYlam.s 			page 15


 711 03b6 9A01     		.2byte	0x19a
 712 03b8 6B000000 		.4byte	0x6b
 713 03bc 00       		.byte	0
 714 03bd 0B       		.uleb128 0xb
 715 03be 53090000 		.4byte	.LASF135
 716 03c2 04       		.byte	0x4
 717 03c3 A001     		.2byte	0x1a0
 718 03c5 6B000000 		.4byte	0x6b
 719 03c9 01       		.byte	0x1
 720 03ca 00       		.byte	0
 721 03cb 04       		.uleb128 0x4
 722 03cc 96000000 		.4byte	.LASF136
 723 03d0 04       		.byte	0x4
 724 03d1 A201     		.2byte	0x1a2
 725 03d3 A7030000 		.4byte	0x3a7
 726 03d7 0A       		.uleb128 0xa
 727 03d8 08       		.byte	0x8
 728 03d9 04       		.byte	0x4
 729 03da BE01     		.2byte	0x1be
 730 03dc 08040000 		.4byte	0x408
 731 03e0 0C       		.uleb128 0xc
 732 03e1 76616C00 		.ascii	"val\000"
 733 03e5 04       		.byte	0x4
 734 03e6 C101     		.2byte	0x1c1
 735 03e8 9E020000 		.4byte	0x29e
 736 03ec 00       		.byte	0
 737 03ed 0C       		.uleb128 0xc
 738 03ee 6C656E00 		.ascii	"len\000"
 739 03f2 04       		.byte	0x4
 740 03f3 C401     		.2byte	0x1c4
 741 03f5 77000000 		.4byte	0x77
 742 03f9 04       		.byte	0x4
 743 03fa 0B       		.uleb128 0xb
 744 03fb 37040000 		.4byte	.LASF137
 745 03ff 04       		.byte	0x4
 746 0400 CB01     		.2byte	0x1cb
 747 0402 77000000 		.4byte	0x77
 748 0406 06       		.byte	0x6
 749 0407 00       		.byte	0
 750 0408 04       		.uleb128 0x4
 751 0409 AA020000 		.4byte	.LASF138
 752 040d 04       		.byte	0x4
 753 040e CD01     		.2byte	0x1cd
 754 0410 D7030000 		.4byte	0x3d7
 755 0414 0A       		.uleb128 0xa
 756 0415 0C       		.byte	0xc
 757 0416 04       		.byte	0x4
 758 0417 D001     		.2byte	0x1d0
 759 0419 38040000 		.4byte	0x438
 760 041d 0B       		.uleb128 0xb
 761 041e 34060000 		.4byte	.LASF139
 762 0422 04       		.byte	0x4
 763 0423 D301     		.2byte	0x1d3
 764 0425 08040000 		.4byte	0x408
 765 0429 00       		.byte	0
 766 042a 0B       		.uleb128 0xb
 767 042b 05060000 		.4byte	.LASF140
ARM GAS  C:\Users\Anthony\AppData\Local\Temp\ccVSYlam.s 			page 16


 768 042f 04       		.byte	0x4
 769 0430 D601     		.2byte	0x1d6
 770 0432 9B030000 		.4byte	0x39b
 771 0436 08       		.byte	0x8
 772 0437 00       		.byte	0
 773 0438 04       		.uleb128 0x4
 774 0439 030C0000 		.4byte	.LASF141
 775 043d 04       		.byte	0x4
 776 043e D801     		.2byte	0x1d8
 777 0440 14040000 		.4byte	0x414
 778 0444 0D       		.uleb128 0xd
 779 0445 AA0A0000 		.4byte	.LASF142
 780 0449 05       		.byte	0x5
 781 044a 34       		.byte	0x34
 782 044b 38040000 		.4byte	0x438
 783 044f 0E       		.uleb128 0xe
 784 0450 10       		.byte	0x10
 785 0451 05       		.byte	0x5
 786 0452 8A       		.byte	0x8a
 787 0453 70040000 		.4byte	0x470
 788 0457 0F       		.uleb128 0xf
 789 0458 D3000000 		.4byte	.LASF143
 790 045c 05       		.byte	0x5
 791 045d 8D       		.byte	0x8d
 792 045e CB030000 		.4byte	0x3cb
 793 0462 00       		.byte	0
 794 0463 0F       		.uleb128 0xf
 795 0464 C4100000 		.4byte	.LASF144
 796 0468 05       		.byte	0x5
 797 0469 90       		.byte	0x90
 798 046a 38040000 		.4byte	0x438
 799 046e 04       		.byte	0x4
 800 046f 00       		.byte	0
 801 0470 0D       		.uleb128 0xd
 802 0471 8C0A0000 		.4byte	.LASF145
 803 0475 05       		.byte	0x5
 804 0476 92       		.byte	0x92
 805 0477 4F040000 		.4byte	0x44f
 806 047b 06       		.uleb128 0x6
 807 047c 01       		.byte	0x1
 808 047d 2C000000 		.4byte	0x2c
 809 0481 06       		.byte	0x6
 810 0482 5008     		.2byte	0x850
 811 0484 A7040000 		.4byte	0x4a7
 812 0488 07       		.uleb128 0x7
 813 0489 3F000000 		.4byte	.LASF146
 814 048d 00       		.byte	0
 815 048e 07       		.uleb128 0x7
 816 048f C90A0000 		.4byte	.LASF147
 817 0493 01       		.byte	0x1
 818 0494 07       		.uleb128 0x7
 819 0495 C0110000 		.4byte	.LASF148
 820 0499 02       		.byte	0x2
 821 049a 07       		.uleb128 0x7
 822 049b D3030000 		.4byte	.LASF149
 823 049f 03       		.byte	0x3
 824 04a0 07       		.uleb128 0x7
ARM GAS  C:\Users\Anthony\AppData\Local\Temp\ccVSYlam.s 			page 17


 825 04a1 AA040000 		.4byte	.LASF150
 826 04a5 04       		.byte	0x4
 827 04a6 00       		.byte	0
 828 04a7 04       		.uleb128 0x4
 829 04a8 50110000 		.4byte	.LASF151
 830 04ac 06       		.byte	0x6
 831 04ad 5E08     		.2byte	0x85e
 832 04af 7B040000 		.4byte	0x47b
 833 04b3 10       		.uleb128 0x10
 834 04b4 BA0D0000 		.4byte	.LASF154
 835 04b8 01       		.byte	0x1
 836 04b9 08       		.byte	0x8
 837 04ba 00000000 		.4byte	.LFB35
 838 04be 18000000 		.4byte	.LFE35-.LFB35
 839 04c2 01       		.uleb128 0x1
 840 04c3 9C       		.byte	0x9c
 841 04c4 FD040000 		.4byte	0x4fd
 842 04c8 11       		.uleb128 0x11
 843 04c9 76616C00 		.ascii	"val\000"
 844 04cd 01       		.byte	0x1
 845 04ce 08       		.byte	0x8
 846 04cf 6B000000 		.4byte	0x6b
 847 04d3 00000000 		.4byte	.LLST0
 848 04d7 12       		.uleb128 0x12
 849 04d8 D80C0000 		.4byte	.LASF152
 850 04dc 01       		.byte	0x1
 851 04dd 0A       		.byte	0xa
 852 04de 44040000 		.4byte	0x444
 853 04e2 12       		.uleb128 0x12
 854 04e3 1E0E0000 		.4byte	.LASF153
 855 04e7 01       		.byte	0x1
 856 04e8 10       		.byte	0x10
 857 04e9 6B000000 		.4byte	0x6b
 858 04ed 13       		.uleb128 0x13
 859 04ee 10000000 		.4byte	.LVL2
 860 04f2 74060000 		.4byte	0x674
 861 04f6 14       		.uleb128 0x14
 862 04f7 01       		.uleb128 0x1
 863 04f8 50       		.byte	0x50
 864 04f9 01       		.uleb128 0x1
 865 04fa 30       		.byte	0x30
 866 04fb 00       		.byte	0
 867 04fc 00       		.byte	0
 868 04fd 10       		.uleb128 0x10
 869 04fe 59060000 		.4byte	.LASF155
 870 0502 01       		.byte	0x1
 871 0503 1B       		.byte	0x1b
 872 0504 00000000 		.4byte	.LFB36
 873 0508 78000000 		.4byte	.LFE36-.LFB36
 874 050c 01       		.uleb128 0x1
 875 050d 9C       		.byte	0x9c
 876 050e DC050000 		.4byte	0x5dc
 877 0512 15       		.uleb128 0x15
 878 0513 C2070000 		.4byte	.LASF156
 879 0517 01       		.byte	0x1
 880 0518 1B       		.byte	0x1b
 881 0519 83000000 		.4byte	0x83
ARM GAS  C:\Users\Anthony\AppData\Local\Temp\ccVSYlam.s 			page 18


 882 051d 21000000 		.4byte	.LLST1
 883 0521 15       		.uleb128 0x15
 884 0522 45110000 		.4byte	.LASF157
 885 0526 01       		.byte	0x1
 886 0527 1B       		.byte	0x1b
 887 0528 B2000000 		.4byte	0xb2
 888 052c 74000000 		.4byte	.LLST2
 889 0530 16       		.uleb128 0x16
 890 0531 A0050000 		.4byte	.LASF176
 891 0535 01       		.byte	0x1
 892 0536 1D       		.byte	0x1d
 893 0537 DC050000 		.4byte	0x5dc
 894 053b CC000000 		.4byte	.LLST3
 895 053f 17       		.uleb128 0x17
 896 0540 20000000 		.4byte	.LVL5
 897 0544 7F060000 		.4byte	0x67f
 898 0548 52050000 		.4byte	0x552
 899 054c 14       		.uleb128 0x14
 900 054d 01       		.uleb128 0x1
 901 054e 50       		.byte	0x50
 902 054f 01       		.uleb128 0x1
 903 0550 30       		.byte	0x30
 904 0551 00       		.byte	0
 905 0552 18       		.uleb128 0x18
 906 0553 24000000 		.4byte	.LVL6
 907 0557 8B060000 		.4byte	0x68b
 908 055b 17       		.uleb128 0x17
 909 055c 2A000000 		.4byte	.LVL7
 910 0560 96060000 		.4byte	0x696
 911 0564 6E050000 		.4byte	0x56e
 912 0568 14       		.uleb128 0x14
 913 0569 01       		.uleb128 0x1
 914 056a 50       		.byte	0x50
 915 056b 01       		.uleb128 0x1
 916 056c 31       		.byte	0x31
 917 056d 00       		.byte	0
 918 056e 17       		.uleb128 0x17
 919 056f 30000000 		.4byte	.LVL8
 920 0573 B3040000 		.4byte	0x4b3
 921 0577 81050000 		.4byte	0x581
 922 057b 14       		.uleb128 0x14
 923 057c 01       		.uleb128 0x1
 924 057d 50       		.byte	0x50
 925 057e 01       		.uleb128 0x1
 926 057f 30       		.byte	0x30
 927 0580 00       		.byte	0
 928 0581 17       		.uleb128 0x17
 929 0582 38000000 		.4byte	.LVL11
 930 0586 B3040000 		.4byte	0x4b3
 931 058a 94050000 		.4byte	0x594
 932 058e 14       		.uleb128 0x14
 933 058f 01       		.uleb128 0x1
 934 0590 50       		.byte	0x50
 935 0591 01       		.uleb128 0x1
 936 0592 30       		.byte	0x30
 937 0593 00       		.byte	0
 938 0594 18       		.uleb128 0x18
ARM GAS  C:\Users\Anthony\AppData\Local\Temp\ccVSYlam.s 			page 19


 939 0595 3C000000 		.4byte	.LVL12
 940 0599 A1060000 		.4byte	0x6a1
 941 059d 17       		.uleb128 0x17
 942 059e 42000000 		.4byte	.LVL13
 943 05a2 96060000 		.4byte	0x696
 944 05a6 B0050000 		.4byte	0x5b0
 945 05aa 14       		.uleb128 0x14
 946 05ab 01       		.uleb128 0x1
 947 05ac 50       		.byte	0x50
 948 05ad 01       		.uleb128 0x1
 949 05ae 30       		.byte	0x30
 950 05af 00       		.byte	0
 951 05b0 17       		.uleb128 0x17
 952 05b1 56000000 		.4byte	.LVL17
 953 05b5 AC060000 		.4byte	0x6ac
 954 05b9 C9050000 		.4byte	0x5c9
 955 05bd 14       		.uleb128 0x14
 956 05be 01       		.uleb128 0x1
 957 05bf 50       		.byte	0x50
 958 05c0 02       		.uleb128 0x2
 959 05c1 74       		.byte	0x74
 960 05c2 04       		.sleb128 4
 961 05c3 14       		.uleb128 0x14
 962 05c4 01       		.uleb128 0x1
 963 05c5 51       		.byte	0x51
 964 05c6 01       		.uleb128 0x1
 965 05c7 30       		.byte	0x30
 966 05c8 00       		.byte	0
 967 05c9 18       		.uleb128 0x18
 968 05ca 62000000 		.4byte	.LVL18
 969 05ce 74060000 		.4byte	0x674
 970 05d2 18       		.uleb128 0x18
 971 05d3 70000000 		.4byte	.LVL19
 972 05d7 B8060000 		.4byte	0x6b8
 973 05db 00       		.byte	0
 974 05dc 08       		.uleb128 0x8
 975 05dd 04       		.byte	0x4
 976 05de 70040000 		.4byte	0x470
 977 05e2 19       		.uleb128 0x19
 978 05e3 A8120000 		.4byte	.LASF177
 979 05e7 01       		.byte	0x1
 980 05e8 4A       		.byte	0x4a
 981 05e9 5D000000 		.4byte	0x5d
 982 05ed 00000000 		.4byte	.LFB37
 983 05f1 2C000000 		.4byte	.LFE37-.LFB37
 984 05f5 01       		.uleb128 0x1
 985 05f6 9C       		.byte	0x9c
 986 05f7 5C060000 		.4byte	0x65c
 987 05fb 17       		.uleb128 0x17
 988 05fc 0A000000 		.4byte	.LVL21
 989 0600 C4060000 		.4byte	0x6c4
 990 0604 12060000 		.4byte	0x612
 991 0608 14       		.uleb128 0x14
 992 0609 01       		.uleb128 0x1
 993 060a 50       		.byte	0x50
 994 060b 05       		.uleb128 0x5
 995 060c 03       		.byte	0x3
ARM GAS  C:\Users\Anthony\AppData\Local\Temp\ccVSYlam.s 			page 20


 996 060d 00000000 		.4byte	BleCallBack
 997 0611 00       		.byte	0
 998 0612 17       		.uleb128 0x17
 999 0613 10000000 		.4byte	.LVL22
 1000 0617 D0060000 		.4byte	0x6d0
 1001 061b 26060000 		.4byte	0x626
 1002 061f 14       		.uleb128 0x14
 1003 0620 01       		.uleb128 0x1
 1004 0621 50       		.byte	0x50
 1005 0622 02       		.uleb128 0x2
 1006 0623 08       		.byte	0x8
 1007 0624 FF       		.byte	0xff
 1008 0625 00       		.byte	0
 1009 0626 18       		.uleb128 0x18
 1010 0627 14000000 		.4byte	.LVL23
 1011 062b DB060000 		.4byte	0x6db
 1012 062f 17       		.uleb128 0x17
 1013 0630 1A000000 		.4byte	.LVL24
 1014 0634 E6060000 		.4byte	0x6e6
 1015 0638 43060000 		.4byte	0x643
 1016 063c 14       		.uleb128 0x14
 1017 063d 01       		.uleb128 0x1
 1018 063e 50       		.byte	0x50
 1019 063f 02       		.uleb128 0x2
 1020 0640 08       		.byte	0x8
 1021 0641 FF       		.byte	0xff
 1022 0642 00       		.byte	0
 1023 0643 18       		.uleb128 0x18
 1024 0644 1E000000 		.4byte	.LVL25
 1025 0648 F1060000 		.4byte	0x6f1
 1026 064c 13       		.uleb128 0x13
 1027 064d 24000000 		.4byte	.LVL26
 1028 0651 FD060000 		.4byte	0x6fd
 1029 0655 14       		.uleb128 0x14
 1030 0656 01       		.uleb128 0x1
 1031 0657 50       		.byte	0x50
 1032 0658 01       		.uleb128 0x1
 1033 0659 33       		.byte	0x33
 1034 065a 00       		.byte	0
 1035 065b 00       		.byte	0
 1036 065c 1A       		.uleb128 0x1a
 1037 065d 21090000 		.4byte	.LASF158
 1038 0661 06       		.byte	0x6
 1039 0662 A90A     		.2byte	0xaa9
 1040 0664 A7040000 		.4byte	0x4a7
 1041 0668 1A       		.uleb128 0x1a
 1042 0669 FC0A0000 		.4byte	.LASF159
 1043 066d 06       		.byte	0x6
 1044 066e AA0A     		.2byte	0xaaa
 1045 0670 CB030000 		.4byte	0x3cb
 1046 0674 1B       		.uleb128 0x1b
 1047 0675 4A010000 		.4byte	.LASF160
 1048 0679 4A010000 		.4byte	.LASF160
 1049 067d 07       		.byte	0x7
 1050 067e C3       		.byte	0xc3
 1051 067f 1C       		.uleb128 0x1c
 1052 0680 BB0C0000 		.4byte	.LASF161
ARM GAS  C:\Users\Anthony\AppData\Local\Temp\ccVSYlam.s 			page 21


 1053 0684 BB0C0000 		.4byte	.LASF161
 1054 0688 08       		.byte	0x8
 1055 0689 8002     		.2byte	0x280
 1056 068b 1B       		.uleb128 0x1b
 1057 068c 47100000 		.4byte	.LASF162
 1058 0690 47100000 		.4byte	.LASF162
 1059 0694 09       		.byte	0x9
 1060 0695 92       		.byte	0x92
 1061 0696 1B       		.uleb128 0x1b
 1062 0697 74090000 		.4byte	.LASF163
 1063 069b 74090000 		.4byte	.LASF163
 1064 069f 0A       		.byte	0xa
 1065 06a0 33       		.byte	0x33
 1066 06a1 1B       		.uleb128 0x1b
 1067 06a2 E1090000 		.4byte	.LASF164
 1068 06a6 E1090000 		.4byte	.LASF164
 1069 06aa 09       		.byte	0x9
 1070 06ab 93       		.byte	0x93
 1071 06ac 1C       		.uleb128 0x1c
 1072 06ad 3A060000 		.4byte	.LASF165
 1073 06b1 3A060000 		.4byte	.LASF165
 1074 06b5 0B       		.byte	0xb
 1075 06b6 7E01     		.2byte	0x17e
 1076 06b8 1C       		.uleb128 0x1c
 1077 06b9 D6110000 		.4byte	.LASF166
 1078 06bd D6110000 		.4byte	.LASF166
 1079 06c1 05       		.byte	0x5
 1080 06c2 C201     		.2byte	0x1c2
 1081 06c4 1C       		.uleb128 0x1c
 1082 06c5 F5080000 		.4byte	.LASF167
 1083 06c9 F5080000 		.4byte	.LASF167
 1084 06cd 08       		.byte	0x8
 1085 06ce 7002     		.2byte	0x270
 1086 06d0 1B       		.uleb128 0x1b
 1087 06d1 37100000 		.4byte	.LASF168
 1088 06d5 37100000 		.4byte	.LASF168
 1089 06d9 0C       		.byte	0xc
 1090 06da 1D       		.byte	0x1d
 1091 06db 1B       		.uleb128 0x1b
 1092 06dc 880D0000 		.4byte	.LASF169
 1093 06e0 880D0000 		.4byte	.LASF169
 1094 06e4 07       		.byte	0x7
 1095 06e5 92       		.byte	0x92
 1096 06e6 1B       		.uleb128 0x1b
 1097 06e7 54120000 		.4byte	.LASF170
 1098 06eb 54120000 		.4byte	.LASF170
 1099 06ef 0D       		.byte	0xd
 1100 06f0 1D       		.byte	0x1d
 1101 06f1 1C       		.uleb128 0x1c
 1102 06f2 38080000 		.4byte	.LASF171
 1103 06f6 38080000 		.4byte	.LASF171
 1104 06fa 03       		.byte	0x3
 1105 06fb E107     		.2byte	0x7e1
 1106 06fd 1C       		.uleb128 0x1c
 1107 06fe D2090000 		.4byte	.LASF172
 1108 0702 D2090000 		.4byte	.LASF172
 1109 0706 03       		.byte	0x3
ARM GAS  C:\Users\Anthony\AppData\Local\Temp\ccVSYlam.s 			page 22


 1110 0707 AA07     		.2byte	0x7aa
 1111 0709 00       		.byte	0
 1112              		.section	.debug_abbrev,"",%progbits
 1113              	.Ldebug_abbrev0:
 1114 0000 01       		.uleb128 0x1
 1115 0001 11       		.uleb128 0x11
 1116 0002 01       		.byte	0x1
 1117 0003 25       		.uleb128 0x25
 1118 0004 0E       		.uleb128 0xe
 1119 0005 13       		.uleb128 0x13
 1120 0006 0B       		.uleb128 0xb
 1121 0007 03       		.uleb128 0x3
 1122 0008 0E       		.uleb128 0xe
 1123 0009 1B       		.uleb128 0x1b
 1124 000a 0E       		.uleb128 0xe
 1125 000b 55       		.uleb128 0x55
 1126 000c 17       		.uleb128 0x17
 1127 000d 11       		.uleb128 0x11
 1128 000e 01       		.uleb128 0x1
 1129 000f 10       		.uleb128 0x10
 1130 0010 17       		.uleb128 0x17
 1131 0011 00       		.byte	0
 1132 0012 00       		.byte	0
 1133 0013 02       		.uleb128 0x2
 1134 0014 24       		.uleb128 0x24
 1135 0015 00       		.byte	0
 1136 0016 0B       		.uleb128 0xb
 1137 0017 0B       		.uleb128 0xb
 1138 0018 3E       		.uleb128 0x3e
 1139 0019 0B       		.uleb128 0xb
 1140 001a 03       		.uleb128 0x3
 1141 001b 0E       		.uleb128 0xe
 1142 001c 00       		.byte	0
 1143 001d 00       		.byte	0
 1144 001e 03       		.uleb128 0x3
 1145 001f 24       		.uleb128 0x24
 1146 0020 00       		.byte	0
 1147 0021 0B       		.uleb128 0xb
 1148 0022 0B       		.uleb128 0xb
 1149 0023 3E       		.uleb128 0x3e
 1150 0024 0B       		.uleb128 0xb
 1151 0025 03       		.uleb128 0x3
 1152 0026 08       		.uleb128 0x8
 1153 0027 00       		.byte	0
 1154 0028 00       		.byte	0
 1155 0029 04       		.uleb128 0x4
 1156 002a 16       		.uleb128 0x16
 1157 002b 00       		.byte	0
 1158 002c 03       		.uleb128 0x3
 1159 002d 0E       		.uleb128 0xe
 1160 002e 3A       		.uleb128 0x3a
 1161 002f 0B       		.uleb128 0xb
 1162 0030 3B       		.uleb128 0x3b
 1163 0031 05       		.uleb128 0x5
 1164 0032 49       		.uleb128 0x49
 1165 0033 13       		.uleb128 0x13
 1166 0034 00       		.byte	0
ARM GAS  C:\Users\Anthony\AppData\Local\Temp\ccVSYlam.s 			page 23


 1167 0035 00       		.byte	0
 1168 0036 05       		.uleb128 0x5
 1169 0037 0F       		.uleb128 0xf
 1170 0038 00       		.byte	0
 1171 0039 0B       		.uleb128 0xb
 1172 003a 0B       		.uleb128 0xb
 1173 003b 00       		.byte	0
 1174 003c 00       		.byte	0
 1175 003d 06       		.uleb128 0x6
 1176 003e 04       		.uleb128 0x4
 1177 003f 01       		.byte	0x1
 1178 0040 0B       		.uleb128 0xb
 1179 0041 0B       		.uleb128 0xb
 1180 0042 49       		.uleb128 0x49
 1181 0043 13       		.uleb128 0x13
 1182 0044 3A       		.uleb128 0x3a
 1183 0045 0B       		.uleb128 0xb
 1184 0046 3B       		.uleb128 0x3b
 1185 0047 05       		.uleb128 0x5
 1186 0048 01       		.uleb128 0x1
 1187 0049 13       		.uleb128 0x13
 1188 004a 00       		.byte	0
 1189 004b 00       		.byte	0
 1190 004c 07       		.uleb128 0x7
 1191 004d 28       		.uleb128 0x28
 1192 004e 00       		.byte	0
 1193 004f 03       		.uleb128 0x3
 1194 0050 0E       		.uleb128 0xe
 1195 0051 1C       		.uleb128 0x1c
 1196 0052 0B       		.uleb128 0xb
 1197 0053 00       		.byte	0
 1198 0054 00       		.byte	0
 1199 0055 08       		.uleb128 0x8
 1200 0056 0F       		.uleb128 0xf
 1201 0057 00       		.byte	0
 1202 0058 0B       		.uleb128 0xb
 1203 0059 0B       		.uleb128 0xb
 1204 005a 49       		.uleb128 0x49
 1205 005b 13       		.uleb128 0x13
 1206 005c 00       		.byte	0
 1207 005d 00       		.byte	0
 1208 005e 09       		.uleb128 0x9
 1209 005f 04       		.uleb128 0x4
 1210 0060 01       		.byte	0x1
 1211 0061 0B       		.uleb128 0xb
 1212 0062 0B       		.uleb128 0xb
 1213 0063 49       		.uleb128 0x49
 1214 0064 13       		.uleb128 0x13
 1215 0065 3A       		.uleb128 0x3a
 1216 0066 0B       		.uleb128 0xb
 1217 0067 3B       		.uleb128 0x3b
 1218 0068 0B       		.uleb128 0xb
 1219 0069 01       		.uleb128 0x1
 1220 006a 13       		.uleb128 0x13
 1221 006b 00       		.byte	0
 1222 006c 00       		.byte	0
 1223 006d 0A       		.uleb128 0xa
ARM GAS  C:\Users\Anthony\AppData\Local\Temp\ccVSYlam.s 			page 24


 1224 006e 13       		.uleb128 0x13
 1225 006f 01       		.byte	0x1
 1226 0070 0B       		.uleb128 0xb
 1227 0071 0B       		.uleb128 0xb
 1228 0072 3A       		.uleb128 0x3a
 1229 0073 0B       		.uleb128 0xb
 1230 0074 3B       		.uleb128 0x3b
 1231 0075 05       		.uleb128 0x5
 1232 0076 01       		.uleb128 0x1
 1233 0077 13       		.uleb128 0x13
 1234 0078 00       		.byte	0
 1235 0079 00       		.byte	0
 1236 007a 0B       		.uleb128 0xb
 1237 007b 0D       		.uleb128 0xd
 1238 007c 00       		.byte	0
 1239 007d 03       		.uleb128 0x3
 1240 007e 0E       		.uleb128 0xe
 1241 007f 3A       		.uleb128 0x3a
 1242 0080 0B       		.uleb128 0xb
 1243 0081 3B       		.uleb128 0x3b
 1244 0082 05       		.uleb128 0x5
 1245 0083 49       		.uleb128 0x49
 1246 0084 13       		.uleb128 0x13
 1247 0085 38       		.uleb128 0x38
 1248 0086 0B       		.uleb128 0xb
 1249 0087 00       		.byte	0
 1250 0088 00       		.byte	0
 1251 0089 0C       		.uleb128 0xc
 1252 008a 0D       		.uleb128 0xd
 1253 008b 00       		.byte	0
 1254 008c 03       		.uleb128 0x3
 1255 008d 08       		.uleb128 0x8
 1256 008e 3A       		.uleb128 0x3a
 1257 008f 0B       		.uleb128 0xb
 1258 0090 3B       		.uleb128 0x3b
 1259 0091 05       		.uleb128 0x5
 1260 0092 49       		.uleb128 0x49
 1261 0093 13       		.uleb128 0x13
 1262 0094 38       		.uleb128 0x38
 1263 0095 0B       		.uleb128 0xb
 1264 0096 00       		.byte	0
 1265 0097 00       		.byte	0
 1266 0098 0D       		.uleb128 0xd
 1267 0099 16       		.uleb128 0x16
 1268 009a 00       		.byte	0
 1269 009b 03       		.uleb128 0x3
 1270 009c 0E       		.uleb128 0xe
 1271 009d 3A       		.uleb128 0x3a
 1272 009e 0B       		.uleb128 0xb
 1273 009f 3B       		.uleb128 0x3b
 1274 00a0 0B       		.uleb128 0xb
 1275 00a1 49       		.uleb128 0x49
 1276 00a2 13       		.uleb128 0x13
 1277 00a3 00       		.byte	0
 1278 00a4 00       		.byte	0
 1279 00a5 0E       		.uleb128 0xe
 1280 00a6 13       		.uleb128 0x13
ARM GAS  C:\Users\Anthony\AppData\Local\Temp\ccVSYlam.s 			page 25


 1281 00a7 01       		.byte	0x1
 1282 00a8 0B       		.uleb128 0xb
 1283 00a9 0B       		.uleb128 0xb
 1284 00aa 3A       		.uleb128 0x3a
 1285 00ab 0B       		.uleb128 0xb
 1286 00ac 3B       		.uleb128 0x3b
 1287 00ad 0B       		.uleb128 0xb
 1288 00ae 01       		.uleb128 0x1
 1289 00af 13       		.uleb128 0x13
 1290 00b0 00       		.byte	0
 1291 00b1 00       		.byte	0
 1292 00b2 0F       		.uleb128 0xf
 1293 00b3 0D       		.uleb128 0xd
 1294 00b4 00       		.byte	0
 1295 00b5 03       		.uleb128 0x3
 1296 00b6 0E       		.uleb128 0xe
 1297 00b7 3A       		.uleb128 0x3a
 1298 00b8 0B       		.uleb128 0xb
 1299 00b9 3B       		.uleb128 0x3b
 1300 00ba 0B       		.uleb128 0xb
 1301 00bb 49       		.uleb128 0x49
 1302 00bc 13       		.uleb128 0x13
 1303 00bd 38       		.uleb128 0x38
 1304 00be 0B       		.uleb128 0xb
 1305 00bf 00       		.byte	0
 1306 00c0 00       		.byte	0
 1307 00c1 10       		.uleb128 0x10
 1308 00c2 2E       		.uleb128 0x2e
 1309 00c3 01       		.byte	0x1
 1310 00c4 3F       		.uleb128 0x3f
 1311 00c5 19       		.uleb128 0x19
 1312 00c6 03       		.uleb128 0x3
 1313 00c7 0E       		.uleb128 0xe
 1314 00c8 3A       		.uleb128 0x3a
 1315 00c9 0B       		.uleb128 0xb
 1316 00ca 3B       		.uleb128 0x3b
 1317 00cb 0B       		.uleb128 0xb
 1318 00cc 27       		.uleb128 0x27
 1319 00cd 19       		.uleb128 0x19
 1320 00ce 11       		.uleb128 0x11
 1321 00cf 01       		.uleb128 0x1
 1322 00d0 12       		.uleb128 0x12
 1323 00d1 06       		.uleb128 0x6
 1324 00d2 40       		.uleb128 0x40
 1325 00d3 18       		.uleb128 0x18
 1326 00d4 9742     		.uleb128 0x2117
 1327 00d6 19       		.uleb128 0x19
 1328 00d7 01       		.uleb128 0x1
 1329 00d8 13       		.uleb128 0x13
 1330 00d9 00       		.byte	0
 1331 00da 00       		.byte	0
 1332 00db 11       		.uleb128 0x11
 1333 00dc 05       		.uleb128 0x5
 1334 00dd 00       		.byte	0
 1335 00de 03       		.uleb128 0x3
 1336 00df 08       		.uleb128 0x8
 1337 00e0 3A       		.uleb128 0x3a
ARM GAS  C:\Users\Anthony\AppData\Local\Temp\ccVSYlam.s 			page 26


 1338 00e1 0B       		.uleb128 0xb
 1339 00e2 3B       		.uleb128 0x3b
 1340 00e3 0B       		.uleb128 0xb
 1341 00e4 49       		.uleb128 0x49
 1342 00e5 13       		.uleb128 0x13
 1343 00e6 02       		.uleb128 0x2
 1344 00e7 17       		.uleb128 0x17
 1345 00e8 00       		.byte	0
 1346 00e9 00       		.byte	0
 1347 00ea 12       		.uleb128 0x12
 1348 00eb 34       		.uleb128 0x34
 1349 00ec 00       		.byte	0
 1350 00ed 03       		.uleb128 0x3
 1351 00ee 0E       		.uleb128 0xe
 1352 00ef 3A       		.uleb128 0x3a
 1353 00f0 0B       		.uleb128 0xb
 1354 00f1 3B       		.uleb128 0x3b
 1355 00f2 0B       		.uleb128 0xb
 1356 00f3 49       		.uleb128 0x49
 1357 00f4 13       		.uleb128 0x13
 1358 00f5 00       		.byte	0
 1359 00f6 00       		.byte	0
 1360 00f7 13       		.uleb128 0x13
 1361 00f8 898201   		.uleb128 0x4109
 1362 00fb 01       		.byte	0x1
 1363 00fc 11       		.uleb128 0x11
 1364 00fd 01       		.uleb128 0x1
 1365 00fe 31       		.uleb128 0x31
 1366 00ff 13       		.uleb128 0x13
 1367 0100 00       		.byte	0
 1368 0101 00       		.byte	0
 1369 0102 14       		.uleb128 0x14
 1370 0103 8A8201   		.uleb128 0x410a
 1371 0106 00       		.byte	0
 1372 0107 02       		.uleb128 0x2
 1373 0108 18       		.uleb128 0x18
 1374 0109 9142     		.uleb128 0x2111
 1375 010b 18       		.uleb128 0x18
 1376 010c 00       		.byte	0
 1377 010d 00       		.byte	0
 1378 010e 15       		.uleb128 0x15
 1379 010f 05       		.uleb128 0x5
 1380 0110 00       		.byte	0
 1381 0111 03       		.uleb128 0x3
 1382 0112 0E       		.uleb128 0xe
 1383 0113 3A       		.uleb128 0x3a
 1384 0114 0B       		.uleb128 0xb
 1385 0115 3B       		.uleb128 0x3b
 1386 0116 0B       		.uleb128 0xb
 1387 0117 49       		.uleb128 0x49
 1388 0118 13       		.uleb128 0x13
 1389 0119 02       		.uleb128 0x2
 1390 011a 17       		.uleb128 0x17
 1391 011b 00       		.byte	0
 1392 011c 00       		.byte	0
 1393 011d 16       		.uleb128 0x16
 1394 011e 34       		.uleb128 0x34
ARM GAS  C:\Users\Anthony\AppData\Local\Temp\ccVSYlam.s 			page 27


 1395 011f 00       		.byte	0
 1396 0120 03       		.uleb128 0x3
 1397 0121 0E       		.uleb128 0xe
 1398 0122 3A       		.uleb128 0x3a
 1399 0123 0B       		.uleb128 0xb
 1400 0124 3B       		.uleb128 0x3b
 1401 0125 0B       		.uleb128 0xb
 1402 0126 49       		.uleb128 0x49
 1403 0127 13       		.uleb128 0x13
 1404 0128 02       		.uleb128 0x2
 1405 0129 17       		.uleb128 0x17
 1406 012a 00       		.byte	0
 1407 012b 00       		.byte	0
 1408 012c 17       		.uleb128 0x17
 1409 012d 898201   		.uleb128 0x4109
 1410 0130 01       		.byte	0x1
 1411 0131 11       		.uleb128 0x11
 1412 0132 01       		.uleb128 0x1
 1413 0133 31       		.uleb128 0x31
 1414 0134 13       		.uleb128 0x13
 1415 0135 01       		.uleb128 0x1
 1416 0136 13       		.uleb128 0x13
 1417 0137 00       		.byte	0
 1418 0138 00       		.byte	0
 1419 0139 18       		.uleb128 0x18
 1420 013a 898201   		.uleb128 0x4109
 1421 013d 00       		.byte	0
 1422 013e 11       		.uleb128 0x11
 1423 013f 01       		.uleb128 0x1
 1424 0140 31       		.uleb128 0x31
 1425 0141 13       		.uleb128 0x13
 1426 0142 00       		.byte	0
 1427 0143 00       		.byte	0
 1428 0144 19       		.uleb128 0x19
 1429 0145 2E       		.uleb128 0x2e
 1430 0146 01       		.byte	0x1
 1431 0147 3F       		.uleb128 0x3f
 1432 0148 19       		.uleb128 0x19
 1433 0149 03       		.uleb128 0x3
 1434 014a 0E       		.uleb128 0xe
 1435 014b 3A       		.uleb128 0x3a
 1436 014c 0B       		.uleb128 0xb
 1437 014d 3B       		.uleb128 0x3b
 1438 014e 0B       		.uleb128 0xb
 1439 014f 49       		.uleb128 0x49
 1440 0150 13       		.uleb128 0x13
 1441 0151 8701     		.uleb128 0x87
 1442 0153 19       		.uleb128 0x19
 1443 0154 11       		.uleb128 0x11
 1444 0155 01       		.uleb128 0x1
 1445 0156 12       		.uleb128 0x12
 1446 0157 06       		.uleb128 0x6
 1447 0158 40       		.uleb128 0x40
 1448 0159 18       		.uleb128 0x18
 1449 015a 9742     		.uleb128 0x2117
 1450 015c 19       		.uleb128 0x19
 1451 015d 01       		.uleb128 0x1
ARM GAS  C:\Users\Anthony\AppData\Local\Temp\ccVSYlam.s 			page 28


 1452 015e 13       		.uleb128 0x13
 1453 015f 00       		.byte	0
 1454 0160 00       		.byte	0
 1455 0161 1A       		.uleb128 0x1a
 1456 0162 34       		.uleb128 0x34
 1457 0163 00       		.byte	0
 1458 0164 03       		.uleb128 0x3
 1459 0165 0E       		.uleb128 0xe
 1460 0166 3A       		.uleb128 0x3a
 1461 0167 0B       		.uleb128 0xb
 1462 0168 3B       		.uleb128 0x3b
 1463 0169 05       		.uleb128 0x5
 1464 016a 49       		.uleb128 0x49
 1465 016b 13       		.uleb128 0x13
 1466 016c 3F       		.uleb128 0x3f
 1467 016d 19       		.uleb128 0x19
 1468 016e 3C       		.uleb128 0x3c
 1469 016f 19       		.uleb128 0x19
 1470 0170 00       		.byte	0
 1471 0171 00       		.byte	0
 1472 0172 1B       		.uleb128 0x1b
 1473 0173 2E       		.uleb128 0x2e
 1474 0174 00       		.byte	0
 1475 0175 3F       		.uleb128 0x3f
 1476 0176 19       		.uleb128 0x19
 1477 0177 3C       		.uleb128 0x3c
 1478 0178 19       		.uleb128 0x19
 1479 0179 6E       		.uleb128 0x6e
 1480 017a 0E       		.uleb128 0xe
 1481 017b 03       		.uleb128 0x3
 1482 017c 0E       		.uleb128 0xe
 1483 017d 3A       		.uleb128 0x3a
 1484 017e 0B       		.uleb128 0xb
 1485 017f 3B       		.uleb128 0x3b
 1486 0180 0B       		.uleb128 0xb
 1487 0181 00       		.byte	0
 1488 0182 00       		.byte	0
 1489 0183 1C       		.uleb128 0x1c
 1490 0184 2E       		.uleb128 0x2e
 1491 0185 00       		.byte	0
 1492 0186 3F       		.uleb128 0x3f
 1493 0187 19       		.uleb128 0x19
 1494 0188 3C       		.uleb128 0x3c
 1495 0189 19       		.uleb128 0x19
 1496 018a 6E       		.uleb128 0x6e
 1497 018b 0E       		.uleb128 0xe
 1498 018c 03       		.uleb128 0x3
 1499 018d 0E       		.uleb128 0xe
 1500 018e 3A       		.uleb128 0x3a
 1501 018f 0B       		.uleb128 0xb
 1502 0190 3B       		.uleb128 0x3b
 1503 0191 05       		.uleb128 0x5
 1504 0192 00       		.byte	0
 1505 0193 00       		.byte	0
 1506 0194 00       		.byte	0
 1507              		.section	.debug_loc,"",%progbits
 1508              	.Ldebug_loc0:
ARM GAS  C:\Users\Anthony\AppData\Local\Temp\ccVSYlam.s 			page 29


 1509              	.LLST0:
 1510 0000 00000000 		.4byte	.LVL0
 1511 0004 0C000000 		.4byte	.LVL1
 1512 0008 0100     		.2byte	0x1
 1513 000a 50       		.byte	0x50
 1514 000b 0C000000 		.4byte	.LVL1
 1515 000f 18000000 		.4byte	.LFE35
 1516 0013 0400     		.2byte	0x4
 1517 0015 F3       		.byte	0xf3
 1518 0016 01       		.uleb128 0x1
 1519 0017 50       		.byte	0x50
 1520 0018 9F       		.byte	0x9f
 1521 0019 00000000 		.4byte	0
 1522 001d 00000000 		.4byte	0
 1523              	.LLST1:
 1524 0021 00000000 		.4byte	.LVL3
 1525 0025 1C000000 		.4byte	.LVL4
 1526 0029 0100     		.2byte	0x1
 1527 002b 50       		.byte	0x50
 1528 002c 1C000000 		.4byte	.LVL4
 1529 0030 32000000 		.4byte	.LVL9
 1530 0034 0400     		.2byte	0x4
 1531 0036 F3       		.byte	0xf3
 1532 0037 01       		.uleb128 0x1
 1533 0038 50       		.byte	0x50
 1534 0039 9F       		.byte	0x9f
 1535 003a 32000000 		.4byte	.LVL9
 1536 003e 34000000 		.4byte	.LVL10
 1537 0042 0100     		.2byte	0x1
 1538 0044 50       		.byte	0x50
 1539 0045 34000000 		.4byte	.LVL10
 1540 0049 44000000 		.4byte	.LVL14
 1541 004d 0400     		.2byte	0x4
 1542 004f F3       		.byte	0xf3
 1543 0050 01       		.uleb128 0x1
 1544 0051 50       		.byte	0x50
 1545 0052 9F       		.byte	0x9f
 1546 0053 44000000 		.4byte	.LVL14
 1547 0057 4C000000 		.4byte	.LVL15
 1548 005b 0100     		.2byte	0x1
 1549 005d 50       		.byte	0x50
 1550 005e 4C000000 		.4byte	.LVL15
 1551 0062 78000000 		.4byte	.LFE36
 1552 0066 0400     		.2byte	0x4
 1553 0068 F3       		.byte	0xf3
 1554 0069 01       		.uleb128 0x1
 1555 006a 50       		.byte	0x50
 1556 006b 9F       		.byte	0x9f
 1557 006c 00000000 		.4byte	0
 1558 0070 00000000 		.4byte	0
 1559              	.LLST2:
 1560 0074 00000000 		.4byte	.LVL3
 1561 0078 1F000000 		.4byte	.LVL5-1
 1562 007c 0100     		.2byte	0x1
 1563 007e 51       		.byte	0x51
 1564 007f 1F000000 		.4byte	.LVL5-1
 1565 0083 32000000 		.4byte	.LVL9
ARM GAS  C:\Users\Anthony\AppData\Local\Temp\ccVSYlam.s 			page 30


 1566 0087 0100     		.2byte	0x1
 1567 0089 54       		.byte	0x54
 1568 008a 32000000 		.4byte	.LVL9
 1569 008e 37000000 		.4byte	.LVL11-1
 1570 0092 0100     		.2byte	0x1
 1571 0094 51       		.byte	0x51
 1572 0095 37000000 		.4byte	.LVL11-1
 1573 0099 44000000 		.4byte	.LVL14
 1574 009d 0100     		.2byte	0x1
 1575 009f 54       		.byte	0x54
 1576 00a0 44000000 		.4byte	.LVL14
 1577 00a4 52000000 		.4byte	.LVL16
 1578 00a8 0100     		.2byte	0x1
 1579 00aa 51       		.byte	0x51
 1580 00ab 52000000 		.4byte	.LVL16
 1581 00af 70000000 		.4byte	.LVL20
 1582 00b3 0100     		.2byte	0x1
 1583 00b5 54       		.byte	0x54
 1584 00b6 70000000 		.4byte	.LVL20
 1585 00ba 78000000 		.4byte	.LFE36
 1586 00be 0400     		.2byte	0x4
 1587 00c0 F3       		.byte	0xf3
 1588 00c1 01       		.uleb128 0x1
 1589 00c2 51       		.byte	0x51
 1590 00c3 9F       		.byte	0x9f
 1591 00c4 00000000 		.4byte	0
 1592 00c8 00000000 		.4byte	0
 1593              	.LLST3:
 1594 00cc 44000000 		.4byte	.LVL14
 1595 00d0 52000000 		.4byte	.LVL16
 1596 00d4 0100     		.2byte	0x1
 1597 00d6 51       		.byte	0x51
 1598 00d7 52000000 		.4byte	.LVL16
 1599 00db 70000000 		.4byte	.LVL19
 1600 00df 0100     		.2byte	0x1
 1601 00e1 54       		.byte	0x54
 1602 00e2 00000000 		.4byte	0
 1603 00e6 00000000 		.4byte	0
 1604              		.section	.debug_aranges,"",%progbits
 1605 0000 2C000000 		.4byte	0x2c
 1606 0004 0200     		.2byte	0x2
 1607 0006 00000000 		.4byte	.Ldebug_info0
 1608 000a 04       		.byte	0x4
 1609 000b 00       		.byte	0
 1610 000c 0000     		.2byte	0
 1611 000e 0000     		.2byte	0
 1612 0010 00000000 		.4byte	.LFB35
 1613 0014 18000000 		.4byte	.LFE35-.LFB35
 1614 0018 00000000 		.4byte	.LFB36
 1615 001c 78000000 		.4byte	.LFE36-.LFB36
 1616 0020 00000000 		.4byte	.LFB37
 1617 0024 2C000000 		.4byte	.LFE37-.LFB37
 1618 0028 00000000 		.4byte	0
 1619 002c 00000000 		.4byte	0
 1620              		.section	.debug_ranges,"",%progbits
 1621              	.Ldebug_ranges0:
 1622 0000 00000000 		.4byte	.LFB35
ARM GAS  C:\Users\Anthony\AppData\Local\Temp\ccVSYlam.s 			page 31


 1623 0004 18000000 		.4byte	.LFE35
 1624 0008 00000000 		.4byte	.LFB36
 1625 000c 78000000 		.4byte	.LFE36
 1626 0010 00000000 		.4byte	.LFB37
 1627 0014 2C000000 		.4byte	.LFE37
 1628 0018 00000000 		.4byte	0
 1629 001c 00000000 		.4byte	0
 1630              		.section	.debug_line,"",%progbits
 1631              	.Ldebug_line0:
 1632 0000 42010000 		.section	.debug_str,"MS",%progbits,1
 1632      0200ED00 
 1632      00000201 
 1632      FB0E0D00 
 1632      01010101 
 1633              	.LASF81:
 1634 0000 4359424C 		.ascii	"CYBLE_EVT_L2CAP_CBFC_RX_CREDIT_IND\000"
 1634      455F4556 
 1634      545F4C32 
 1634      4341505F 
 1634      43424643 
 1635              	.LASF22:
 1636 0023 4359424C 		.ascii	"CYBLE_EVT_STACK_BUSY_STATUS\000"
 1636      455F4556 
 1636      545F5354 
 1636      41434B5F 
 1636      42555359 
 1637              	.LASF146:
 1638 003f 4359424C 		.ascii	"CYBLE_STATE_STOPPED\000"
 1638      455F5354 
 1638      4154455F 
 1638      53544F50 
 1638      50454400 
 1639              	.LASF123:
 1640 0053 4359424C 		.ascii	"CYBLE_GATTS_ERR_HPS_INVALID_REQUEST\000"
 1640      455F4741 
 1640      5454535F 
 1640      4552525F 
 1640      4850535F 
 1641              	.LASF80:
 1642 0077 4359424C 		.ascii	"CYBLE_EVT_L2CAP_CBFC_DATA_READ\000"
 1642      455F4556 
 1642      545F4C32 
 1642      4341505F 
 1642      43424643 
 1643              	.LASF136:
 1644 0096 4359424C 		.ascii	"CYBLE_CONN_HANDLE_T\000"
 1644      455F434F 
 1644      4E4E5F48 
 1644      414E444C 
 1644      455F5400 
 1645              	.LASF106:
 1646 00aa 4359424C 		.ascii	"CYBLE_GATT_ERR_INSUFFICIENT_ENC_KEY_SIZE\000"
 1646      455F4741 
 1646      54545F45 
 1646      52525F49 
 1646      4E535546 
 1647              	.LASF143:
ARM GAS  C:\Users\Anthony\AppData\Local\Temp\ccVSYlam.s 			page 32


 1648 00d3 636F6E6E 		.ascii	"connHandle\000"
 1648      48616E64 
 1648      6C6500
 1649              	.LASF100:
 1650 00de 4359424C 		.ascii	"CYBLE_GATT_ERR_REQUEST_NOT_SUPPORTED\000"
 1650      455F4741 
 1650      54545F45 
 1650      52525F52 
 1650      45515545 
 1651              	.LASF95:
 1652 0103 4359424C 		.ascii	"CYBLE_GATT_ERR_INVALID_HANDLE\000"
 1652      455F4741 
 1652      54545F45 
 1652      52525F49 
 1652      4E56414C 
 1653              	.LASF34:
 1654 0121 4359424C 		.ascii	"CYBLE_EVT_GAP_CONNECTION_UPDATE_COMPLETE\000"
 1654      455F4556 
 1654      545F4741 
 1654      505F434F 
 1654      4E4E4543 
 1655              	.LASF160:
 1656 014a 636F6E74 		.ascii	"controlPWM_WriteCompare\000"
 1656      726F6C50 
 1656      574D5F57 
 1656      72697465 
 1656      436F6D70 
 1657              	.LASF79:
 1658 0162 4359424C 		.ascii	"CYBLE_EVT_L2CAP_CBFC_DISCONN_CNF\000"
 1658      455F4556 
 1658      545F4C32 
 1658      4341505F 
 1658      43424643 
 1659              	.LASF39:
 1660 0183 4359424C 		.ascii	"CYBLE_EVT_GAP_OOB_GENERATED_NOTIFICATION\000"
 1660      455F4556 
 1660      545F4741 
 1660      505F4F4F 
 1660      425F4745 
 1661              	.LASF59:
 1662 01ac 4359424C 		.ascii	"CYBLE_EVT_GATTC_READ_MULTI_RSP\000"
 1662      455F4556 
 1662      545F4741 
 1662      5454435F 
 1662      52454144 
 1663              	.LASF64:
 1664 01cb 4359424C 		.ascii	"CYBLE_EVT_GATTS_EXEC_WRITE_REQ\000"
 1664      455F4556 
 1664      545F4741 
 1664      5454535F 
 1664      45584543 
 1665              	.LASF19:
 1666 01ea 4359424C 		.ascii	"CYBLE_EVT_TIMEOUT\000"
 1666      455F4556 
 1666      545F5449 
 1666      4D454F55 
 1666      5400
ARM GAS  C:\Users\Anthony\AppData\Local\Temp\ccVSYlam.s 			page 33


 1667              	.LASF4:
 1668 01fc 6C6F6E67 		.ascii	"long int\000"
 1668      20696E74 
 1668      00
 1669              	.LASF173:
 1670 0205 474E5520 		.ascii	"GNU C11 5.4.1 20160609 (release) [ARM/embedded-5-br"
 1670      43313120 
 1670      352E342E 
 1670      31203230 
 1670      31363036 
 1671 0238 616E6368 		.ascii	"anch revision 237715] -mcpu=cortex-m0 -mthumb -g -O"
 1671      20726576 
 1671      6973696F 
 1671      6E203233 
 1671      37373135 
 1672 026b 67202D66 		.ascii	"g -ffunction-sections -ffat-lto-objects\000"
 1672      66756E63 
 1672      74696F6E 
 1672      2D736563 
 1672      74696F6E 
 1673              	.LASF7:
 1674 0293 6C6F6E67 		.ascii	"long long unsigned int\000"
 1674      206C6F6E 
 1674      6720756E 
 1674      7369676E 
 1674      65642069 
 1675              	.LASF138:
 1676 02aa 4359424C 		.ascii	"CYBLE_GATT_VALUE_T\000"
 1676      455F4741 
 1676      54545F56 
 1676      414C5545 
 1676      5F5400
 1677              	.LASF21:
 1678 02bd 4359424C 		.ascii	"CYBLE_EVT_HCI_STATUS\000"
 1678      455F4556 
 1678      545F4843 
 1678      495F5354 
 1678      41545553 
 1679              	.LASF121:
 1680 02d2 4359424C 		.ascii	"CYBLE_GATTS_ERR_OPERATION_FAILED\000"
 1680      455F4741 
 1680      5454535F 
 1680      4552525F 
 1680      4F504552 
 1681              	.LASF127:
 1682 02f3 4359424C 		.ascii	"CYBLE_GATT_ERR_ANCS_INVALID_COMMAND\000"
 1682      455F4741 
 1682      54545F45 
 1682      52525F41 
 1682      4E43535F 
 1683              	.LASF73:
 1684 0317 4359424C 		.ascii	"CYBLE_EVT_L2CAP_CONN_PARAM_UPDATE_REQ\000"
 1684      455F4556 
 1684      545F4C32 
 1684      4341505F 
 1684      434F4E4E 
 1685              	.LASF33:
ARM GAS  C:\Users\Anthony\AppData\Local\Temp\ccVSYlam.s 			page 34


 1686 033d 4359424C 		.ascii	"CYBLE_EVT_GAP_ENCRYPT_CHANGE\000"
 1686      455F4556 
 1686      545F4741 
 1686      505F454E 
 1686      43525950 
 1687              	.LASF37:
 1688 035a 4359424C 		.ascii	"CYBLE_EVT_GAP_NUMERIC_COMPARISON_REQUEST\000"
 1688      455F4556 
 1688      545F4741 
 1688      505F4E55 
 1688      4D455249 
 1689              	.LASF118:
 1690 0383 4359424C 		.ascii	"CYBLE_GATT_ERR_OP_CODE_NOT_SUPPORTED\000"
 1690      455F4741 
 1690      54545F45 
 1690      52525F4F 
 1690      505F434F 
 1691              	.LASF99:
 1692 03a8 4359424C 		.ascii	"CYBLE_GATT_ERR_INSUFFICIENT_AUTHENTICATION\000"
 1692      455F4741 
 1692      54545F45 
 1692      52525F49 
 1692      4E535546 
 1693              	.LASF149:
 1694 03d3 4359424C 		.ascii	"CYBLE_STATE_ADVERTISING\000"
 1694      455F5354 
 1694      4154455F 
 1694      41445645 
 1694      52544953 
 1695              	.LASF6:
 1696 03eb 6C6F6E67 		.ascii	"long long int\000"
 1696      206C6F6E 
 1696      6720696E 
 1696      7400
 1697              	.LASF0:
 1698 03f9 7369676E 		.ascii	"signed char\000"
 1698      65642063 
 1698      68617200 
 1699              	.LASF18:
 1700 0405 4359424C 		.ascii	"CYBLE_EVT_STACK_ON\000"
 1700      455F4556 
 1700      545F5354 
 1700      41434B5F 
 1700      4F4E00
 1701              	.LASF35:
 1702 0418 4359424C 		.ascii	"CYBLE_EVT_GAPC_SCAN_START_STOP\000"
 1702      455F4556 
 1702      545F4741 
 1702      50435F53 
 1702      43414E5F 
 1703              	.LASF137:
 1704 0437 61637475 		.ascii	"actualLen\000"
 1704      616C4C65 
 1704      6E00
 1705              	.LASF25:
 1706 0441 4359424C 		.ascii	"CYBLE_EVT_GAP_AUTH_REQ\000"
 1706      455F4556 
ARM GAS  C:\Users\Anthony\AppData\Local\Temp\ccVSYlam.s 			page 35


 1706      545F4741 
 1706      505F4155 
 1706      54485F52 
 1707              	.LASF57:
 1708 0458 4359424C 		.ascii	"CYBLE_EVT_GATTC_READ_RSP\000"
 1708      455F4556 
 1708      545F4741 
 1708      5454435F 
 1708      52454144 
 1709              	.LASF98:
 1710 0471 4359424C 		.ascii	"CYBLE_GATT_ERR_INVALID_PDU\000"
 1710      455F4741 
 1710      54545F45 
 1710      52525F49 
 1710      4E56414C 
 1711              	.LASF62:
 1712 048c 4359424C 		.ascii	"CYBLE_EVT_GATTS_WRITE_CMD_REQ\000"
 1712      455F4556 
 1712      545F4741 
 1712      5454535F 
 1712      57524954 
 1713              	.LASF150:
 1714 04aa 4359424C 		.ascii	"CYBLE_STATE_DISCONNECTED\000"
 1714      455F5354 
 1714      4154455F 
 1714      44495343 
 1714      4F4E4E45 
 1715              	.LASF30:
 1716 04c3 4359424C 		.ascii	"CYBLE_EVT_GAPP_ADVERTISEMENT_START_STOP\000"
 1716      455F4556 
 1716      545F4741 
 1716      50505F41 
 1716      44564552 
 1717              	.LASF9:
 1718 04eb 75696E74 		.ascii	"uint8\000"
 1718      3800
 1719              	.LASF2:
 1720 04f1 73686F72 		.ascii	"short int\000"
 1720      7420696E 
 1720      7400
 1721              	.LASF65:
 1722 04fb 4359424C 		.ascii	"CYBLE_EVT_GATTC_EXEC_WRITE_RSP\000"
 1722      455F4556 
 1722      545F4741 
 1722      5454435F 
 1722      45584543 
 1723              	.LASF13:
 1724 051a 646F7562 		.ascii	"double\000"
 1724      6C6500
 1725              	.LASF78:
 1726 0521 4359424C 		.ascii	"CYBLE_EVT_L2CAP_CBFC_DISCONN_IND\000"
 1726      455F4556 
 1726      545F4C32 
 1726      4341505F 
 1726      43424643 
 1727              	.LASF110:
 1728 0542 4359424C 		.ascii	"CYBLE_GATT_ERR_UNSUPPORTED_GROUP_TYPE\000"
ARM GAS  C:\Users\Anthony\AppData\Local\Temp\ccVSYlam.s 			page 36


 1728      455F4741 
 1728      54545F45 
 1728      52525F55 
 1728      4E535550 
 1729              	.LASF11:
 1730 0568 75696E74 		.ascii	"uint32\000"
 1730      333200
 1731              	.LASF97:
 1732 056f 4359424C 		.ascii	"CYBLE_GATT_ERR_WRITE_NOT_PERMITTED\000"
 1732      455F4741 
 1732      54545F45 
 1732      52525F57 
 1732      52495445 
 1733              	.LASF88:
 1734 0592 4359424C 		.ascii	"CYBLE_EVT_MAX\000"
 1734      455F4556 
 1734      545F4D41 
 1734      5800
 1735              	.LASF176:
 1736 05a0 77725265 		.ascii	"wrReqParam\000"
 1736      71506172 
 1736      616D00
 1737              	.LASF94:
 1738 05ab 4359424C 		.ascii	"CYBLE_GATT_ERR_NONE\000"
 1738      455F4741 
 1738      54545F45 
 1738      52525F4E 
 1738      4F4E4500 
 1739              	.LASF96:
 1740 05bf 4359424C 		.ascii	"CYBLE_GATT_ERR_READ_NOT_PERMITTED\000"
 1740      455F4741 
 1740      54545F45 
 1740      52525F52 
 1740      4541445F 
 1741              	.LASF83:
 1742 05e1 4359424C 		.ascii	"CYBLE_EVT_L2CAP_CBFC_DATA_WRITE_IND\000"
 1742      455F4556 
 1742      545F4C32 
 1742      4341505F 
 1742      43424643 
 1743              	.LASF140:
 1744 0605 61747472 		.ascii	"attrHandle\000"
 1744      48616E64 
 1744      6C6500
 1745              	.LASF24:
 1746 0610 4359424C 		.ascii	"CYBLE_EVT_GAPC_SCAN_PROGRESS_RESULT\000"
 1746      455F4556 
 1746      545F4741 
 1746      50435F53 
 1746      43414E5F 
 1747              	.LASF139:
 1748 0634 76616C75 		.ascii	"value\000"
 1748      6500
 1749              	.LASF165:
 1750 063a 4379426C 		.ascii	"CyBle_GattsWriteAttributeValue\000"
 1750      655F4761 
 1750      74747357 
ARM GAS  C:\Users\Anthony\AppData\Local\Temp\ccVSYlam.s 			page 37


 1750      72697465 
 1750      41747472 
 1751              	.LASF155:
 1752 0659 426C6543 		.ascii	"BleCallBack\000"
 1752      616C6C42 
 1752      61636B00 
 1753              	.LASF70:
 1754 0665 4359424C 		.ascii	"CYBLE_EVT_GATTC_STOP_CMD_COMPLETE\000"
 1754      455F4556 
 1754      545F4741 
 1754      5454435F 
 1754      53544F50 
 1755              	.LASF8:
 1756 0687 756E7369 		.ascii	"unsigned int\000"
 1756      676E6564 
 1756      20696E74 
 1756      00
 1757              	.LASF85:
 1758 0694 4359424C 		.ascii	"CYBLE_EVT_LE_PING_AUTH_TIMEOUT\000"
 1758      455F4556 
 1758      545F4C45 
 1758      5F50494E 
 1758      475F4155 
 1759              	.LASF122:
 1760 06b3 4359424C 		.ascii	"CYBLE_GATT_ERR_INVALID_CRC\000"
 1760      455F4741 
 1760      54545F45 
 1760      52525F49 
 1760      4E56414C 
 1761              	.LASF117:
 1762 06ce 4359424C 		.ascii	"CYBLE_GATTS_ERR_PROCEDURE_ALREADY_IN_PROGRESS\000"
 1762      455F4741 
 1762      5454535F 
 1762      4552525F 
 1762      50524F43 
 1763              	.LASF5:
 1764 06fc 6C6F6E67 		.ascii	"long unsigned int\000"
 1764      20756E73 
 1764      69676E65 
 1764      6420696E 
 1764      7400
 1765              	.LASF44:
 1766 070e 4359424C 		.ascii	"CYBLE_EVT_GAP_CONN_ESTB\000"
 1766      455F4556 
 1766      545F4741 
 1766      505F434F 
 1766      4E4E5F45 
 1767              	.LASF104:
 1768 0726 4359424C 		.ascii	"CYBLE_GATT_ERR_ATTRIBUTE_NOT_FOUND\000"
 1768      455F4741 
 1768      54545F45 
 1768      52525F41 
 1768      54545249 
 1769              	.LASF93:
 1770 0749 4359424C 		.ascii	"CYBLE_BLESS_INVALID\000"
 1770      455F424C 
 1770      4553535F 
ARM GAS  C:\Users\Anthony\AppData\Local\Temp\ccVSYlam.s 			page 38


 1770      494E5641 
 1770      4C494400 
 1771              	.LASF52:
 1772 075d 4359424C 		.ascii	"CYBLE_EVT_GATTC_XCHNG_MTU_RSP\000"
 1772      455F4556 
 1772      545F4741 
 1772      5454435F 
 1772      5843484E 
 1773              	.LASF69:
 1774 077b 4359424C 		.ascii	"CYBLE_EVT_GATTS_DATA_SIGNED_CMD_REQ\000"
 1774      455F4556 
 1774      545F4741 
 1774      5454535F 
 1774      44415441 
 1775              	.LASF72:
 1776 079f 4359424C 		.ascii	"CYBLE_EVT_GATTC_LONG_PROCEDURE_END\000"
 1776      455F4556 
 1776      545F4741 
 1776      5454435F 
 1776      4C4F4E47 
 1777              	.LASF156:
 1778 07c2 6576656E 		.ascii	"event\000"
 1778      7400
 1779              	.LASF105:
 1780 07c8 4359424C 		.ascii	"CYBLE_GATT_ERR_ATTRIBUTE_NOT_LONG\000"
 1780      455F4741 
 1780      54545F45 
 1780      52525F41 
 1780      54545249 
 1781              	.LASF17:
 1782 07ea 4359424C 		.ascii	"CYBLE_EVT_HOST_INVALID\000"
 1782      455F4556 
 1782      545F484F 
 1782      53545F49 
 1782      4E56414C 
 1783              	.LASF55:
 1784 0801 4359424C 		.ascii	"CYBLE_EVT_GATTC_FIND_INFO_RSP\000"
 1784      455F4556 
 1784      545F4741 
 1784      5454435F 
 1784      46494E44 
 1785              	.LASF23:
 1786 081f 4359424C 		.ascii	"CYBLE_EVT_MEMORY_REQUEST\000"
 1786      455F4556 
 1786      545F4D45 
 1786      4D4F5259 
 1786      5F524551 
 1787              	.LASF171:
 1788 0838 4379426C 		.ascii	"CyBle_ProcessEvents\000"
 1788      655F5072 
 1788      6F636573 
 1788      73457665 
 1788      6E747300 
 1789              	.LASF126:
 1790 084c 4359424C 		.ascii	"CYBLE_GATT_ERR_ANCS_UNKNOWN_COMMAND\000"
 1790      455F4741 
 1790      54545F45 
ARM GAS  C:\Users\Anthony\AppData\Local\Temp\ccVSYlam.s 			page 39


 1790      52525F41 
 1790      4E43535F 
 1791              	.LASF26:
 1792 0870 4359424C 		.ascii	"CYBLE_EVT_GAP_PASSKEY_ENTRY_REQUEST\000"
 1792      455F4556 
 1792      545F4741 
 1792      505F5041 
 1792      53534B45 
 1793              	.LASF31:
 1794 0894 4359424C 		.ascii	"CYBLE_EVT_GAP_DEVICE_CONNECTED\000"
 1794      455F4556 
 1794      545F4741 
 1794      505F4445 
 1794      56494345 
 1795              	.LASF174:
 1796 08b3 6D61696E 		.ascii	"main.c\000"
 1796      2E6300
 1797              	.LASF60:
 1798 08ba 4359424C 		.ascii	"CYBLE_EVT_GATTS_WRITE_REQ\000"
 1798      455F4556 
 1798      545F4741 
 1798      5454535F 
 1798      57524954 
 1799              	.LASF46:
 1800 08d4 4359424C 		.ascii	"CYBLE_EVT_GAP_AUTH_REQ_REPLY_ERR\000"
 1800      455F4556 
 1800      545F4741 
 1800      505F4155 
 1800      54485F52 
 1801              	.LASF167:
 1802 08f5 4379426C 		.ascii	"CyBle_Start\000"
 1802      655F5374 
 1802      61727400 
 1803              	.LASF116:
 1804 0901 4359424C 		.ascii	"CYBLE_GATT_ERR_HTS_OUT_OF_RANGE\000"
 1804      455F4741 
 1804      54545F45 
 1804      52525F48 
 1804      54535F4F 
 1805              	.LASF158:
 1806 0921 6379426C 		.ascii	"cyBle_state\000"
 1806      655F7374 
 1806      61746500 
 1807              	.LASF27:
 1808 092d 4359424C 		.ascii	"CYBLE_EVT_GAP_PASSKEY_DISPLAY_REQUEST\000"
 1808      455F4556 
 1808      545F4741 
 1808      505F5041 
 1808      53534B45 
 1809              	.LASF135:
 1810 0953 61747449 		.ascii	"attId\000"
 1810      6400
 1811              	.LASF49:
 1812 0959 4359424C 		.ascii	"CYBLE_EVT_GATT_CONNECT_IND\000"
 1812      455F4556 
 1812      545F4741 
 1812      54545F43 
ARM GAS  C:\Users\Anthony\AppData\Local\Temp\ccVSYlam.s 			page 40


 1812      4F4E4E45 
 1813              	.LASF163:
 1814 0974 626C7565 		.ascii	"blue_Write\000"
 1814      5F577269 
 1814      746500
 1815              	.LASF75:
 1816 097f 4359424C 		.ascii	"CYBLE_EVT_L2CAP_COMMAND_REJ\000"
 1816      455F4556 
 1816      545F4C32 
 1816      4341505F 
 1816      434F4D4D 
 1817              	.LASF115:
 1818 099b 4359424C 		.ascii	"CYBLE_GATT_ERR_CPS_INAPPROPRIATE_CONNECTION_PARAMET"
 1818      455F4741 
 1818      54545F45 
 1818      52525F43 
 1818      50535F49 
 1819 09ce 45525300 		.ascii	"ERS\000"
 1820              	.LASF172:
 1821 09d2 4379426C 		.ascii	"CyBle_EnterLPM\000"
 1821      655F456E 
 1821      7465724C 
 1821      504D00
 1822              	.LASF164:
 1823 09e1 70776D5F 		.ascii	"pwm_Stop\000"
 1823      53746F70 
 1823      00
 1824              	.LASF47:
 1825 09ea 4359424C 		.ascii	"CYBLE_EVT_GAP_SMP_LOC_P256_KEYS_GEN_AND_SET_COMPLET"
 1825      455F4556 
 1825      545F4741 
 1825      505F534D 
 1825      505F4C4F 
 1826 0a1d 4500     		.ascii	"E\000"
 1827              	.LASF76:
 1828 0a1f 4359424C 		.ascii	"CYBLE_EVT_L2CAP_CBFC_CONN_IND\000"
 1828      455F4556 
 1828      545F4C32 
 1828      4341505F 
 1828      43424643 
 1829              	.LASF54:
 1830 0a3d 4359424C 		.ascii	"CYBLE_EVT_GATTC_READ_BY_TYPE_RSP\000"
 1830      455F4556 
 1830      545F4741 
 1830      5454435F 
 1830      52454144 
 1831              	.LASF16:
 1832 0a5e 73697A65 		.ascii	"sizetype\000"
 1832      74797065 
 1832      00
 1833              	.LASF111:
 1834 0a67 4359424C 		.ascii	"CYBLE_GATT_ERR_INSUFFICIENT_RESOURCE\000"
 1834      455F4741 
 1834      54545F45 
 1834      52525F49 
 1834      4E535546 
 1835              	.LASF145:
ARM GAS  C:\Users\Anthony\AppData\Local\Temp\ccVSYlam.s 			page 41


 1836 0a8c 4359424C 		.ascii	"CYBLE_GATTS_WRITE_REQ_PARAM_T\000"
 1836      455F4741 
 1836      5454535F 
 1836      57524954 
 1836      455F5245 
 1837              	.LASF142:
 1838 0aaa 4359424C 		.ascii	"CYBLE_GATTS_HANDLE_VALUE_NTF_T\000"
 1838      455F4741 
 1838      5454535F 
 1838      48414E44 
 1838      4C455F56 
 1839              	.LASF147:
 1840 0ac9 4359424C 		.ascii	"CYBLE_STATE_INITIALIZING\000"
 1840      455F5354 
 1840      4154455F 
 1840      494E4954 
 1840      49414C49 
 1841              	.LASF29:
 1842 0ae2 4359424C 		.ascii	"CYBLE_EVT_GAP_AUTH_FAILED\000"
 1842      455F4556 
 1842      545F4741 
 1842      505F4155 
 1842      54485F46 
 1843              	.LASF159:
 1844 0afc 6379426C 		.ascii	"cyBle_connHandle\000"
 1844      655F636F 
 1844      6E6E4861 
 1844      6E646C65 
 1844      00
 1845              	.LASF61:
 1846 0b0d 4359424C 		.ascii	"CYBLE_EVT_GATTC_WRITE_RSP\000"
 1846      455F4556 
 1846      545F4741 
 1846      5454435F 
 1846      57524954 
 1847              	.LASF42:
 1848 0b27 4359424C 		.ascii	"CYBLE_EVT_GAPC_DIRECT_ADV_REPORT\000"
 1848      455F4556 
 1848      545F4741 
 1848      50435F44 
 1848      49524543 
 1849              	.LASF92:
 1850 0b48 4359424C 		.ascii	"CYBLE_BLESS_HIBERNATE\000"
 1850      455F424C 
 1850      4553535F 
 1850      48494245 
 1850      524E4154 
 1851              	.LASF40:
 1852 0b5e 4359424C 		.ascii	"CYBLE_EVT_GAP_DATA_LENGTH_CHANGE\000"
 1852      455F4556 
 1852      545F4741 
 1852      505F4441 
 1852      54415F4C 
 1853              	.LASF45:
 1854 0b7f 4359424C 		.ascii	"CYBLE_EVT_GAP_SCAN_REQ_RECVD\000"
 1854      455F4556 
 1854      545F4741 
ARM GAS  C:\Users\Anthony\AppData\Local\Temp\ccVSYlam.s 			page 42


 1854      505F5343 
 1854      414E5F52 
 1855              	.LASF102:
 1856 0b9c 4359424C 		.ascii	"CYBLE_GATT_ERR_INSUFFICIENT_AUTHORIZATION\000"
 1856      455F4741 
 1856      54545F45 
 1856      52525F49 
 1856      4E535546 
 1857              	.LASF28:
 1858 0bc6 4359424C 		.ascii	"CYBLE_EVT_GAP_AUTH_COMPLETE\000"
 1858      455F4556 
 1858      545F4741 
 1858      505F4155 
 1858      54485F43 
 1859              	.LASF66:
 1860 0be2 4359424C 		.ascii	"CYBLE_EVT_GATTC_HANDLE_VALUE_NTF\000"
 1860      455F4556 
 1860      545F4741 
 1860      5454435F 
 1860      48414E44 
 1861              	.LASF141:
 1862 0c03 4359424C 		.ascii	"CYBLE_GATT_HANDLE_VALUE_PAIR_T\000"
 1862      455F4741 
 1862      54545F48 
 1862      414E444C 
 1862      455F5641 
 1863              	.LASF77:
 1864 0c22 4359424C 		.ascii	"CYBLE_EVT_L2CAP_CBFC_CONN_CNF\000"
 1864      455F4556 
 1864      545F4C32 
 1864      4341505F 
 1864      43424643 
 1865              	.LASF128:
 1866 0c40 4359424C 		.ascii	"CYBLE_GATT_ERR_ANCS_INVALID_PARAMETER\000"
 1866      455F4741 
 1866      54545F45 
 1866      52525F41 
 1866      4E43535F 
 1867              	.LASF53:
 1868 0c66 4359424C 		.ascii	"CYBLE_EVT_GATTC_READ_BY_GROUP_TYPE_RSP\000"
 1868      455F4556 
 1868      545F4741 
 1868      5454435F 
 1868      52454144 
 1869              	.LASF12:
 1870 0c8d 666C6F61 		.ascii	"float\000"
 1870      7400
 1871              	.LASF103:
 1872 0c93 4359424C 		.ascii	"CYBLE_GATT_ERR_PREPARE_WRITE_QUEUE_FULL\000"
 1872      455F4741 
 1872      54545F45 
 1872      52525F50 
 1872      52455041 
 1873              	.LASF161:
 1874 0cbb 4379426C 		.ascii	"CyBle_GappStartAdvertisement\000"
 1874      655F4761 
 1874      70705374 
ARM GAS  C:\Users\Anthony\AppData\Local\Temp\ccVSYlam.s 			page 43


 1874      61727441 
 1874      64766572 
 1875              	.LASF152:
 1876 0cd8 74656D70 		.ascii	"tempHandle\000"
 1876      48616E64 
 1876      6C6500
 1877              	.LASF132:
 1878 0ce3 4359424C 		.ascii	"CYBLE_GATT_ERR_OUT_OF_RANGE\000"
 1878      455F4741 
 1878      54545F45 
 1878      52525F4F 
 1878      55545F4F 
 1879              	.LASF1:
 1880 0cff 756E7369 		.ascii	"unsigned char\000"
 1880      676E6564 
 1880      20636861 
 1880      7200
 1881              	.LASF10:
 1882 0d0d 75696E74 		.ascii	"uint16\000"
 1882      313600
 1883              	.LASF38:
 1884 0d14 4359424C 		.ascii	"CYBLE_EVT_GAP_KEYPRESS_NOTIFICATION\000"
 1884      455F4556 
 1884      545F4741 
 1884      505F4B45 
 1884      59505245 
 1885              	.LASF107:
 1886 0d38 4359424C 		.ascii	"CYBLE_GATT_ERR_INVALID_ATTRIBUTE_LEN\000"
 1886      455F4741 
 1886      54545F45 
 1886      52525F49 
 1886      4E56414C 
 1887              	.LASF120:
 1888 0d5d 4359424C 		.ascii	"CYBLE_GATTS_ERR_CCCD_IMPROPERLY_CONFIGURED\000"
 1888      455F4741 
 1888      5454535F 
 1888      4552525F 
 1888      43434344 
 1889              	.LASF169:
 1890 0d88 636F6E74 		.ascii	"controlPWM_Start\000"
 1890      726F6C50 
 1890      574D5F53 
 1890      74617274 
 1890      00
 1891              	.LASF67:
 1892 0d99 4359424C 		.ascii	"CYBLE_EVT_GATTC_HANDLE_VALUE_IND\000"
 1892      455F4556 
 1892      545F4741 
 1892      5454435F 
 1892      48414E44 
 1893              	.LASF154:
 1894 0dba 75706461 		.ascii	"updateCompare\000"
 1894      7465436F 
 1894      6D706172 
 1894      6500
 1895              	.LASF119:
 1896 0dc8 4359424C 		.ascii	"CYBLE_GATT_ERR_MISSING_CRC\000"
ARM GAS  C:\Users\Anthony\AppData\Local\Temp\ccVSYlam.s 			page 44


 1896      455F4741 
 1896      54545F45 
 1896      52525F4D 
 1896      49535349 
 1897              	.LASF86:
 1898 0de3 4359424C 		.ascii	"CYBLE_EVT_HCI_PKT\000"
 1898      455F4556 
 1898      545F4843 
 1898      495F504B 
 1898      5400
 1899              	.LASF125:
 1900 0df5 4359424C 		.ascii	"CYBLE_GATT_ERR_ANS_COMMAND_NOT_SUPPORTED\000"
 1900      455F4741 
 1900      54545F45 
 1900      52525F41 
 1900      4E535F43 
 1901              	.LASF153:
 1902 0e1e 636F6D70 		.ascii	"compareValue\000"
 1902      61726556 
 1902      616C7565 
 1902      00
 1903              	.LASF63:
 1904 0e2b 4359424C 		.ascii	"CYBLE_EVT_GATTS_PREP_WRITE_REQ\000"
 1904      455F4556 
 1904      545F4741 
 1904      5454535F 
 1904      50524550 
 1905              	.LASF68:
 1906 0e4a 4359424C 		.ascii	"CYBLE_EVT_GATTS_HANDLE_VALUE_CNF\000"
 1906      455F4556 
 1906      545F4741 
 1906      5454535F 
 1906      48414E44 
 1907              	.LASF130:
 1908 0e6b 4359424C 		.ascii	"CYBLE_GATT_ERR_CCCD_IMPROPERLY_CONFIGURED\000"
 1908      455F4741 
 1908      54545F45 
 1908      52525F43 
 1908      4343445F 
 1909              	.LASF43:
 1910 0e95 4359424C 		.ascii	"CYBLE_EVT_GAP_SMP_NEGOTIATED_AUTH_INFO\000"
 1910      455F4556 
 1910      545F4741 
 1910      505F534D 
 1910      505F4E45 
 1911              	.LASF113:
 1912 0ebc 4359424C 		.ascii	"CYBLE_GATT_ERR_HEART_RATE_CONTROL_POINT_NOT_SUPPORT"
 1912      455F4741 
 1912      54545F45 
 1912      52525F48 
 1912      45415254 
 1913 0eef 454400   		.ascii	"ED\000"
 1914              	.LASF175:
 1915 0ef2 433A5C55 		.ascii	"C:\\Users\\Anthony\\Documents\\PSoC Creator\\LightB"
 1915      73657273 
 1915      5C416E74 
 1915      686F6E79 
ARM GAS  C:\Users\Anthony\AppData\Local\Temp\ccVSYlam.s 			page 45


 1915      5C446F63 
 1916 0f20 4C455C4C 		.ascii	"LE\\LightBLE.cydsn\000"
 1916      69676874 
 1916      424C452E 
 1916      63796473 
 1916      6E00
 1917              	.LASF15:
 1918 0f32 6C6F6E67 		.ascii	"long double\000"
 1918      20646F75 
 1918      626C6500 
 1919              	.LASF90:
 1920 0f3e 4359424C 		.ascii	"CYBLE_BLESS_SLEEP\000"
 1920      455F424C 
 1920      4553535F 
 1920      534C4545 
 1920      5000
 1921              	.LASF14:
 1922 0f50 63686172 		.ascii	"char\000"
 1922      00
 1923              	.LASF112:
 1924 0f55 4359424C 		.ascii	"CYBLE_GATT_ERR_TRIGGER_CODITION_VALUE_NOT_SUPPORTED"
 1924      455F4741 
 1924      54545F45 
 1924      52525F54 
 1924      52494747 
 1925 0f88 00       		.ascii	"\000"
 1926              	.LASF32:
 1927 0f89 4359424C 		.ascii	"CYBLE_EVT_GAP_DEVICE_DISCONNECTED\000"
 1927      455F4556 
 1927      545F4741 
 1927      505F4445 
 1927      56494345 
 1928              	.LASF71:
 1929 0fab 4359424C 		.ascii	"CYBLE_EVT_GATTS_READ_CHAR_VAL_ACCESS_REQ\000"
 1929      455F4556 
 1929      545F4741 
 1929      5454535F 
 1929      52454144 
 1930              	.LASF82:
 1931 0fd4 4359424C 		.ascii	"CYBLE_EVT_L2CAP_CBFC_TX_CREDIT_IND\000"
 1931      455F4556 
 1931      545F4C32 
 1931      4341505F 
 1931      43424643 
 1932              	.LASF108:
 1933 0ff7 4359424C 		.ascii	"CYBLE_GATT_ERR_UNLIKELY_ERROR\000"
 1933      455F4741 
 1933      54545F45 
 1933      52525F55 
 1933      4E4C494B 
 1934              	.LASF129:
 1935 1015 4359424C 		.ascii	"CYBLE_GATT_ERR_ANCS_ACTION_FAILED\000"
 1935      455F4741 
 1935      54545F45 
 1935      52525F41 
 1935      4E43535F 
 1936              	.LASF168:
ARM GAS  C:\Users\Anthony\AppData\Local\Temp\ccVSYlam.s 			page 46


 1937 1037 436C6F63 		.ascii	"Clock_1_StartEx\000"
 1937      6B5F315F 
 1937      53746172 
 1937      74457800 
 1938              	.LASF162:
 1939 1047 70776D5F 		.ascii	"pwm_Start\000"
 1939      53746172 
 1939      7400
 1940              	.LASF131:
 1941 1051 4359424C 		.ascii	"CYBLE_GATT_ERR_PROCEDURE_ALREADY_IN_PROGRESS\000"
 1941      455F4741 
 1941      54545F45 
 1941      52525F50 
 1941      524F4345 
 1942              	.LASF20:
 1943 107e 4359424C 		.ascii	"CYBLE_EVT_HARDWARE_ERROR\000"
 1943      455F4556 
 1943      545F4841 
 1943      52445741 
 1943      52455F45 
 1944              	.LASF3:
 1945 1097 73686F72 		.ascii	"short unsigned int\000"
 1945      7420756E 
 1945      7369676E 
 1945      65642069 
 1945      6E7400
 1946              	.LASF48:
 1947 10aa 4359424C 		.ascii	"CYBLE_EVT_GATTC_ERROR_RSP\000"
 1947      455F4556 
 1947      545F4741 
 1947      5454435F 
 1947      4552524F 
 1948              	.LASF144:
 1949 10c4 68616E64 		.ascii	"handleValPair\000"
 1949      6C655661 
 1949      6C506169 
 1949      7200
 1950              	.LASF114:
 1951 10d2 4359424C 		.ascii	"CYBLE_GATT_ERR_USER_DATA_ACCESS_NOT_PERMITTED\000"
 1951      455F4741 
 1951      54545F45 
 1951      52525F55 
 1951      5345525F 
 1952              	.LASF109:
 1953 1100 4359424C 		.ascii	"CYBLE_GATT_ERR_INSUFFICIENT_ENCRYPTION\000"
 1953      455F4741 
 1953      54545F45 
 1953      52525F49 
 1953      4E535546 
 1954              	.LASF51:
 1955 1127 4359424C 		.ascii	"CYBLE_EVT_GATTS_XCNHG_MTU_REQ\000"
 1955      455F4556 
 1955      545F4741 
 1955      5454535F 
 1955      58434E48 
 1956              	.LASF157:
 1957 1145 6576656E 		.ascii	"eventParam\000"
ARM GAS  C:\Users\Anthony\AppData\Local\Temp\ccVSYlam.s 			page 47


 1957      74506172 
 1957      616D00
 1958              	.LASF151:
 1959 1150 4359424C 		.ascii	"CYBLE_STATE_T\000"
 1959      455F5354 
 1959      4154455F 
 1959      5400
 1960              	.LASF58:
 1961 115e 4359424C 		.ascii	"CYBLE_EVT_GATTC_READ_BLOB_RSP\000"
 1961      455F4556 
 1961      545F4741 
 1961      5454435F 
 1961      52454144 
 1962              	.LASF101:
 1963 117c 4359424C 		.ascii	"CYBLE_GATT_ERR_INVALID_OFFSET\000"
 1963      455F4741 
 1963      54545F45 
 1963      52525F49 
 1963      4E56414C 
 1964              	.LASF124:
 1965 119a 4359424C 		.ascii	"CYBLE_GATTS_ERR_NETWORK_NOT_AVAILABLE\000"
 1965      455F4741 
 1965      5454535F 
 1965      4552525F 
 1965      4E455457 
 1966              	.LASF148:
 1967 11c0 4359424C 		.ascii	"CYBLE_STATE_CONNECTED\000"
 1967      455F5354 
 1967      4154455F 
 1967      434F4E4E 
 1967      45435445 
 1968              	.LASF166:
 1969 11d6 4379426C 		.ascii	"CyBle_GattsWriteRsp\000"
 1969      655F4761 
 1969      74747357 
 1969      72697465 
 1969      52737000 
 1970              	.LASF91:
 1971 11ea 4359424C 		.ascii	"CYBLE_BLESS_DEEPSLEEP\000"
 1971      455F424C 
 1971      4553535F 
 1971      44454550 
 1971      534C4545 
 1972              	.LASF56:
 1973 1200 4359424C 		.ascii	"CYBLE_EVT_GATTC_FIND_BY_TYPE_VALUE_RSP\000"
 1973      455F4556 
 1973      545F4741 
 1973      5454435F 
 1973      46494E44 
 1974              	.LASF36:
 1975 1227 4359424C 		.ascii	"CYBLE_EVT_GAP_KEYINFO_EXCHNGE_CMPLT\000"
 1975      455F4556 
 1975      545F4741 
 1975      505F4B45 
 1975      59494E46 
 1976              	.LASF134:
 1977 124b 62644861 		.ascii	"bdHandle\000"
ARM GAS  C:\Users\Anthony\AppData\Local\Temp\ccVSYlam.s 			page 48


 1977      6E646C65 
 1977      00
 1978              	.LASF170:
 1979 1254 436C6F63 		.ascii	"Clock_2_StartEx\000"
 1979      6B5F325F 
 1979      53746172 
 1979      74457800 
 1980              	.LASF84:
 1981 1264 4359424C 		.ascii	"CYBLE_EVT_PENDING_FLASH_WRITE\000"
 1981      455F4556 
 1981      545F5045 
 1981      4E44494E 
 1981      475F464C 
 1982              	.LASF74:
 1983 1282 4359424C 		.ascii	"CYBLE_EVT_L2CAP_CONN_PARAM_UPDATE_RSP\000"
 1983      455F4556 
 1983      545F4C32 
 1983      4341505F 
 1983      434F4E4E 
 1984              	.LASF177:
 1985 12a8 6D61696E 		.ascii	"main\000"
 1985      00
 1986              	.LASF89:
 1987 12ad 4359424C 		.ascii	"CYBLE_BLESS_ACTIVE\000"
 1987      455F424C 
 1987      4553535F 
 1987      41435449 
 1987      564500
 1988              	.LASF41:
 1989 12c0 4359424C 		.ascii	"CYBLE_EVT_GAP_ENHANCE_CONN_COMPLETE\000"
 1989      455F4556 
 1989      545F4741 
 1989      505F454E 
 1989      48414E43 
 1990              	.LASF133:
 1991 12e4 4359424C 		.ascii	"CYBLE_GATT_DB_ATTR_HANDLE_T\000"
 1991      455F4741 
 1991      54545F44 
 1991      425F4154 
 1991      54525F48 
 1992              	.LASF50:
 1993 1300 4359424C 		.ascii	"CYBLE_EVT_GATT_DISCONNECT_IND\000"
 1993      455F4556 
 1993      545F4741 
 1993      54545F44 
 1993      4953434F 
 1994              	.LASF87:
 1995 131e 4359424C 		.ascii	"CYBLE_EVT_FLASH_CORRUPT\000"
 1995      455F4556 
 1995      545F464C 
 1995      4153485F 
 1995      434F5252 
 1996              		.ident	"GCC: (GNU Tools for ARM Embedded Processors) 5.4.1 20160609 (release) [ARM/embedded-5-bran
