Loading plugins phase: Elapsed time ==> 0s.262ms
<CYPRESSTAG name="CyDsfit arguments...">
cydsfit arguments: -.fdsnotice -.fdswarpdepfile=warp_dependencies.txt -.fdselabdepfile=elab_dependencies.txt -.fdsbldfile=generated_files.txt -.fdsreffile=referenced_files.txt -p C:\Users\Anthony\Documents\PSoC Creator\LightBLE\LightBLE.cydsn\LightBLE.cyprj -d CY8C4247LQI-BL483 -s C:\Users\Anthony\Documents\PSoC Creator\LightBLE\LightBLE.cydsn\Generated_Source\PSoC4 -- -yv2 -q10 -ygs -o2 -v3 -.fftcfgtype=LE
</CYPRESSTAG>
<CYPRESSTAG name="Design elaboration results...">
</CYPRESSTAG>
Elaboration phase: Elapsed time ==> 2s.023ms
<CYPRESSTAG name="HDL generation results...">
</CYPRESSTAG>
HDL generation phase: Elapsed time ==> 0s.150ms
<CYPRESSTAG name="Synthesis results...">

     | | | | | | |
   _________________
  -|               |-
  -|               |-
  -|               |-
  -|    CYPRESS    |-
  -|               |-
  -|               |-   Warp Verilog Synthesis Compiler: Version 6.3 IR 41
  -|               |-   Copyright (C) 1991-2001 Cypress Semiconductor
   |_______________|
     | | | | | | |

======================================================================
Compiling:  LightBLE.v
Program  :   C:\Program Files (x86)\Cypress\PSoC Creator\4.1\PSoC Creator\warp\bin\warp.exe
Options  :    -yv2 -q10 -ygs -o2 -v3 -.fftcfgtype=LE -ya -.fftprj=C:\Users\Anthony\Documents\PSoC Creator\LightBLE\LightBLE.cydsn\LightBLE.cyprj -dcpsoc3 LightBLE.v -verilog
======================================================================

======================================================================
Compiling:  LightBLE.v
Program  :   C:\Program Files (x86)\Cypress\PSoC Creator\4.1\PSoC Creator\warp\bin\warp.exe
Options  :    -yv2 -q10 -ygs -o2 -v3 -.fftcfgtype=LE -ya -.fftprj=C:\Users\Anthony\Documents\PSoC Creator\LightBLE\LightBLE.cydsn\LightBLE.cyprj -dcpsoc3 LightBLE.v -verilog
======================================================================

======================================================================
Compiling:  LightBLE.v
Program  :   vlogfe
Options  :    -yv2 -q10 -ygs -o2 -v3 -.fftcfgtype=LE -ya -.fftprj=C:\Users\Anthony\Documents\PSoC Creator\LightBLE\LightBLE.cydsn\LightBLE.cyprj -dcpsoc3 -verilog LightBLE.v
======================================================================

vlogfe V6.3 IR 41:  Verilog parser
Mon Nov 27 09:19:14 2017


======================================================================
Compiling:  LightBLE.v
Program  :   vpp
Options  :    -yv2 -q10 LightBLE.v
======================================================================

vpp V6.3 IR 41:  Verilog Pre-Processor
Mon Nov 27 09:19:14 2017

Flattening file 'C:\Program Files (x86)\Cypress\PSoC Creator\4.1\PSoC Creator\psoc\content\CyPrimitives\cyprimitives.cylib\or_v1_0\or_v1_0.v'
Flattening file 'C:\Program Files (x86)\Cypress\PSoC Creator\4.1\PSoC Creator\psoc\content\CyPrimitives\cyprimitives.cylib\cy_constant_v1_0\cy_constant_v1_0.v'
Flattening file 'C:\Program Files (x86)\Cypress\PSoC Creator\4.1\PSoC Creator\psoc\content\CyComponentLibrary\CyComponentLibrary.cylib\B_PWM_v3_30\B_PWM_v3_30.v'
Flattening file 'C:\Program Files (x86)\Cypress\PSoC Creator\4.1\PSoC Creator\warp\lib\common\cypress.v'
Flattening file 'C:\Program Files (x86)\Cypress\PSoC Creator\4.1\PSoC Creator\warp\lib\common\cy_psoc3_inc.v'
Flattening file 'C:\Program Files (x86)\Cypress\PSoC Creator\4.1\PSoC Creator\psoc\content\CyPrimitives\cyprimitives.cylib\cy_virtualmux_v1_0\cy_virtualmux_v1_0.v'
Flattening file 'C:\Program Files (x86)\Cypress\PSoC Creator\4.1\PSoC Creator\psoc\content\CyPrimitives\cyprimitives.cylib\ZeroTerminal\ZeroTerminal.v'

vpp:  No errors.

Library 'work' => directory 'lcpsoc3'
General_symbol_table
General_symbol_table
Linking 'C:\Program Files (x86)\Cypress\PSoC Creator\4.1\PSoC Creator\warp\lib\common\std.vhd'.
Linking 'C:\Program Files (x86)\Cypress\PSoC Creator\4.1\PSoC Creator\warp\lib\common\cypress.vhd'.
Linking 'C:\Program Files (x86)\Cypress\PSoC Creator\4.1\PSoC Creator\warp\lib\common\work\cypress.vif'.
Linking 'C:\Program Files (x86)\Cypress\PSoC Creator\4.1\PSoC Creator\warp\lib\ieee\work\stdlogic.vif'.
Linking 'C:\Program Files (x86)\Cypress\PSoC Creator\4.1\PSoC Creator\warp\lib\common\stdlogic\lpmpkg.vif'.
Linking 'C:\Program Files (x86)\Cypress\PSoC Creator\4.1\PSoC Creator\warp\lib\common\stdlogic\rtlpkg.vif'.
Linking 'C:\Program Files (x86)\Cypress\PSoC Creator\4.1\PSoC Creator\warp\lib\common\stdlogic\mod_cnst.vif'.
Linking 'C:\Program Files (x86)\Cypress\PSoC Creator\4.1\PSoC Creator\warp\lib\common\stdlogic\mod_mthv.vif'.
Linking 'C:\Program Files (x86)\Cypress\PSoC Creator\4.1\PSoC Creator\warp\lib\common\stdlogic\mod_genv.vif'.
Using control file 'LightBLE.ctl'.
C:\Program Files (x86)\Cypress\PSoC Creator\4.1\PSoC Creator\psoc\content\CyComponentLibrary\CyComponentLibrary.cylib\B_PWM_v3_30\B_PWM_v3_30.v (line 947, col 46):  Note: Substituting module 'sub_vi_vv' for '-'.
C:\Program Files (x86)\Cypress\PSoC Creator\4.1\PSoC Creator\psoc\content\CyComponentLibrary\CyComponentLibrary.cylib\B_PWM_v3_30\B_PWM_v3_30.v (line 977, col 46):  Note: Substituting module 'add_vi_vv' for '+'.
Linking 'C:\Program Files (x86)\Cypress\PSoC Creator\4.1\PSoC Creator\warp\lib\common\stdlogic\cy_psoc3pkg.vif'.
Linking 'C:\Program Files (x86)\Cypress\PSoC Creator\4.1\PSoC Creator\warp\lib\common\stdlogic\cy_psoc3.vif'.

vlogfe:  No errors.


======================================================================
Compiling:  LightBLE.v
Program  :   tovif
Options  :    -yv2 -q10 -ygs -o2 -v3 -.fftcfgtype=LE -ya -.fftprj=C:\Users\Anthony\Documents\PSoC Creator\LightBLE\LightBLE.cydsn\LightBLE.cyprj -dcpsoc3 -verilog LightBLE.v
======================================================================

tovif V6.3 IR 41:  High-level synthesis
Mon Nov 27 09:19:14 2017

Linking 'C:\Program Files (x86)\Cypress\PSoC Creator\4.1\PSoC Creator\warp\lib\common\std.vhd'.
Linking 'C:\Program Files (x86)\Cypress\PSoC Creator\4.1\PSoC Creator\warp\lib\common\cypress.vhd'.
Linking 'C:\Program Files (x86)\Cypress\PSoC Creator\4.1\PSoC Creator\warp\lib\common\work\cypress.vif'.
Linking 'C:\Program Files (x86)\Cypress\PSoC Creator\4.1\PSoC Creator\warp\lib\ieee\work\stdlogic.vif'.
Linking 'C:\Program Files (x86)\Cypress\PSoC Creator\4.1\PSoC Creator\warp\lib\common\stdlogic\lpmpkg.vif'.
Linking 'C:\Program Files (x86)\Cypress\PSoC Creator\4.1\PSoC Creator\warp\lib\common\stdlogic\rtlpkg.vif'.
Linking 'C:\Program Files (x86)\Cypress\PSoC Creator\4.1\PSoC Creator\warp\lib\common\stdlogic\mod_cnst.vif'.
Linking 'C:\Program Files (x86)\Cypress\PSoC Creator\4.1\PSoC Creator\warp\lib\common\stdlogic\mod_mthv.vif'.
Linking 'C:\Program Files (x86)\Cypress\PSoC Creator\4.1\PSoC Creator\warp\lib\common\stdlogic\mod_genv.vif'.
Linking 'C:\Users\Anthony\Documents\PSoC Creator\LightBLE\LightBLE.cydsn\codegentemp\LightBLE.ctl'.
Linking 'C:\Program Files (x86)\Cypress\PSoC Creator\4.1\PSoC Creator\psoc\content\CyPrimitives\cyprimitives.cylib\or_v1_0\or_v1_0.v'.
Linking 'C:\Users\Anthony\Documents\PSoC Creator\LightBLE\LightBLE.cydsn\codegentemp\LightBLE.v'.
Linking 'C:\Program Files (x86)\Cypress\PSoC Creator\4.1\PSoC Creator\psoc\content\CyPrimitives\cyprimitives.cylib\cy_constant_v1_0\cy_constant_v1_0.v'.
Linking 'C:\Program Files (x86)\Cypress\PSoC Creator\4.1\PSoC Creator\psoc\content\CyComponentLibrary\CyComponentLibrary.cylib\B_PWM_v3_30\B_PWM_v3_30.v'.
Linking 'C:\Program Files (x86)\Cypress\PSoC Creator\4.1\PSoC Creator\warp\lib\common\cypress.v'.
Linking 'C:\Program Files (x86)\Cypress\PSoC Creator\4.1\PSoC Creator\warp\lib\common\cy_psoc3_inc.v'.
Linking 'C:\Program Files (x86)\Cypress\PSoC Creator\4.1\PSoC Creator\psoc\content\CyPrimitives\cyprimitives.cylib\cy_virtualmux_v1_0\cy_virtualmux_v1_0.v'.
Linking 'C:\Program Files (x86)\Cypress\PSoC Creator\4.1\PSoC Creator\psoc\content\CyPrimitives\cyprimitives.cylib\ZeroTerminal\ZeroTerminal.v'.
Linking 'C:\Program Files (x86)\Cypress\PSoC Creator\4.1\PSoC Creator\warp\lib\common\stdlogic\cy_psoc3pkg.vif'.
Linking 'C:\Program Files (x86)\Cypress\PSoC Creator\4.1\PSoC Creator\warp\lib\common\stdlogic\cy_psoc3.vif'.
Linking 'C:\Program Files (x86)\Cypress\PSoC Creator\4.1\PSoC Creator\warp\lib\lcpsoc3\stdlogic\mod_cnst.vif'.

tovif:  No errors.


======================================================================
Compiling:  LightBLE.v
Program  :   topld
Options  :    -yv2 -q10 -ygs -o2 -v3 -.fftcfgtype=LE -ya -.fftprj=C:\Users\Anthony\Documents\PSoC Creator\LightBLE\LightBLE.cydsn\LightBLE.cyprj -dcpsoc3 -verilog LightBLE.v
======================================================================

topld V6.3 IR 41:  Synthesis and optimization
Mon Nov 27 09:19:15 2017

Linking 'C:\Program Files (x86)\Cypress\PSoC Creator\4.1\PSoC Creator\warp\lib\common\std.vhd'.
Linking 'C:\Program Files (x86)\Cypress\PSoC Creator\4.1\PSoC Creator\warp\lib\common\cypress.vhd'.
Linking 'C:\Program Files (x86)\Cypress\PSoC Creator\4.1\PSoC Creator\warp\lib\common\work\cypress.vif'.
Linking 'C:\Program Files (x86)\Cypress\PSoC Creator\4.1\PSoC Creator\warp\lib\ieee\work\stdlogic.vif'.
Linking 'C:\Program Files (x86)\Cypress\PSoC Creator\4.1\PSoC Creator\warp\lib\common\stdlogic\lpmpkg.vif'.
Linking 'C:\Program Files (x86)\Cypress\PSoC Creator\4.1\PSoC Creator\warp\lib\common\stdlogic\rtlpkg.vif'.
Linking 'C:\Program Files (x86)\Cypress\PSoC Creator\4.1\PSoC Creator\warp\lib\common\stdlogic\mod_cnst.vif'.
Linking 'C:\Program Files (x86)\Cypress\PSoC Creator\4.1\PSoC Creator\warp\lib\common\stdlogic\mod_mthv.vif'.
Linking 'C:\Program Files (x86)\Cypress\PSoC Creator\4.1\PSoC Creator\warp\lib\common\stdlogic\mod_genv.vif'.
Linking 'C:\Users\Anthony\Documents\PSoC Creator\LightBLE\LightBLE.cydsn\codegentemp\LightBLE.ctl'.
Linking 'C:\Program Files (x86)\Cypress\PSoC Creator\4.1\PSoC Creator\psoc\content\CyPrimitives\cyprimitives.cylib\or_v1_0\or_v1_0.v'.
Linking 'C:\Users\Anthony\Documents\PSoC Creator\LightBLE\LightBLE.cydsn\codegentemp\LightBLE.v'.
Linking 'C:\Program Files (x86)\Cypress\PSoC Creator\4.1\PSoC Creator\psoc\content\CyPrimitives\cyprimitives.cylib\cy_constant_v1_0\cy_constant_v1_0.v'.
Linking 'C:\Program Files (x86)\Cypress\PSoC Creator\4.1\PSoC Creator\psoc\content\CyComponentLibrary\CyComponentLibrary.cylib\B_PWM_v3_30\B_PWM_v3_30.v'.
Linking 'C:\Program Files (x86)\Cypress\PSoC Creator\4.1\PSoC Creator\warp\lib\common\cypress.v'.
Linking 'C:\Program Files (x86)\Cypress\PSoC Creator\4.1\PSoC Creator\warp\lib\common\cy_psoc3_inc.v'.
Linking 'C:\Program Files (x86)\Cypress\PSoC Creator\4.1\PSoC Creator\psoc\content\CyPrimitives\cyprimitives.cylib\cy_virtualmux_v1_0\cy_virtualmux_v1_0.v'.
Linking 'C:\Program Files (x86)\Cypress\PSoC Creator\4.1\PSoC Creator\psoc\content\CyPrimitives\cyprimitives.cylib\ZeroTerminal\ZeroTerminal.v'.
Linking 'C:\Program Files (x86)\Cypress\PSoC Creator\4.1\PSoC Creator\warp\lib\common\stdlogic\cy_psoc3pkg.vif'.
Linking 'C:\Program Files (x86)\Cypress\PSoC Creator\4.1\PSoC Creator\warp\lib\common\stdlogic\cy_psoc3.vif'.
Linking 'C:\Program Files (x86)\Cypress\PSoC Creator\4.1\PSoC Creator\warp\lib\lcpsoc3\stdlogic\mod_cnst.vif'.
Linking 'C:\Program Files (x86)\Cypress\PSoC Creator\4.1\PSoC Creator\warp\lib\lcpsoc3\stdlogic\cpsoc3.vif'.

----------------------------------------------------------
Detecting unused logic.
----------------------------------------------------------
    User names
	Net_1
	\ble:Net_55\
	\pwm:PWMUDB:km_run\
	\pwm:PWMUDB:ctrl_cmpmode2_2\
	\pwm:PWMUDB:ctrl_cmpmode2_1\
	\pwm:PWMUDB:ctrl_cmpmode2_0\
	\pwm:PWMUDB:ctrl_cmpmode1_2\
	\pwm:PWMUDB:ctrl_cmpmode1_1\
	\pwm:PWMUDB:ctrl_cmpmode1_0\
	\pwm:PWMUDB:capt_rising\
	\pwm:PWMUDB:capt_falling\
	\pwm:PWMUDB:trig_rise\
	\pwm:PWMUDB:trig_fall\
	\pwm:PWMUDB:sc_kill\
	\pwm:PWMUDB:min_kill\
	\pwm:PWMUDB:db_tc\
	\pwm:PWMUDB:dith_sel\
	\pwm:PWMUDB:compare2\
	Net_47
	Net_48
	Net_49
	\pwm:PWMUDB:MODULE_1:b_31\
	\pwm:PWMUDB:MODULE_1:b_30\
	\pwm:PWMUDB:MODULE_1:b_29\
	\pwm:PWMUDB:MODULE_1:b_28\
	\pwm:PWMUDB:MODULE_1:b_27\
	\pwm:PWMUDB:MODULE_1:b_26\
	\pwm:PWMUDB:MODULE_1:b_25\
	\pwm:PWMUDB:MODULE_1:b_24\
	\pwm:PWMUDB:MODULE_1:b_23\
	\pwm:PWMUDB:MODULE_1:b_22\
	\pwm:PWMUDB:MODULE_1:b_21\
	\pwm:PWMUDB:MODULE_1:b_20\
	\pwm:PWMUDB:MODULE_1:b_19\
	\pwm:PWMUDB:MODULE_1:b_18\
	\pwm:PWMUDB:MODULE_1:b_17\
	\pwm:PWMUDB:MODULE_1:b_16\
	\pwm:PWMUDB:MODULE_1:b_15\
	\pwm:PWMUDB:MODULE_1:b_14\
	\pwm:PWMUDB:MODULE_1:b_13\
	\pwm:PWMUDB:MODULE_1:b_12\
	\pwm:PWMUDB:MODULE_1:b_11\
	\pwm:PWMUDB:MODULE_1:b_10\
	\pwm:PWMUDB:MODULE_1:b_9\
	\pwm:PWMUDB:MODULE_1:b_8\
	\pwm:PWMUDB:MODULE_1:b_7\
	\pwm:PWMUDB:MODULE_1:b_6\
	\pwm:PWMUDB:MODULE_1:b_5\
	\pwm:PWMUDB:MODULE_1:b_4\
	\pwm:PWMUDB:MODULE_1:b_3\
	\pwm:PWMUDB:MODULE_1:b_2\
	\pwm:PWMUDB:MODULE_1:b_1\
	\pwm:PWMUDB:MODULE_1:b_0\
	\pwm:PWMUDB:MODULE_1:g2:a0:a_31\
	\pwm:PWMUDB:MODULE_1:g2:a0:a_30\
	\pwm:PWMUDB:MODULE_1:g2:a0:a_29\
	\pwm:PWMUDB:MODULE_1:g2:a0:a_28\
	\pwm:PWMUDB:MODULE_1:g2:a0:a_27\
	\pwm:PWMUDB:MODULE_1:g2:a0:a_26\
	\pwm:PWMUDB:MODULE_1:g2:a0:a_25\
	\pwm:PWMUDB:MODULE_1:g2:a0:a_24\
	\pwm:PWMUDB:MODULE_1:g2:a0:b_31\
	\pwm:PWMUDB:MODULE_1:g2:a0:b_30\
	\pwm:PWMUDB:MODULE_1:g2:a0:b_29\
	\pwm:PWMUDB:MODULE_1:g2:a0:b_28\
	\pwm:PWMUDB:MODULE_1:g2:a0:b_27\
	\pwm:PWMUDB:MODULE_1:g2:a0:b_26\
	\pwm:PWMUDB:MODULE_1:g2:a0:b_25\
	\pwm:PWMUDB:MODULE_1:g2:a0:b_24\
	\pwm:PWMUDB:MODULE_1:g2:a0:b_23\
	\pwm:PWMUDB:MODULE_1:g2:a0:b_22\
	\pwm:PWMUDB:MODULE_1:g2:a0:b_21\
	\pwm:PWMUDB:MODULE_1:g2:a0:b_20\
	\pwm:PWMUDB:MODULE_1:g2:a0:b_19\
	\pwm:PWMUDB:MODULE_1:g2:a0:b_18\
	\pwm:PWMUDB:MODULE_1:g2:a0:b_17\
	\pwm:PWMUDB:MODULE_1:g2:a0:b_16\
	\pwm:PWMUDB:MODULE_1:g2:a0:b_15\
	\pwm:PWMUDB:MODULE_1:g2:a0:b_14\
	\pwm:PWMUDB:MODULE_1:g2:a0:b_13\
	\pwm:PWMUDB:MODULE_1:g2:a0:b_12\
	\pwm:PWMUDB:MODULE_1:g2:a0:b_11\
	\pwm:PWMUDB:MODULE_1:g2:a0:b_10\
	\pwm:PWMUDB:MODULE_1:g2:a0:b_9\
	\pwm:PWMUDB:MODULE_1:g2:a0:b_8\
	\pwm:PWMUDB:MODULE_1:g2:a0:b_7\
	\pwm:PWMUDB:MODULE_1:g2:a0:b_6\
	\pwm:PWMUDB:MODULE_1:g2:a0:b_5\
	\pwm:PWMUDB:MODULE_1:g2:a0:b_4\
	\pwm:PWMUDB:MODULE_1:g2:a0:b_3\
	\pwm:PWMUDB:MODULE_1:g2:a0:b_2\
	\pwm:PWMUDB:MODULE_1:g2:a0:b_1\
	\pwm:PWMUDB:MODULE_1:g2:a0:b_0\
	\pwm:PWMUDB:MODULE_1:g2:a0:s_31\
	\pwm:PWMUDB:MODULE_1:g2:a0:s_30\
	\pwm:PWMUDB:MODULE_1:g2:a0:s_29\
	\pwm:PWMUDB:MODULE_1:g2:a0:s_28\
	\pwm:PWMUDB:MODULE_1:g2:a0:s_27\
	\pwm:PWMUDB:MODULE_1:g2:a0:s_26\
	\pwm:PWMUDB:MODULE_1:g2:a0:s_25\
	\pwm:PWMUDB:MODULE_1:g2:a0:s_24\
	\pwm:PWMUDB:MODULE_1:g2:a0:s_23\
	\pwm:PWMUDB:MODULE_1:g2:a0:s_22\
	\pwm:PWMUDB:MODULE_1:g2:a0:s_21\
	\pwm:PWMUDB:MODULE_1:g2:a0:s_20\
	\pwm:PWMUDB:MODULE_1:g2:a0:s_19\
	\pwm:PWMUDB:MODULE_1:g2:a0:s_18\
	\pwm:PWMUDB:MODULE_1:g2:a0:s_17\
	\pwm:PWMUDB:MODULE_1:g2:a0:s_16\
	\pwm:PWMUDB:MODULE_1:g2:a0:s_15\
	\pwm:PWMUDB:MODULE_1:g2:a0:s_14\
	\pwm:PWMUDB:MODULE_1:g2:a0:s_13\
	\pwm:PWMUDB:MODULE_1:g2:a0:s_12\
	\pwm:PWMUDB:MODULE_1:g2:a0:s_11\
	\pwm:PWMUDB:MODULE_1:g2:a0:s_10\
	\pwm:PWMUDB:MODULE_1:g2:a0:s_9\
	\pwm:PWMUDB:MODULE_1:g2:a0:s_8\
	\pwm:PWMUDB:MODULE_1:g2:a0:s_7\
	\pwm:PWMUDB:MODULE_1:g2:a0:s_6\
	\pwm:PWMUDB:MODULE_1:g2:a0:s_5\
	\pwm:PWMUDB:MODULE_1:g2:a0:s_4\
	\pwm:PWMUDB:MODULE_1:g2:a0:s_3\
	\pwm:PWMUDB:MODULE_1:g2:a0:s_2\
	\pwm:PWMUDB:MODULE_1:g2:a0:g1:z1:s0:g1:u0:c_31\
	\pwm:PWMUDB:MODULE_1:g2:a0:g1:z1:s0:g1:u0:c_30\
	\pwm:PWMUDB:MODULE_1:g2:a0:g1:z1:s0:g1:u0:c_29\
	\pwm:PWMUDB:MODULE_1:g2:a0:g1:z1:s0:g1:u0:c_28\
	\pwm:PWMUDB:MODULE_1:g2:a0:g1:z1:s0:g1:u0:c_27\
	\pwm:PWMUDB:MODULE_1:g2:a0:g1:z1:s0:g1:u0:c_26\
	\pwm:PWMUDB:MODULE_1:g2:a0:g1:z1:s0:g1:u0:c_25\
	\pwm:Net_139\
	\pwm:Net_138\
	\pwm:Net_183\
	\pwm:Net_181\
	\controlPWM:PWMUDB:km_run\
	\controlPWM:PWMUDB:ctrl_cmpmode2_2\
	\controlPWM:PWMUDB:ctrl_cmpmode2_1\
	\controlPWM:PWMUDB:ctrl_cmpmode2_0\
	\controlPWM:PWMUDB:ctrl_cmpmode1_2\
	\controlPWM:PWMUDB:ctrl_cmpmode1_1\
	\controlPWM:PWMUDB:ctrl_cmpmode1_0\
	\controlPWM:PWMUDB:capt_rising\
	\controlPWM:PWMUDB:capt_falling\
	\controlPWM:PWMUDB:trig_rise\
	\controlPWM:PWMUDB:trig_fall\
	\controlPWM:PWMUDB:sc_kill\
	\controlPWM:PWMUDB:min_kill\
	\controlPWM:PWMUDB:db_tc\
	\controlPWM:PWMUDB:dith_sel\
	\controlPWM:PWMUDB:compare2\
	Net_400
	Net_401
	Net_402
	\controlPWM:PWMUDB:MODULE_2:b_31\
	\controlPWM:PWMUDB:MODULE_2:b_30\
	\controlPWM:PWMUDB:MODULE_2:b_29\
	\controlPWM:PWMUDB:MODULE_2:b_28\
	\controlPWM:PWMUDB:MODULE_2:b_27\
	\controlPWM:PWMUDB:MODULE_2:b_26\
	\controlPWM:PWMUDB:MODULE_2:b_25\
	\controlPWM:PWMUDB:MODULE_2:b_24\
	\controlPWM:PWMUDB:MODULE_2:b_23\
	\controlPWM:PWMUDB:MODULE_2:b_22\
	\controlPWM:PWMUDB:MODULE_2:b_21\
	\controlPWM:PWMUDB:MODULE_2:b_20\
	\controlPWM:PWMUDB:MODULE_2:b_19\
	\controlPWM:PWMUDB:MODULE_2:b_18\
	\controlPWM:PWMUDB:MODULE_2:b_17\
	\controlPWM:PWMUDB:MODULE_2:b_16\
	\controlPWM:PWMUDB:MODULE_2:b_15\
	\controlPWM:PWMUDB:MODULE_2:b_14\
	\controlPWM:PWMUDB:MODULE_2:b_13\
	\controlPWM:PWMUDB:MODULE_2:b_12\
	\controlPWM:PWMUDB:MODULE_2:b_11\
	\controlPWM:PWMUDB:MODULE_2:b_10\
	\controlPWM:PWMUDB:MODULE_2:b_9\
	\controlPWM:PWMUDB:MODULE_2:b_8\
	\controlPWM:PWMUDB:MODULE_2:b_7\
	\controlPWM:PWMUDB:MODULE_2:b_6\
	\controlPWM:PWMUDB:MODULE_2:b_5\
	\controlPWM:PWMUDB:MODULE_2:b_4\
	\controlPWM:PWMUDB:MODULE_2:b_3\
	\controlPWM:PWMUDB:MODULE_2:b_2\
	\controlPWM:PWMUDB:MODULE_2:b_1\
	\controlPWM:PWMUDB:MODULE_2:b_0\
	\controlPWM:PWMUDB:MODULE_2:g2:a0:a_31\
	\controlPWM:PWMUDB:MODULE_2:g2:a0:a_30\
	\controlPWM:PWMUDB:MODULE_2:g2:a0:a_29\
	\controlPWM:PWMUDB:MODULE_2:g2:a0:a_28\
	\controlPWM:PWMUDB:MODULE_2:g2:a0:a_27\
	\controlPWM:PWMUDB:MODULE_2:g2:a0:a_26\
	\controlPWM:PWMUDB:MODULE_2:g2:a0:a_25\
	\controlPWM:PWMUDB:MODULE_2:g2:a0:a_24\
	\controlPWM:PWMUDB:MODULE_2:g2:a0:b_31\
	\controlPWM:PWMUDB:MODULE_2:g2:a0:b_30\
	\controlPWM:PWMUDB:MODULE_2:g2:a0:b_29\
	\controlPWM:PWMUDB:MODULE_2:g2:a0:b_28\
	\controlPWM:PWMUDB:MODULE_2:g2:a0:b_27\
	\controlPWM:PWMUDB:MODULE_2:g2:a0:b_26\
	\controlPWM:PWMUDB:MODULE_2:g2:a0:b_25\
	\controlPWM:PWMUDB:MODULE_2:g2:a0:b_24\
	\controlPWM:PWMUDB:MODULE_2:g2:a0:b_23\
	\controlPWM:PWMUDB:MODULE_2:g2:a0:b_22\
	\controlPWM:PWMUDB:MODULE_2:g2:a0:b_21\
	\controlPWM:PWMUDB:MODULE_2:g2:a0:b_20\
	\controlPWM:PWMUDB:MODULE_2:g2:a0:b_19\
	\controlPWM:PWMUDB:MODULE_2:g2:a0:b_18\
	\controlPWM:PWMUDB:MODULE_2:g2:a0:b_17\
	\controlPWM:PWMUDB:MODULE_2:g2:a0:b_16\
	\controlPWM:PWMUDB:MODULE_2:g2:a0:b_15\
	\controlPWM:PWMUDB:MODULE_2:g2:a0:b_14\
	\controlPWM:PWMUDB:MODULE_2:g2:a0:b_13\
	\controlPWM:PWMUDB:MODULE_2:g2:a0:b_12\
	\controlPWM:PWMUDB:MODULE_2:g2:a0:b_11\
	\controlPWM:PWMUDB:MODULE_2:g2:a0:b_10\
	\controlPWM:PWMUDB:MODULE_2:g2:a0:b_9\
	\controlPWM:PWMUDB:MODULE_2:g2:a0:b_8\
	\controlPWM:PWMUDB:MODULE_2:g2:a0:b_7\
	\controlPWM:PWMUDB:MODULE_2:g2:a0:b_6\
	\controlPWM:PWMUDB:MODULE_2:g2:a0:b_5\
	\controlPWM:PWMUDB:MODULE_2:g2:a0:b_4\
	\controlPWM:PWMUDB:MODULE_2:g2:a0:b_3\
	\controlPWM:PWMUDB:MODULE_2:g2:a0:b_2\
	\controlPWM:PWMUDB:MODULE_2:g2:a0:b_1\
	\controlPWM:PWMUDB:MODULE_2:g2:a0:b_0\
	\controlPWM:PWMUDB:MODULE_2:g2:a0:s_31\
	\controlPWM:PWMUDB:MODULE_2:g2:a0:s_30\
	\controlPWM:PWMUDB:MODULE_2:g2:a0:s_29\
	\controlPWM:PWMUDB:MODULE_2:g2:a0:s_28\
	\controlPWM:PWMUDB:MODULE_2:g2:a0:s_27\
	\controlPWM:PWMUDB:MODULE_2:g2:a0:s_26\
	\controlPWM:PWMUDB:MODULE_2:g2:a0:s_25\
	\controlPWM:PWMUDB:MODULE_2:g2:a0:s_24\
	\controlPWM:PWMUDB:MODULE_2:g2:a0:s_23\
	\controlPWM:PWMUDB:MODULE_2:g2:a0:s_22\
	\controlPWM:PWMUDB:MODULE_2:g2:a0:s_21\
	\controlPWM:PWMUDB:MODULE_2:g2:a0:s_20\
	\controlPWM:PWMUDB:MODULE_2:g2:a0:s_19\
	\controlPWM:PWMUDB:MODULE_2:g2:a0:s_18\
	\controlPWM:PWMUDB:MODULE_2:g2:a0:s_17\
	\controlPWM:PWMUDB:MODULE_2:g2:a0:s_16\
	\controlPWM:PWMUDB:MODULE_2:g2:a0:s_15\
	\controlPWM:PWMUDB:MODULE_2:g2:a0:s_14\
	\controlPWM:PWMUDB:MODULE_2:g2:a0:s_13\
	\controlPWM:PWMUDB:MODULE_2:g2:a0:s_12\
	\controlPWM:PWMUDB:MODULE_2:g2:a0:s_11\
	\controlPWM:PWMUDB:MODULE_2:g2:a0:s_10\
	\controlPWM:PWMUDB:MODULE_2:g2:a0:s_9\
	\controlPWM:PWMUDB:MODULE_2:g2:a0:s_8\
	\controlPWM:PWMUDB:MODULE_2:g2:a0:s_7\
	\controlPWM:PWMUDB:MODULE_2:g2:a0:s_6\
	\controlPWM:PWMUDB:MODULE_2:g2:a0:s_5\
	\controlPWM:PWMUDB:MODULE_2:g2:a0:s_4\
	\controlPWM:PWMUDB:MODULE_2:g2:a0:s_3\
	\controlPWM:PWMUDB:MODULE_2:g2:a0:s_2\
	\controlPWM:PWMUDB:MODULE_2:g2:a0:g1:z1:s0:g1:u0:c_31\
	\controlPWM:PWMUDB:MODULE_2:g2:a0:g1:z1:s0:g1:u0:c_30\
	\controlPWM:PWMUDB:MODULE_2:g2:a0:g1:z1:s0:g1:u0:c_29\
	\controlPWM:PWMUDB:MODULE_2:g2:a0:g1:z1:s0:g1:u0:c_28\
	\controlPWM:PWMUDB:MODULE_2:g2:a0:g1:z1:s0:g1:u0:c_27\
	\controlPWM:PWMUDB:MODULE_2:g2:a0:g1:z1:s0:g1:u0:c_26\
	\controlPWM:PWMUDB:MODULE_2:g2:a0:g1:z1:s0:g1:u0:c_25\
	\controlPWM:Net_139\
	\controlPWM:Net_138\
	\controlPWM:Net_183\
	\controlPWM:Net_181\

    Synthesized names
	\pwm:PWMUDB:add_vi_vv_MODGEN_1_31\
	\pwm:PWMUDB:add_vi_vv_MODGEN_1_30\
	\pwm:PWMUDB:add_vi_vv_MODGEN_1_29\
	\pwm:PWMUDB:add_vi_vv_MODGEN_1_28\
	\pwm:PWMUDB:add_vi_vv_MODGEN_1_27\
	\pwm:PWMUDB:add_vi_vv_MODGEN_1_26\
	\pwm:PWMUDB:add_vi_vv_MODGEN_1_25\
	\pwm:PWMUDB:add_vi_vv_MODGEN_1_24\
	\pwm:PWMUDB:add_vi_vv_MODGEN_1_23\
	\pwm:PWMUDB:add_vi_vv_MODGEN_1_22\
	\pwm:PWMUDB:add_vi_vv_MODGEN_1_21\
	\pwm:PWMUDB:add_vi_vv_MODGEN_1_20\
	\pwm:PWMUDB:add_vi_vv_MODGEN_1_19\
	\pwm:PWMUDB:add_vi_vv_MODGEN_1_18\
	\pwm:PWMUDB:add_vi_vv_MODGEN_1_17\
	\pwm:PWMUDB:add_vi_vv_MODGEN_1_16\
	\pwm:PWMUDB:add_vi_vv_MODGEN_1_15\
	\pwm:PWMUDB:add_vi_vv_MODGEN_1_14\
	\pwm:PWMUDB:add_vi_vv_MODGEN_1_13\
	\pwm:PWMUDB:add_vi_vv_MODGEN_1_12\
	\pwm:PWMUDB:add_vi_vv_MODGEN_1_11\
	\pwm:PWMUDB:add_vi_vv_MODGEN_1_10\
	\pwm:PWMUDB:add_vi_vv_MODGEN_1_9\
	\pwm:PWMUDB:add_vi_vv_MODGEN_1_8\
	\pwm:PWMUDB:add_vi_vv_MODGEN_1_7\
	\pwm:PWMUDB:add_vi_vv_MODGEN_1_6\
	\pwm:PWMUDB:add_vi_vv_MODGEN_1_5\
	\pwm:PWMUDB:add_vi_vv_MODGEN_1_4\
	\pwm:PWMUDB:add_vi_vv_MODGEN_1_3\
	\pwm:PWMUDB:add_vi_vv_MODGEN_1_2\
	\controlPWM:PWMUDB:add_vi_vv_MODGEN_2_31\
	\controlPWM:PWMUDB:add_vi_vv_MODGEN_2_30\
	\controlPWM:PWMUDB:add_vi_vv_MODGEN_2_29\
	\controlPWM:PWMUDB:add_vi_vv_MODGEN_2_28\
	\controlPWM:PWMUDB:add_vi_vv_MODGEN_2_27\
	\controlPWM:PWMUDB:add_vi_vv_MODGEN_2_26\
	\controlPWM:PWMUDB:add_vi_vv_MODGEN_2_25\
	\controlPWM:PWMUDB:add_vi_vv_MODGEN_2_24\
	\controlPWM:PWMUDB:add_vi_vv_MODGEN_2_23\
	\controlPWM:PWMUDB:add_vi_vv_MODGEN_2_22\
	\controlPWM:PWMUDB:add_vi_vv_MODGEN_2_21\
	\controlPWM:PWMUDB:add_vi_vv_MODGEN_2_20\
	\controlPWM:PWMUDB:add_vi_vv_MODGEN_2_19\
	\controlPWM:PWMUDB:add_vi_vv_MODGEN_2_18\
	\controlPWM:PWMUDB:add_vi_vv_MODGEN_2_17\
	\controlPWM:PWMUDB:add_vi_vv_MODGEN_2_16\
	\controlPWM:PWMUDB:add_vi_vv_MODGEN_2_15\
	\controlPWM:PWMUDB:add_vi_vv_MODGEN_2_14\
	\controlPWM:PWMUDB:add_vi_vv_MODGEN_2_13\
	\controlPWM:PWMUDB:add_vi_vv_MODGEN_2_12\
	\controlPWM:PWMUDB:add_vi_vv_MODGEN_2_11\
	\controlPWM:PWMUDB:add_vi_vv_MODGEN_2_10\
	\controlPWM:PWMUDB:add_vi_vv_MODGEN_2_9\
	\controlPWM:PWMUDB:add_vi_vv_MODGEN_2_8\
	\controlPWM:PWMUDB:add_vi_vv_MODGEN_2_7\
	\controlPWM:PWMUDB:add_vi_vv_MODGEN_2_6\
	\controlPWM:PWMUDB:add_vi_vv_MODGEN_2_5\
	\controlPWM:PWMUDB:add_vi_vv_MODGEN_2_4\
	\controlPWM:PWMUDB:add_vi_vv_MODGEN_2_3\
	\controlPWM:PWMUDB:add_vi_vv_MODGEN_2_2\

Deleted 266 User equations/components.
Deleted 60 Synthesized equations/components.

------------------------------------------------------
Alias Detection
------------------------------------------------------
Aliasing \pwm:Net_180\ to zero
Aliasing \pwm:PWMUDB:hwCapture\ to zero
Aliasing \pwm:Net_178\ to zero
Aliasing \pwm:PWMUDB:trig_out\ to one
Aliasing \pwm:Net_186\ to zero
Aliasing \pwm:PWMUDB:runmode_enable\\S\ to zero
Aliasing \pwm:Net_179\ to one
Aliasing \pwm:PWMUDB:ltch_kill_reg\\R\ to \pwm:PWMUDB:runmode_enable\\R\
Aliasing \pwm:PWMUDB:ltch_kill_reg\\S\ to zero
Aliasing \pwm:PWMUDB:km_tc\ to zero
Aliasing \pwm:PWMUDB:min_kill_reg\\R\ to \pwm:PWMUDB:runmode_enable\\R\
Aliasing \pwm:PWMUDB:min_kill_reg\\S\ to zero
Aliasing \pwm:PWMUDB:final_kill\ to one
Aliasing \pwm:PWMUDB:dith_count_1\\R\ to \pwm:PWMUDB:runmode_enable\\R\
Aliasing \pwm:PWMUDB:dith_count_1\\S\ to zero
Aliasing \pwm:PWMUDB:dith_count_0\\R\ to \pwm:PWMUDB:runmode_enable\\R\
Aliasing \pwm:PWMUDB:dith_count_0\\S\ to zero
Aliasing \pwm:PWMUDB:status_6\ to zero
Aliasing \pwm:PWMUDB:status_4\ to zero
Aliasing \pwm:PWMUDB:cmp2\ to zero
Aliasing \pwm:PWMUDB:cmp1_status_reg\\R\ to \pwm:PWMUDB:runmode_enable\\R\
Aliasing \pwm:PWMUDB:cmp1_status_reg\\S\ to zero
Aliasing \pwm:PWMUDB:cmp2_status_reg\\R\ to \pwm:PWMUDB:runmode_enable\\R\
Aliasing \pwm:PWMUDB:cmp2_status_reg\\S\ to zero
Aliasing \pwm:PWMUDB:final_kill_reg\\R\ to \pwm:PWMUDB:runmode_enable\\R\
Aliasing \pwm:PWMUDB:final_kill_reg\\S\ to zero
Aliasing \pwm:PWMUDB:cs_addr_0\ to \pwm:PWMUDB:runmode_enable\\R\
Aliasing \pwm:PWMUDB:pwm1_i\ to zero
Aliasing \pwm:PWMUDB:pwm2_i\ to zero
Aliasing \pwm:PWMUDB:MODULE_1:g2:a0:a_23\ to zero
Aliasing \pwm:PWMUDB:MODULE_1:g2:a0:a_22\ to zero
Aliasing \pwm:PWMUDB:MODULE_1:g2:a0:a_21\ to zero
Aliasing \pwm:PWMUDB:MODULE_1:g2:a0:a_20\ to zero
Aliasing \pwm:PWMUDB:MODULE_1:g2:a0:a_19\ to zero
Aliasing \pwm:PWMUDB:MODULE_1:g2:a0:a_18\ to zero
Aliasing \pwm:PWMUDB:MODULE_1:g2:a0:a_17\ to zero
Aliasing \pwm:PWMUDB:MODULE_1:g2:a0:a_16\ to zero
Aliasing \pwm:PWMUDB:MODULE_1:g2:a0:a_15\ to zero
Aliasing \pwm:PWMUDB:MODULE_1:g2:a0:a_14\ to zero
Aliasing \pwm:PWMUDB:MODULE_1:g2:a0:a_13\ to zero
Aliasing \pwm:PWMUDB:MODULE_1:g2:a0:a_12\ to zero
Aliasing \pwm:PWMUDB:MODULE_1:g2:a0:a_11\ to zero
Aliasing \pwm:PWMUDB:MODULE_1:g2:a0:a_10\ to zero
Aliasing \pwm:PWMUDB:MODULE_1:g2:a0:a_9\ to zero
Aliasing \pwm:PWMUDB:MODULE_1:g2:a0:a_8\ to zero
Aliasing \pwm:PWMUDB:MODULE_1:g2:a0:a_7\ to zero
Aliasing \pwm:PWMUDB:MODULE_1:g2:a0:a_6\ to zero
Aliasing \pwm:PWMUDB:MODULE_1:g2:a0:a_5\ to zero
Aliasing \pwm:PWMUDB:MODULE_1:g2:a0:a_4\ to zero
Aliasing \pwm:PWMUDB:MODULE_1:g2:a0:a_3\ to zero
Aliasing \pwm:PWMUDB:MODULE_1:g2:a0:a_2\ to zero
Aliasing \pwm:PWMUDB:MODULE_1:g2:a0:g1:z1:s0:g1:u0:b_0\ to one
Aliasing \controlPWM:Net_180\ to zero
Aliasing \controlPWM:PWMUDB:hwCapture\ to zero
Aliasing \controlPWM:Net_178\ to zero
Aliasing \controlPWM:PWMUDB:trig_out\ to one
Aliasing \controlPWM:Net_186\ to zero
Aliasing \controlPWM:PWMUDB:runmode_enable\\S\ to zero
Aliasing \controlPWM:Net_179\ to one
Aliasing \controlPWM:PWMUDB:ltch_kill_reg\\R\ to \controlPWM:PWMUDB:runmode_enable\\R\
Aliasing \controlPWM:PWMUDB:ltch_kill_reg\\S\ to zero
Aliasing \controlPWM:PWMUDB:km_tc\ to zero
Aliasing \controlPWM:PWMUDB:min_kill_reg\\R\ to \controlPWM:PWMUDB:runmode_enable\\R\
Aliasing \controlPWM:PWMUDB:min_kill_reg\\S\ to zero
Aliasing \controlPWM:PWMUDB:final_kill\ to one
Aliasing \controlPWM:PWMUDB:dith_count_1\\R\ to \controlPWM:PWMUDB:runmode_enable\\R\
Aliasing \controlPWM:PWMUDB:dith_count_1\\S\ to zero
Aliasing \controlPWM:PWMUDB:dith_count_0\\R\ to \controlPWM:PWMUDB:runmode_enable\\R\
Aliasing \controlPWM:PWMUDB:dith_count_0\\S\ to zero
Aliasing \controlPWM:PWMUDB:status_6\ to zero
Aliasing \controlPWM:PWMUDB:status_4\ to zero
Aliasing \controlPWM:PWMUDB:cmp2\ to zero
Aliasing \controlPWM:PWMUDB:cmp1_status_reg\\R\ to \controlPWM:PWMUDB:runmode_enable\\R\
Aliasing \controlPWM:PWMUDB:cmp1_status_reg\\S\ to zero
Aliasing \controlPWM:PWMUDB:cmp2_status_reg\\R\ to \controlPWM:PWMUDB:runmode_enable\\R\
Aliasing \controlPWM:PWMUDB:cmp2_status_reg\\S\ to zero
Aliasing \controlPWM:PWMUDB:final_kill_reg\\R\ to \controlPWM:PWMUDB:runmode_enable\\R\
Aliasing \controlPWM:PWMUDB:final_kill_reg\\S\ to zero
Aliasing \controlPWM:PWMUDB:cs_addr_0\ to \controlPWM:PWMUDB:runmode_enable\\R\
Aliasing \controlPWM:PWMUDB:pwm1_i\ to zero
Aliasing \controlPWM:PWMUDB:pwm2_i\ to zero
Aliasing \controlPWM:PWMUDB:MODULE_2:g2:a0:a_23\ to zero
Aliasing \controlPWM:PWMUDB:MODULE_2:g2:a0:a_22\ to zero
Aliasing \controlPWM:PWMUDB:MODULE_2:g2:a0:a_21\ to zero
Aliasing \controlPWM:PWMUDB:MODULE_2:g2:a0:a_20\ to zero
Aliasing \controlPWM:PWMUDB:MODULE_2:g2:a0:a_19\ to zero
Aliasing \controlPWM:PWMUDB:MODULE_2:g2:a0:a_18\ to zero
Aliasing \controlPWM:PWMUDB:MODULE_2:g2:a0:a_17\ to zero
Aliasing \controlPWM:PWMUDB:MODULE_2:g2:a0:a_16\ to zero
Aliasing \controlPWM:PWMUDB:MODULE_2:g2:a0:a_15\ to zero
Aliasing \controlPWM:PWMUDB:MODULE_2:g2:a0:a_14\ to zero
Aliasing \controlPWM:PWMUDB:MODULE_2:g2:a0:a_13\ to zero
Aliasing \controlPWM:PWMUDB:MODULE_2:g2:a0:a_12\ to zero
Aliasing \controlPWM:PWMUDB:MODULE_2:g2:a0:a_11\ to zero
Aliasing \controlPWM:PWMUDB:MODULE_2:g2:a0:a_10\ to zero
Aliasing \controlPWM:PWMUDB:MODULE_2:g2:a0:a_9\ to zero
Aliasing \controlPWM:PWMUDB:MODULE_2:g2:a0:a_8\ to zero
Aliasing \controlPWM:PWMUDB:MODULE_2:g2:a0:a_7\ to zero
Aliasing \controlPWM:PWMUDB:MODULE_2:g2:a0:a_6\ to zero
Aliasing \controlPWM:PWMUDB:MODULE_2:g2:a0:a_5\ to zero
Aliasing \controlPWM:PWMUDB:MODULE_2:g2:a0:a_4\ to zero
Aliasing \controlPWM:PWMUDB:MODULE_2:g2:a0:a_3\ to zero
Aliasing \controlPWM:PWMUDB:MODULE_2:g2:a0:a_2\ to zero
Aliasing \controlPWM:PWMUDB:MODULE_2:g2:a0:g1:z1:s0:g1:u0:b_0\ to one
Aliasing tmpOE__blue_net_0 to one
Aliasing tmpOE__Digital_Out_net_0 to one
Aliasing \pwm:PWMUDB:prevCompare1\\D\ to \pwm:PWMUDB:pwm_temp\
Aliasing \pwm:PWMUDB:tc_i_reg\\D\ to \pwm:PWMUDB:status_2\
Aliasing \controlPWM:PWMUDB:prevCompare1\\D\ to \controlPWM:PWMUDB:pwm_temp\
Aliasing \controlPWM:PWMUDB:tc_i_reg\\D\ to \controlPWM:PWMUDB:status_2\
Removing Lhs of wire \pwm:Net_68\[11] = Net_46[341]
Removing Lhs of wire \pwm:PWMUDB:ctrl_enable\[24] = \pwm:PWMUDB:control_7\[16]
Removing Lhs of wire \pwm:Net_180\[32] = zero[15]
Removing Lhs of wire \pwm:PWMUDB:hwCapture\[35] = zero[15]
Removing Lhs of wire \pwm:PWMUDB:hwEnable\[36] = \pwm:PWMUDB:control_7\[16]
Removing Lhs of wire \pwm:Net_178\[38] = zero[15]
Removing Lhs of wire \pwm:PWMUDB:trig_out\[41] = one[12]
Removing Lhs of wire \pwm:PWMUDB:runmode_enable\\R\[43] = zero[15]
Removing Lhs of wire \pwm:Net_186\[44] = zero[15]
Removing Lhs of wire \pwm:PWMUDB:runmode_enable\\S\[45] = zero[15]
Removing Lhs of wire \pwm:PWMUDB:final_enable\[46] = \pwm:PWMUDB:runmode_enable\[42]
Removing Lhs of wire \pwm:Net_179\[49] = one[12]
Removing Lhs of wire \pwm:PWMUDB:ltch_kill_reg\\R\[51] = zero[15]
Removing Lhs of wire \pwm:PWMUDB:ltch_kill_reg\\S\[52] = zero[15]
Removing Lhs of wire \pwm:PWMUDB:km_tc\[53] = zero[15]
Removing Lhs of wire \pwm:PWMUDB:min_kill_reg\\R\[54] = zero[15]
Removing Lhs of wire \pwm:PWMUDB:min_kill_reg\\S\[55] = zero[15]
Removing Lhs of wire \pwm:PWMUDB:final_kill\[58] = one[12]
Removing Lhs of wire \pwm:PWMUDB:add_vi_vv_MODGEN_1_1\[61] = \pwm:PWMUDB:MODULE_1:g2:a0:s_1\[300]
Removing Lhs of wire \pwm:PWMUDB:add_vi_vv_MODGEN_1_0\[63] = \pwm:PWMUDB:MODULE_1:g2:a0:s_0\[301]
Removing Lhs of wire \pwm:PWMUDB:dith_count_1\\R\[64] = zero[15]
Removing Lhs of wire \pwm:PWMUDB:dith_count_1\\S\[65] = zero[15]
Removing Lhs of wire \pwm:PWMUDB:dith_count_0\\R\[66] = zero[15]
Removing Lhs of wire \pwm:PWMUDB:dith_count_0\\S\[67] = zero[15]
Removing Lhs of wire \pwm:PWMUDB:status_6\[70] = zero[15]
Removing Rhs of wire \pwm:PWMUDB:status_5\[71] = \pwm:PWMUDB:final_kill_reg\[85]
Removing Lhs of wire \pwm:PWMUDB:status_4\[72] = zero[15]
Removing Rhs of wire \pwm:PWMUDB:status_3\[73] = \pwm:PWMUDB:fifo_full\[92]
Removing Rhs of wire \pwm:PWMUDB:status_1\[75] = \pwm:PWMUDB:cmp2_status_reg\[84]
Removing Rhs of wire \pwm:PWMUDB:status_0\[76] = \pwm:PWMUDB:cmp1_status_reg\[83]
Removing Lhs of wire \pwm:PWMUDB:cmp2_status\[81] = zero[15]
Removing Lhs of wire \pwm:PWMUDB:cmp2\[82] = zero[15]
Removing Lhs of wire \pwm:PWMUDB:cmp1_status_reg\\R\[86] = zero[15]
Removing Lhs of wire \pwm:PWMUDB:cmp1_status_reg\\S\[87] = zero[15]
Removing Lhs of wire \pwm:PWMUDB:cmp2_status_reg\\R\[88] = zero[15]
Removing Lhs of wire \pwm:PWMUDB:cmp2_status_reg\\S\[89] = zero[15]
Removing Lhs of wire \pwm:PWMUDB:final_kill_reg\\R\[90] = zero[15]
Removing Lhs of wire \pwm:PWMUDB:final_kill_reg\\S\[91] = zero[15]
Removing Lhs of wire \pwm:PWMUDB:cs_addr_2\[93] = \pwm:PWMUDB:tc_i\[48]
Removing Lhs of wire \pwm:PWMUDB:cs_addr_1\[94] = \pwm:PWMUDB:runmode_enable\[42]
Removing Lhs of wire \pwm:PWMUDB:cs_addr_0\[95] = zero[15]
Removing Lhs of wire \pwm:PWMUDB:compare1\[128] = \pwm:PWMUDB:cmp1_less\[99]
Removing Lhs of wire \pwm:PWMUDB:pwm1_i\[133] = zero[15]
Removing Lhs of wire \pwm:PWMUDB:pwm2_i\[135] = zero[15]
Removing Rhs of wire Net_56[138] = \pwm:PWMUDB:pwm_i_reg\[130]
Removing Lhs of wire \pwm:PWMUDB:pwm_temp\[141] = \pwm:PWMUDB:cmp1\[79]
Removing Lhs of wire \pwm:PWMUDB:MODULE_1:g2:a0:a_23\[182] = zero[15]
Removing Lhs of wire \pwm:PWMUDB:MODULE_1:g2:a0:a_22\[183] = zero[15]
Removing Lhs of wire \pwm:PWMUDB:MODULE_1:g2:a0:a_21\[184] = zero[15]
Removing Lhs of wire \pwm:PWMUDB:MODULE_1:g2:a0:a_20\[185] = zero[15]
Removing Lhs of wire \pwm:PWMUDB:MODULE_1:g2:a0:a_19\[186] = zero[15]
Removing Lhs of wire \pwm:PWMUDB:MODULE_1:g2:a0:a_18\[187] = zero[15]
Removing Lhs of wire \pwm:PWMUDB:MODULE_1:g2:a0:a_17\[188] = zero[15]
Removing Lhs of wire \pwm:PWMUDB:MODULE_1:g2:a0:a_16\[189] = zero[15]
Removing Lhs of wire \pwm:PWMUDB:MODULE_1:g2:a0:a_15\[190] = zero[15]
Removing Lhs of wire \pwm:PWMUDB:MODULE_1:g2:a0:a_14\[191] = zero[15]
Removing Lhs of wire \pwm:PWMUDB:MODULE_1:g2:a0:a_13\[192] = zero[15]
Removing Lhs of wire \pwm:PWMUDB:MODULE_1:g2:a0:a_12\[193] = zero[15]
Removing Lhs of wire \pwm:PWMUDB:MODULE_1:g2:a0:a_11\[194] = zero[15]
Removing Lhs of wire \pwm:PWMUDB:MODULE_1:g2:a0:a_10\[195] = zero[15]
Removing Lhs of wire \pwm:PWMUDB:MODULE_1:g2:a0:a_9\[196] = zero[15]
Removing Lhs of wire \pwm:PWMUDB:MODULE_1:g2:a0:a_8\[197] = zero[15]
Removing Lhs of wire \pwm:PWMUDB:MODULE_1:g2:a0:a_7\[198] = zero[15]
Removing Lhs of wire \pwm:PWMUDB:MODULE_1:g2:a0:a_6\[199] = zero[15]
Removing Lhs of wire \pwm:PWMUDB:MODULE_1:g2:a0:a_5\[200] = zero[15]
Removing Lhs of wire \pwm:PWMUDB:MODULE_1:g2:a0:a_4\[201] = zero[15]
Removing Lhs of wire \pwm:PWMUDB:MODULE_1:g2:a0:a_3\[202] = zero[15]
Removing Lhs of wire \pwm:PWMUDB:MODULE_1:g2:a0:a_2\[203] = zero[15]
Removing Lhs of wire \pwm:PWMUDB:MODULE_1:g2:a0:a_1\[204] = \pwm:PWMUDB:MODIN1_1\[205]
Removing Lhs of wire \pwm:PWMUDB:MODIN1_1\[205] = \pwm:PWMUDB:dith_count_1\[60]
Removing Lhs of wire \pwm:PWMUDB:MODULE_1:g2:a0:a_0\[206] = \pwm:PWMUDB:MODIN1_0\[207]
Removing Lhs of wire \pwm:PWMUDB:MODIN1_0\[207] = \pwm:PWMUDB:dith_count_0\[62]
Removing Lhs of wire \pwm:PWMUDB:MODULE_1:g2:a0:g1:z1:s0:g1:u0:c_0\[339] = one[12]
Removing Lhs of wire \pwm:PWMUDB:MODULE_1:g2:a0:g1:z1:s0:g1:u0:b_0\[340] = one[12]
Removing Lhs of wire \controlPWM:Net_68\[350] = Net_398[678]
Removing Lhs of wire \controlPWM:PWMUDB:ctrl_enable\[361] = \controlPWM:PWMUDB:control_7\[353]
Removing Lhs of wire \controlPWM:Net_180\[369] = zero[15]
Removing Lhs of wire \controlPWM:PWMUDB:hwCapture\[372] = zero[15]
Removing Lhs of wire \controlPWM:PWMUDB:hwEnable\[373] = \controlPWM:PWMUDB:control_7\[353]
Removing Lhs of wire \controlPWM:Net_178\[375] = zero[15]
Removing Lhs of wire \controlPWM:PWMUDB:trig_out\[378] = one[12]
Removing Lhs of wire \controlPWM:PWMUDB:runmode_enable\\R\[380] = zero[15]
Removing Lhs of wire \controlPWM:Net_186\[381] = zero[15]
Removing Lhs of wire \controlPWM:PWMUDB:runmode_enable\\S\[382] = zero[15]
Removing Lhs of wire \controlPWM:PWMUDB:final_enable\[383] = \controlPWM:PWMUDB:runmode_enable\[379]
Removing Lhs of wire \controlPWM:Net_179\[386] = one[12]
Removing Lhs of wire \controlPWM:PWMUDB:ltch_kill_reg\\R\[388] = zero[15]
Removing Lhs of wire \controlPWM:PWMUDB:ltch_kill_reg\\S\[389] = zero[15]
Removing Lhs of wire \controlPWM:PWMUDB:km_tc\[390] = zero[15]
Removing Lhs of wire \controlPWM:PWMUDB:min_kill_reg\\R\[391] = zero[15]
Removing Lhs of wire \controlPWM:PWMUDB:min_kill_reg\\S\[392] = zero[15]
Removing Lhs of wire \controlPWM:PWMUDB:final_kill\[395] = one[12]
Removing Lhs of wire \controlPWM:PWMUDB:add_vi_vv_MODGEN_2_1\[398] = \controlPWM:PWMUDB:MODULE_2:g2:a0:s_1\[637]
Removing Lhs of wire \controlPWM:PWMUDB:add_vi_vv_MODGEN_2_0\[400] = \controlPWM:PWMUDB:MODULE_2:g2:a0:s_0\[638]
Removing Lhs of wire \controlPWM:PWMUDB:dith_count_1\\R\[401] = zero[15]
Removing Lhs of wire \controlPWM:PWMUDB:dith_count_1\\S\[402] = zero[15]
Removing Lhs of wire \controlPWM:PWMUDB:dith_count_0\\R\[403] = zero[15]
Removing Lhs of wire \controlPWM:PWMUDB:dith_count_0\\S\[404] = zero[15]
Removing Lhs of wire \controlPWM:PWMUDB:status_6\[407] = zero[15]
Removing Rhs of wire \controlPWM:PWMUDB:status_5\[408] = \controlPWM:PWMUDB:final_kill_reg\[422]
Removing Lhs of wire \controlPWM:PWMUDB:status_4\[409] = zero[15]
Removing Rhs of wire \controlPWM:PWMUDB:status_3\[410] = \controlPWM:PWMUDB:fifo_full\[429]
Removing Rhs of wire \controlPWM:PWMUDB:status_1\[412] = \controlPWM:PWMUDB:cmp2_status_reg\[421]
Removing Rhs of wire \controlPWM:PWMUDB:status_0\[413] = \controlPWM:PWMUDB:cmp1_status_reg\[420]
Removing Lhs of wire \controlPWM:PWMUDB:cmp2_status\[418] = zero[15]
Removing Lhs of wire \controlPWM:PWMUDB:cmp2\[419] = zero[15]
Removing Lhs of wire \controlPWM:PWMUDB:cmp1_status_reg\\R\[423] = zero[15]
Removing Lhs of wire \controlPWM:PWMUDB:cmp1_status_reg\\S\[424] = zero[15]
Removing Lhs of wire \controlPWM:PWMUDB:cmp2_status_reg\\R\[425] = zero[15]
Removing Lhs of wire \controlPWM:PWMUDB:cmp2_status_reg\\S\[426] = zero[15]
Removing Lhs of wire \controlPWM:PWMUDB:final_kill_reg\\R\[427] = zero[15]
Removing Lhs of wire \controlPWM:PWMUDB:final_kill_reg\\S\[428] = zero[15]
Removing Lhs of wire \controlPWM:PWMUDB:cs_addr_2\[430] = \controlPWM:PWMUDB:tc_i\[385]
Removing Lhs of wire \controlPWM:PWMUDB:cs_addr_1\[431] = \controlPWM:PWMUDB:runmode_enable\[379]
Removing Lhs of wire \controlPWM:PWMUDB:cs_addr_0\[432] = zero[15]
Removing Lhs of wire \controlPWM:PWMUDB:compare1\[465] = \controlPWM:PWMUDB:cmp1_less\[436]
Removing Lhs of wire \controlPWM:PWMUDB:pwm1_i\[470] = zero[15]
Removing Lhs of wire \controlPWM:PWMUDB:pwm2_i\[472] = zero[15]
Removing Rhs of wire Net_409[475] = \controlPWM:PWMUDB:pwm_i_reg\[467]
Removing Lhs of wire \controlPWM:PWMUDB:pwm_temp\[478] = \controlPWM:PWMUDB:cmp1\[416]
Removing Lhs of wire \controlPWM:PWMUDB:MODULE_2:g2:a0:a_23\[519] = zero[15]
Removing Lhs of wire \controlPWM:PWMUDB:MODULE_2:g2:a0:a_22\[520] = zero[15]
Removing Lhs of wire \controlPWM:PWMUDB:MODULE_2:g2:a0:a_21\[521] = zero[15]
Removing Lhs of wire \controlPWM:PWMUDB:MODULE_2:g2:a0:a_20\[522] = zero[15]
Removing Lhs of wire \controlPWM:PWMUDB:MODULE_2:g2:a0:a_19\[523] = zero[15]
Removing Lhs of wire \controlPWM:PWMUDB:MODULE_2:g2:a0:a_18\[524] = zero[15]
Removing Lhs of wire \controlPWM:PWMUDB:MODULE_2:g2:a0:a_17\[525] = zero[15]
Removing Lhs of wire \controlPWM:PWMUDB:MODULE_2:g2:a0:a_16\[526] = zero[15]
Removing Lhs of wire \controlPWM:PWMUDB:MODULE_2:g2:a0:a_15\[527] = zero[15]
Removing Lhs of wire \controlPWM:PWMUDB:MODULE_2:g2:a0:a_14\[528] = zero[15]
Removing Lhs of wire \controlPWM:PWMUDB:MODULE_2:g2:a0:a_13\[529] = zero[15]
Removing Lhs of wire \controlPWM:PWMUDB:MODULE_2:g2:a0:a_12\[530] = zero[15]
Removing Lhs of wire \controlPWM:PWMUDB:MODULE_2:g2:a0:a_11\[531] = zero[15]
Removing Lhs of wire \controlPWM:PWMUDB:MODULE_2:g2:a0:a_10\[532] = zero[15]
Removing Lhs of wire \controlPWM:PWMUDB:MODULE_2:g2:a0:a_9\[533] = zero[15]
Removing Lhs of wire \controlPWM:PWMUDB:MODULE_2:g2:a0:a_8\[534] = zero[15]
Removing Lhs of wire \controlPWM:PWMUDB:MODULE_2:g2:a0:a_7\[535] = zero[15]
Removing Lhs of wire \controlPWM:PWMUDB:MODULE_2:g2:a0:a_6\[536] = zero[15]
Removing Lhs of wire \controlPWM:PWMUDB:MODULE_2:g2:a0:a_5\[537] = zero[15]
Removing Lhs of wire \controlPWM:PWMUDB:MODULE_2:g2:a0:a_4\[538] = zero[15]
Removing Lhs of wire \controlPWM:PWMUDB:MODULE_2:g2:a0:a_3\[539] = zero[15]
Removing Lhs of wire \controlPWM:PWMUDB:MODULE_2:g2:a0:a_2\[540] = zero[15]
Removing Lhs of wire \controlPWM:PWMUDB:MODULE_2:g2:a0:a_1\[541] = \controlPWM:PWMUDB:MODIN2_1\[542]
Removing Lhs of wire \controlPWM:PWMUDB:MODIN2_1\[542] = \controlPWM:PWMUDB:dith_count_1\[397]
Removing Lhs of wire \controlPWM:PWMUDB:MODULE_2:g2:a0:a_0\[543] = \controlPWM:PWMUDB:MODIN2_0\[544]
Removing Lhs of wire \controlPWM:PWMUDB:MODIN2_0\[544] = \controlPWM:PWMUDB:dith_count_0\[399]
Removing Lhs of wire \controlPWM:PWMUDB:MODULE_2:g2:a0:g1:z1:s0:g1:u0:c_0\[676] = one[12]
Removing Lhs of wire \controlPWM:PWMUDB:MODULE_2:g2:a0:g1:z1:s0:g1:u0:b_0\[677] = one[12]
Removing Lhs of wire tmpOE__blue_net_0[685] = one[12]
Removing Lhs of wire tmpOE__Digital_Out_net_0[693] = one[12]
Removing Lhs of wire \pwm:PWMUDB:prevCapture\\D\[699] = zero[15]
Removing Lhs of wire \pwm:PWMUDB:trig_last\\D\[700] = zero[15]
Removing Lhs of wire \pwm:PWMUDB:prevCompare1\\D\[706] = \pwm:PWMUDB:cmp1\[79]
Removing Lhs of wire \pwm:PWMUDB:cmp1_status_reg\\D\[707] = \pwm:PWMUDB:cmp1_status\[80]
Removing Lhs of wire \pwm:PWMUDB:cmp2_status_reg\\D\[708] = zero[15]
Removing Lhs of wire \pwm:PWMUDB:pwm_i_reg\\D\[710] = \pwm:PWMUDB:pwm_i\[131]
Removing Lhs of wire \pwm:PWMUDB:pwm1_i_reg\\D\[711] = zero[15]
Removing Lhs of wire \pwm:PWMUDB:pwm2_i_reg\\D\[712] = zero[15]
Removing Lhs of wire \pwm:PWMUDB:tc_i_reg\\D\[713] = \pwm:PWMUDB:status_2\[74]
Removing Lhs of wire \controlPWM:PWMUDB:prevCapture\\D\[715] = zero[15]
Removing Lhs of wire \controlPWM:PWMUDB:trig_last\\D\[716] = zero[15]
Removing Lhs of wire \controlPWM:PWMUDB:prevCompare1\\D\[722] = \controlPWM:PWMUDB:cmp1\[416]
Removing Lhs of wire \controlPWM:PWMUDB:cmp1_status_reg\\D\[723] = \controlPWM:PWMUDB:cmp1_status\[417]
Removing Lhs of wire \controlPWM:PWMUDB:cmp2_status_reg\\D\[724] = zero[15]
Removing Lhs of wire \controlPWM:PWMUDB:pwm_i_reg\\D\[726] = \controlPWM:PWMUDB:pwm_i\[468]
Removing Lhs of wire \controlPWM:PWMUDB:pwm1_i_reg\\D\[727] = zero[15]
Removing Lhs of wire \controlPWM:PWMUDB:pwm2_i_reg\\D\[728] = zero[15]
Removing Lhs of wire \controlPWM:PWMUDB:tc_i_reg\\D\[729] = \controlPWM:PWMUDB:status_2\[411]

------------------------------------------------------
Aliased 0 equations, 168 wires.
------------------------------------------------------

----------------------------------------------------------
Circuit simplification
----------------------------------------------------------

Substituting virtuals - pass 1:

Note:  Expanding virtual equation for 'zero' (cost = 0):
zero <=  ('0') ;

Note:  Expanding virtual equation for 'one' (cost = 0):
one <=  ('1') ;

Note:  Expanding virtual equation for '\pwm:PWMUDB:cmp1\' (cost = 0):
\pwm:PWMUDB:cmp1\ <= (\pwm:PWMUDB:cmp1_less\);

Note:  Expanding virtual equation for '\pwm:PWMUDB:MODULE_1:g2:a0:g1:z1:s0:g1:u0:c_1\' (cost = 0):
\pwm:PWMUDB:MODULE_1:g2:a0:g1:z1:s0:g1:u0:c_1\ <= (\pwm:PWMUDB:dith_count_0\);

Note:  Expanding virtual equation for '\pwm:PWMUDB:MODULE_1:g2:a0:s_0\' (cost = 0):
\pwm:PWMUDB:MODULE_1:g2:a0:s_0\ <= (not \pwm:PWMUDB:dith_count_0\);

Note:  Expanding virtual equation for '\pwm:PWMUDB:MODULE_1:g2:a0:g1:z1:s0:g1:u0:c_17\' (cost = 0):
\pwm:PWMUDB:MODULE_1:g2:a0:g1:z1:s0:g1:u0:c_17\ <=  ('0') ;

Note:  Expanding virtual equation for '\pwm:PWMUDB:MODULE_1:g2:a0:g1:z1:s0:g1:u0:c_9\' (cost = 0):
\pwm:PWMUDB:MODULE_1:g2:a0:g1:z1:s0:g1:u0:c_9\ <=  ('0') ;

Note:  Expanding virtual equation for '\pwm:PWMUDB:MODULE_1:g2:a0:g1:z1:s0:g1:u0:c_2\' (cost = 0):
\pwm:PWMUDB:MODULE_1:g2:a0:g1:z1:s0:g1:u0:c_2\ <= ((\pwm:PWMUDB:dith_count_1\ and \pwm:PWMUDB:dith_count_0\));

Note:  Expanding virtual equation for '\controlPWM:PWMUDB:cmp1\' (cost = 0):
\controlPWM:PWMUDB:cmp1\ <= (\controlPWM:PWMUDB:cmp1_less\);

Note:  Expanding virtual equation for '\controlPWM:PWMUDB:MODULE_2:g2:a0:g1:z1:s0:g1:u0:c_1\' (cost = 0):
\controlPWM:PWMUDB:MODULE_2:g2:a0:g1:z1:s0:g1:u0:c_1\ <= (\controlPWM:PWMUDB:dith_count_0\);

Note:  Expanding virtual equation for '\controlPWM:PWMUDB:MODULE_2:g2:a0:s_0\' (cost = 0):
\controlPWM:PWMUDB:MODULE_2:g2:a0:s_0\ <= (not \controlPWM:PWMUDB:dith_count_0\);

Note:  Expanding virtual equation for '\controlPWM:PWMUDB:MODULE_2:g2:a0:g1:z1:s0:g1:u0:c_17\' (cost = 0):
\controlPWM:PWMUDB:MODULE_2:g2:a0:g1:z1:s0:g1:u0:c_17\ <=  ('0') ;

Note:  Expanding virtual equation for '\controlPWM:PWMUDB:MODULE_2:g2:a0:g1:z1:s0:g1:u0:c_9\' (cost = 0):
\controlPWM:PWMUDB:MODULE_2:g2:a0:g1:z1:s0:g1:u0:c_9\ <=  ('0') ;

Note:  Expanding virtual equation for '\controlPWM:PWMUDB:MODULE_2:g2:a0:g1:z1:s0:g1:u0:c_2\' (cost = 0):
\controlPWM:PWMUDB:MODULE_2:g2:a0:g1:z1:s0:g1:u0:c_2\ <= ((\controlPWM:PWMUDB:dith_count_1\ and \controlPWM:PWMUDB:dith_count_0\));


Substituting virtuals - pass 2:

Note:  Expanding virtual equation for '\pwm:PWMUDB:MODULE_1:g2:a0:s_1\' (cost = 2):
\pwm:PWMUDB:MODULE_1:g2:a0:s_1\ <= ((not \pwm:PWMUDB:dith_count_0\ and \pwm:PWMUDB:dith_count_1\)
	OR (not \pwm:PWMUDB:dith_count_1\ and \pwm:PWMUDB:dith_count_0\));

Note:  Expanding virtual equation for '\pwm:PWMUDB:MODULE_1:g2:a0:g1:z1:s0:g1:u0:c_18\' (cost = 0):
\pwm:PWMUDB:MODULE_1:g2:a0:g1:z1:s0:g1:u0:c_18\ <=  ('0') ;

Note:  Expanding virtual equation for '\pwm:PWMUDB:MODULE_1:g2:a0:g1:z1:s0:g1:u0:c_10\' (cost = 0):
\pwm:PWMUDB:MODULE_1:g2:a0:g1:z1:s0:g1:u0:c_10\ <=  ('0') ;

Note:  Expanding virtual equation for '\pwm:PWMUDB:MODULE_1:g2:a0:g1:z1:s0:g1:u0:c_3\' (cost = 0):
\pwm:PWMUDB:MODULE_1:g2:a0:g1:z1:s0:g1:u0:c_3\ <=  ('0') ;

Note:  Expanding virtual equation for '\controlPWM:PWMUDB:MODULE_2:g2:a0:s_1\' (cost = 2):
\controlPWM:PWMUDB:MODULE_2:g2:a0:s_1\ <= ((not \controlPWM:PWMUDB:dith_count_0\ and \controlPWM:PWMUDB:dith_count_1\)
	OR (not \controlPWM:PWMUDB:dith_count_1\ and \controlPWM:PWMUDB:dith_count_0\));

Note:  Expanding virtual equation for '\controlPWM:PWMUDB:MODULE_2:g2:a0:g1:z1:s0:g1:u0:c_18\' (cost = 0):
\controlPWM:PWMUDB:MODULE_2:g2:a0:g1:z1:s0:g1:u0:c_18\ <=  ('0') ;

Note:  Expanding virtual equation for '\controlPWM:PWMUDB:MODULE_2:g2:a0:g1:z1:s0:g1:u0:c_10\' (cost = 0):
\controlPWM:PWMUDB:MODULE_2:g2:a0:g1:z1:s0:g1:u0:c_10\ <=  ('0') ;

Note:  Expanding virtual equation for '\controlPWM:PWMUDB:MODULE_2:g2:a0:g1:z1:s0:g1:u0:c_3\' (cost = 0):
\controlPWM:PWMUDB:MODULE_2:g2:a0:g1:z1:s0:g1:u0:c_3\ <=  ('0') ;


Substituting virtuals - pass 3:

Note:  Expanding virtual equation for '\pwm:PWMUDB:MODULE_1:g2:a0:g1:z1:s0:g1:u0:c_19\' (cost = 0):
\pwm:PWMUDB:MODULE_1:g2:a0:g1:z1:s0:g1:u0:c_19\ <=  ('0') ;

Note:  Expanding virtual equation for '\pwm:PWMUDB:MODULE_1:g2:a0:g1:z1:s0:g1:u0:c_11\' (cost = 0):
\pwm:PWMUDB:MODULE_1:g2:a0:g1:z1:s0:g1:u0:c_11\ <=  ('0') ;

Note:  Expanding virtual equation for '\pwm:PWMUDB:MODULE_1:g2:a0:g1:z1:s0:g1:u0:c_4\' (cost = 0):
\pwm:PWMUDB:MODULE_1:g2:a0:g1:z1:s0:g1:u0:c_4\ <=  ('0') ;

Note:  Expanding virtual equation for '\controlPWM:PWMUDB:MODULE_2:g2:a0:g1:z1:s0:g1:u0:c_19\' (cost = 0):
\controlPWM:PWMUDB:MODULE_2:g2:a0:g1:z1:s0:g1:u0:c_19\ <=  ('0') ;

Note:  Expanding virtual equation for '\controlPWM:PWMUDB:MODULE_2:g2:a0:g1:z1:s0:g1:u0:c_11\' (cost = 0):
\controlPWM:PWMUDB:MODULE_2:g2:a0:g1:z1:s0:g1:u0:c_11\ <=  ('0') ;

Note:  Expanding virtual equation for '\controlPWM:PWMUDB:MODULE_2:g2:a0:g1:z1:s0:g1:u0:c_4\' (cost = 0):
\controlPWM:PWMUDB:MODULE_2:g2:a0:g1:z1:s0:g1:u0:c_4\ <=  ('0') ;


Substituting virtuals - pass 4:

Note:  Expanding virtual equation for '\pwm:PWMUDB:MODULE_1:g2:a0:g1:z1:s0:g1:u0:c_20\' (cost = 0):
\pwm:PWMUDB:MODULE_1:g2:a0:g1:z1:s0:g1:u0:c_20\ <=  ('0') ;

Note:  Expanding virtual equation for '\pwm:PWMUDB:MODULE_1:g2:a0:g1:z1:s0:g1:u0:c_12\' (cost = 0):
\pwm:PWMUDB:MODULE_1:g2:a0:g1:z1:s0:g1:u0:c_12\ <=  ('0') ;

Note:  Expanding virtual equation for '\pwm:PWMUDB:MODULE_1:g2:a0:g1:z1:s0:g1:u0:c_5\' (cost = 0):
\pwm:PWMUDB:MODULE_1:g2:a0:g1:z1:s0:g1:u0:c_5\ <=  ('0') ;

Note:  Expanding virtual equation for '\controlPWM:PWMUDB:MODULE_2:g2:a0:g1:z1:s0:g1:u0:c_20\' (cost = 0):
\controlPWM:PWMUDB:MODULE_2:g2:a0:g1:z1:s0:g1:u0:c_20\ <=  ('0') ;

Note:  Expanding virtual equation for '\controlPWM:PWMUDB:MODULE_2:g2:a0:g1:z1:s0:g1:u0:c_12\' (cost = 0):
\controlPWM:PWMUDB:MODULE_2:g2:a0:g1:z1:s0:g1:u0:c_12\ <=  ('0') ;

Note:  Expanding virtual equation for '\controlPWM:PWMUDB:MODULE_2:g2:a0:g1:z1:s0:g1:u0:c_5\' (cost = 0):
\controlPWM:PWMUDB:MODULE_2:g2:a0:g1:z1:s0:g1:u0:c_5\ <=  ('0') ;


Substituting virtuals - pass 5:

Note:  Expanding virtual equation for '\pwm:PWMUDB:MODULE_1:g2:a0:g1:z1:s0:g1:u0:c_21\' (cost = 0):
\pwm:PWMUDB:MODULE_1:g2:a0:g1:z1:s0:g1:u0:c_21\ <=  ('0') ;

Note:  Expanding virtual equation for '\pwm:PWMUDB:MODULE_1:g2:a0:g1:z1:s0:g1:u0:c_13\' (cost = 0):
\pwm:PWMUDB:MODULE_1:g2:a0:g1:z1:s0:g1:u0:c_13\ <=  ('0') ;

Note:  Expanding virtual equation for '\pwm:PWMUDB:MODULE_1:g2:a0:g1:z1:s0:g1:u0:c_6\' (cost = 0):
\pwm:PWMUDB:MODULE_1:g2:a0:g1:z1:s0:g1:u0:c_6\ <=  ('0') ;

Note:  Expanding virtual equation for '\controlPWM:PWMUDB:MODULE_2:g2:a0:g1:z1:s0:g1:u0:c_21\' (cost = 0):
\controlPWM:PWMUDB:MODULE_2:g2:a0:g1:z1:s0:g1:u0:c_21\ <=  ('0') ;

Note:  Expanding virtual equation for '\controlPWM:PWMUDB:MODULE_2:g2:a0:g1:z1:s0:g1:u0:c_13\' (cost = 0):
\controlPWM:PWMUDB:MODULE_2:g2:a0:g1:z1:s0:g1:u0:c_13\ <=  ('0') ;

Note:  Expanding virtual equation for '\controlPWM:PWMUDB:MODULE_2:g2:a0:g1:z1:s0:g1:u0:c_6\' (cost = 0):
\controlPWM:PWMUDB:MODULE_2:g2:a0:g1:z1:s0:g1:u0:c_6\ <=  ('0') ;


Substituting virtuals - pass 6:

Note:  Expanding virtual equation for '\pwm:PWMUDB:MODULE_1:g2:a0:g1:z1:s0:g1:u0:c_22\' (cost = 0):
\pwm:PWMUDB:MODULE_1:g2:a0:g1:z1:s0:g1:u0:c_22\ <=  ('0') ;

Note:  Expanding virtual equation for '\pwm:PWMUDB:MODULE_1:g2:a0:g1:z1:s0:g1:u0:c_14\' (cost = 0):
\pwm:PWMUDB:MODULE_1:g2:a0:g1:z1:s0:g1:u0:c_14\ <=  ('0') ;

Note:  Expanding virtual equation for '\pwm:PWMUDB:MODULE_1:g2:a0:g1:z1:s0:g1:u0:c_7\' (cost = 0):
\pwm:PWMUDB:MODULE_1:g2:a0:g1:z1:s0:g1:u0:c_7\ <=  ('0') ;

Note:  Expanding virtual equation for '\controlPWM:PWMUDB:MODULE_2:g2:a0:g1:z1:s0:g1:u0:c_22\' (cost = 0):
\controlPWM:PWMUDB:MODULE_2:g2:a0:g1:z1:s0:g1:u0:c_22\ <=  ('0') ;

Note:  Expanding virtual equation for '\controlPWM:PWMUDB:MODULE_2:g2:a0:g1:z1:s0:g1:u0:c_14\' (cost = 0):
\controlPWM:PWMUDB:MODULE_2:g2:a0:g1:z1:s0:g1:u0:c_14\ <=  ('0') ;

Note:  Expanding virtual equation for '\controlPWM:PWMUDB:MODULE_2:g2:a0:g1:z1:s0:g1:u0:c_7\' (cost = 0):
\controlPWM:PWMUDB:MODULE_2:g2:a0:g1:z1:s0:g1:u0:c_7\ <=  ('0') ;


Substituting virtuals - pass 7:

Note:  Expanding virtual equation for '\pwm:PWMUDB:MODULE_1:g2:a0:g1:z1:s0:g1:u0:c_23\' (cost = 0):
\pwm:PWMUDB:MODULE_1:g2:a0:g1:z1:s0:g1:u0:c_23\ <=  ('0') ;

Note:  Expanding virtual equation for '\pwm:PWMUDB:MODULE_1:g2:a0:g1:z1:s0:g1:u0:c_15\' (cost = 0):
\pwm:PWMUDB:MODULE_1:g2:a0:g1:z1:s0:g1:u0:c_15\ <=  ('0') ;

Note:  Expanding virtual equation for '\controlPWM:PWMUDB:MODULE_2:g2:a0:g1:z1:s0:g1:u0:c_23\' (cost = 0):
\controlPWM:PWMUDB:MODULE_2:g2:a0:g1:z1:s0:g1:u0:c_23\ <=  ('0') ;

Note:  Expanding virtual equation for '\controlPWM:PWMUDB:MODULE_2:g2:a0:g1:z1:s0:g1:u0:c_15\' (cost = 0):
\controlPWM:PWMUDB:MODULE_2:g2:a0:g1:z1:s0:g1:u0:c_15\ <=  ('0') ;


Substituting virtuals - pass 8:


----------------------------------------------------------
Circuit simplification results:

	Expanded 50 signals.
	Turned 0 signals into soft nodes.
	Maximum default expansion cost was set at 3.
----------------------------------------------------------

------------------------------------------------------
Alias Detection
------------------------------------------------------
Aliasing \pwm:PWMUDB:final_capture\ to zero
Aliasing \pwm:PWMUDB:MODULE_1:g2:a0:g1:z1:s0:g1:u0:b_24\ to zero
Aliasing \pwm:PWMUDB:MODULE_1:g2:a0:g1:z1:s0:g1:u0:b_16\ to zero
Aliasing \pwm:PWMUDB:MODULE_1:g2:a0:g1:z1:s0:g1:u0:b_8\ to zero
Aliasing \controlPWM:PWMUDB:final_capture\ to zero
Aliasing \controlPWM:PWMUDB:MODULE_2:g2:a0:g1:z1:s0:g1:u0:b_24\ to zero
Aliasing \controlPWM:PWMUDB:MODULE_2:g2:a0:g1:z1:s0:g1:u0:b_16\ to zero
Aliasing \controlPWM:PWMUDB:MODULE_2:g2:a0:g1:z1:s0:g1:u0:b_8\ to zero
Aliasing \pwm:PWMUDB:min_kill_reg\\D\ to one
Aliasing \pwm:PWMUDB:ltch_kill_reg\\D\ to one
Aliasing \pwm:PWMUDB:final_kill_reg\\D\ to zero
Aliasing \controlPWM:PWMUDB:min_kill_reg\\D\ to one
Aliasing \controlPWM:PWMUDB:ltch_kill_reg\\D\ to one
Aliasing \controlPWM:PWMUDB:final_kill_reg\\D\ to zero
Removing Lhs of wire \pwm:PWMUDB:final_capture\[97] = zero[15]
Removing Lhs of wire \pwm:PWMUDB:MODULE_1:g2:a0:g1:z1:s0:g1:u0:b_24\[310] = zero[15]
Removing Lhs of wire \pwm:PWMUDB:MODULE_1:g2:a0:g1:z1:s0:g1:u0:b_16\[320] = zero[15]
Removing Lhs of wire \pwm:PWMUDB:MODULE_1:g2:a0:g1:z1:s0:g1:u0:b_8\[330] = zero[15]
Removing Lhs of wire \controlPWM:PWMUDB:final_capture\[434] = zero[15]
Removing Lhs of wire \controlPWM:PWMUDB:MODULE_2:g2:a0:g1:z1:s0:g1:u0:b_24\[647] = zero[15]
Removing Lhs of wire \controlPWM:PWMUDB:MODULE_2:g2:a0:g1:z1:s0:g1:u0:b_16\[657] = zero[15]
Removing Lhs of wire \controlPWM:PWMUDB:MODULE_2:g2:a0:g1:z1:s0:g1:u0:b_8\[667] = zero[15]
Removing Lhs of wire \pwm:PWMUDB:min_kill_reg\\D\[698] = one[12]
Removing Lhs of wire \pwm:PWMUDB:runmode_enable\\D\[701] = \pwm:PWMUDB:control_7\[16]
Removing Lhs of wire \pwm:PWMUDB:ltch_kill_reg\\D\[703] = one[12]
Removing Lhs of wire \pwm:PWMUDB:final_kill_reg\\D\[709] = zero[15]
Removing Lhs of wire \controlPWM:PWMUDB:min_kill_reg\\D\[714] = one[12]
Removing Lhs of wire \controlPWM:PWMUDB:runmode_enable\\D\[717] = \controlPWM:PWMUDB:control_7\[353]
Removing Lhs of wire \controlPWM:PWMUDB:ltch_kill_reg\\D\[719] = one[12]
Removing Lhs of wire \controlPWM:PWMUDB:final_kill_reg\\D\[725] = zero[15]

------------------------------------------------------
Aliased 0 equations, 16 wires.
------------------------------------------------------

----------------------------------------------------------
Circuit simplification
----------------------------------------------------------

Eliminating unused logic - pass 1:


Eliminating unused logic - pass 2:


Substituting virtuals - pass 1:


----------------------------------------------------------
Circuit simplification results:

	Expanded 0 signals.
	Turned 0 signals into soft nodes.
	Maximum default expansion cost was set at 3.
----------------------------------------------------------

topld:  No errors.

CYPRESS_DIR    : C:\Program Files (x86)\Cypress\PSoC Creator\4.1\PSoC Creator\warp
Warp Program   : C:\Program Files (x86)\Cypress\PSoC Creator\4.1\PSoC Creator\warp\bin\warp.exe
Warp Arguments : -yv2 -q10 -ygs -o2 -v3 -.fftcfgtype=LE -ya "-.fftprj=C:\Users\Anthony\Documents\PSoC Creator\LightBLE\LightBLE.cydsn\LightBLE.cyprj" -dcpsoc3 LightBLE.v -verilog
</CYPRESSTAG>
Warp synthesis phase: Elapsed time ==> 1s.258ms
<CYPRESSTAG name="Fitter results...">
<CYPRESSTAG name="Fitter startup details...">
cyp3fit: V4.1.0.3210, Family: PSoC3, Started at: Monday, 27 November 2017 09:19:15
Options: -yv2 -q10 -ygs -o2 -v3 -.fftcfgtype=LE -ya -.fftprj=C:\Users\Anthony\Documents\PSoC Creator\LightBLE\LightBLE.cydsn\LightBLE.cyprj -d CY8C4247LQI-BL483 LightBLE.v -verilog
</CYPRESSTAG>
<CYPRESSTAG name="Design parsing">
Design parsing phase: Elapsed time ==> 0s.025ms
</CYPRESSTAG>
<CYPRESSTAG name="Tech Mapping">
<CYPRESSTAG name="Initial Mapping" icon="FILE_RPT_TECHM">
    Removed wire end \pwm:PWMUDB:MODULE_1:g2:a0:g1:z1:s0:g1:u0:c_24\ kept zero
    Removed wire end \pwm:PWMUDB:MODULE_1:g2:a0:g1:z1:s0:g1:u0:c_16\ kept zero
    Removed wire end \pwm:PWMUDB:MODULE_1:g2:a0:g1:z1:s0:g1:u0:c_8\ kept zero
    Removed wire end \controlPWM:PWMUDB:MODULE_2:g2:a0:g1:z1:s0:g1:u0:c_24\ kept zero
    Removed wire end \controlPWM:PWMUDB:MODULE_2:g2:a0:g1:z1:s0:g1:u0:c_16\ kept zero
    Removed wire end \controlPWM:PWMUDB:MODULE_2:g2:a0:g1:z1:s0:g1:u0:c_8\ kept zero
    Converted constant MacroCell: \pwm:PWMUDB:prevCapture\ from registered to combinatorial
    Converted constant MacroCell: \pwm:PWMUDB:trig_last\ from registered to combinatorial
    Converted constant MacroCell: \pwm:PWMUDB:status_1\ from registered to combinatorial
    Converted constant MacroCell: \pwm:PWMUDB:status_5\ from registered to combinatorial
    Converted constant MacroCell: \pwm:PWMUDB:pwm1_i_reg\ from registered to combinatorial
    Converted constant MacroCell: \pwm:PWMUDB:pwm2_i_reg\ from registered to combinatorial
    Converted constant MacroCell: \controlPWM:PWMUDB:prevCapture\ from registered to combinatorial
    Converted constant MacroCell: \controlPWM:PWMUDB:trig_last\ from registered to combinatorial
    Converted constant MacroCell: \controlPWM:PWMUDB:status_1\ from registered to combinatorial
    Converted constant MacroCell: \controlPWM:PWMUDB:status_5\ from registered to combinatorial
    Converted constant MacroCell: \controlPWM:PWMUDB:pwm1_i_reg\ from registered to combinatorial
    Converted constant MacroCell: \controlPWM:PWMUDB:pwm2_i_reg\ from registered to combinatorial
Assigning clock ble_LFCLK to clock LFClk because it is a pass-through

Removing unused cells resulting from optimization
Done removing unused cells.
<CYPRESSTAG name="Global Clock Selection" icon="FILE_RPT_TECHM">
    Digital Clock 0: Automatic-assigning  clock 'Clock_2'. Fanout=1, Signal=Net_398_digital
    Digital Clock 1: Automatic-assigning  clock 'Clock_1'. Fanout=1, Signal=Net_46_digital
<CYPRESSTAG name="UDB Clock/Enable Remapping Results">
    UDB Clk/Enable \pwm:PWMUDB:clock_enable_block\: with output requested to be synchronous
        ClockIn: ClockGenBlock:m0s8clockgenblockcell.gen_clk_out_1 was determined to be a global clock that is synchronous to HFClk
        EnableIn: Constant 1 was determined to be synchronous to ClockIn
        ClockOut: ClockGenBlock:m0s8clockgenblockcell.gen_clk_out_1, EnableOut: Constant 1
    UDB Clk/Enable \controlPWM:PWMUDB:clock_enable_block\: with output requested to be synchronous
        ClockIn: ClockGenBlock:m0s8clockgenblockcell.gen_clk_out_0 was determined to be a global clock that is synchronous to HFClk
        EnableIn: Constant 1 was determined to be synchronous to ClockIn
        ClockOut: ClockGenBlock:m0s8clockgenblockcell.gen_clk_out_0, EnableOut: Constant 1
</CYPRESSTAG>
</CYPRESSTAG>

Removing unused cells resulting from optimization
Done removing unused cells.
ADD: pft.M0040: information: The following 1 pin(s) will be assigned a location by the fitter: Digital_Out(0)


Removing unused cells resulting from optimization
Done removing unused cells.
<CYPRESSTAG name="Duplicate Macrocell detection">
</CYPRESSTAG>
</CYPRESSTAG>
<CYPRESSTAG name="Duplicate Macrocell detection">

Removing unused cells resulting from optimization
Done removing unused cells.
</CYPRESSTAG>
<CYPRESSTAG name="Design Equations" icon="FILE_RPT_EQUATION">

------------------------------------------------------------
Design Equations
------------------------------------------------------------
    <CYPRESSTAG name="Pin listing">

    ------------------------------------------------------------
    Pin listing
    ------------------------------------------------------------

    Pin : Name = blue(0)
        Attributes:
            In Group/Port: True
            In Sync Option: AUTO
            Out Sync Option: NOSYNC
            Interrupt generated: False
            Interrupt mode: NONE
            Drive mode: CMOS_OUT
            VTrip: EITHER
            Slew: FAST
            Input Sync needed: False
            Output Sync needed: False
            SC shield enabled: False
            POR State: ANY
            LCD Mode: COMMON
            Register Mode: RegComb
            CaSense Mode: NEITHER
            Treat as pin: True
            Is OE Registered: False
            Uses Analog: False
            Can contain Digital: True
            Is SIO: False
            SIO Output Buf: NONREGULATED
            SIO Input Buf: SINGLE_ENDED
            SIO HiFreq: LOW
            SIO Hyst: DISABLED
            SIO Vtrip: MULTIPLIER_0_5
            SIO Multiplier Index: 0
            SIO RefSel: VCC_IO
            Required Capabilities: DIGITAL, ROUTABLE
            Initial Value: 1
            IO Voltage: 0
        PORT MAP (
            pa_out => blue(0)__PA ,
            pin_input => Net_56 ,
            pad => blue(0)_PAD );
        Properties:
        {
        }

    Pin : Name = Digital_Out(0)
        Attributes:
            In Group/Port: True
            In Sync Option: AUTO
            Out Sync Option: NOSYNC
            Interrupt generated: False
            Interrupt mode: NONE
            Drive mode: CMOS_OUT
            VTrip: EITHER
            Slew: FAST
            Input Sync needed: False
            Output Sync needed: False
            SC shield enabled: False
            POR State: ANY
            LCD Mode: COMMON
            Register Mode: RegComb
            CaSense Mode: NEITHER
            Treat as pin: True
            Is OE Registered: False
            Uses Analog: False
            Can contain Digital: True
            Is SIO: False
            SIO Output Buf: NONREGULATED
            SIO Input Buf: SINGLE_ENDED
            SIO HiFreq: LOW
            SIO Hyst: DISABLED
            SIO Vtrip: MULTIPLIER_0_5
            SIO Multiplier Index: 0
            SIO RefSel: VCC_IO
            Required Capabilities: DIGITAL, ROUTABLE
            Initial Value: 1
            IO Voltage: 0
        PORT MAP (
            pa_out => Digital_Out(0)__PA ,
            pin_input => Net_409 ,
            pad => Digital_Out(0)_PAD );
    </CYPRESSTAG>
    <CYPRESSTAG name="Macrocell listing" icon="FILE_RPT_EQUATION">

    ------------------------------------------------------------
    Macrocell listing
    ------------------------------------------------------------

    MacroCell: Name=\pwm:PWMUDB:status_2\, Mode=(Combinatorial)
        Total # of inputs        : 2
        Total # of product terms : 1
            Clock Enable: True
        Main Equation            : 1 pterm
        (
              \pwm:PWMUDB:runmode_enable\ * \pwm:PWMUDB:tc_i\
        );
        Output = \pwm:PWMUDB:status_2\ (fanout=1)

    MacroCell: Name=\controlPWM:PWMUDB:status_2\, Mode=(Combinatorial)
        Total # of inputs        : 2
        Total # of product terms : 1
            Clock Enable: True
        Main Equation            : 1 pterm
        (
              \controlPWM:PWMUDB:runmode_enable\ * \controlPWM:PWMUDB:tc_i\
        );
        Output = \controlPWM:PWMUDB:status_2\ (fanout=1)

    MacroCell: Name=\pwm:PWMUDB:runmode_enable\, Mode=(D-Register)
        Total # of inputs        : 1
        Total # of product terms : 1
        List of special equations: 
            Clock  = (Net_46_digital) => Global
            Clock Enable: True
        Main Equation            : 1 pterm
        (
              \pwm:PWMUDB:control_7\
        );
        Output = \pwm:PWMUDB:runmode_enable\ (fanout=3)

    MacroCell: Name=\pwm:PWMUDB:prevCompare1\, Mode=(D-Register)
        Total # of inputs        : 1
        Total # of product terms : 1
        List of special equations: 
            Clock  = (Net_46_digital) => Global
            Clock Enable: True
        Main Equation            : 1 pterm
        (
              \pwm:PWMUDB:cmp1_less\
        );
        Output = \pwm:PWMUDB:prevCompare1\ (fanout=1)

    MacroCell: Name=\pwm:PWMUDB:status_0\, Mode=(D-Register)
        Total # of inputs        : 2
        Total # of product terms : 1
        List of special equations: 
            Clock  = (Net_46_digital) => Global
            Clock Enable: True
        Main Equation            : 1 pterm
        (
              !\pwm:PWMUDB:prevCompare1\ * \pwm:PWMUDB:cmp1_less\
        );
        Output = \pwm:PWMUDB:status_0\ (fanout=1)

    MacroCell: Name=Net_56, Mode=(D-Register)
        Total # of inputs        : 2
        Total # of product terms : 1
        List of special equations: 
            Clock  = (Net_46_digital) => Global
            Clock Enable: True
        Main Equation            : 1 pterm
        (
              \pwm:PWMUDB:runmode_enable\ * \pwm:PWMUDB:cmp1_less\
        );
        Output = Net_56 (fanout=1)

    MacroCell: Name=\controlPWM:PWMUDB:runmode_enable\, Mode=(D-Register)
        Total # of inputs        : 1
        Total # of product terms : 1
        List of special equations: 
            Clock  = (Net_398_digital) => Global
            Clock Enable: True
        Main Equation            : 1 pterm
        (
              \controlPWM:PWMUDB:control_7\
        );
        Output = \controlPWM:PWMUDB:runmode_enable\ (fanout=3)

    MacroCell: Name=\controlPWM:PWMUDB:prevCompare1\, Mode=(D-Register)
        Total # of inputs        : 1
        Total # of product terms : 1
        List of special equations: 
            Clock  = (Net_398_digital) => Global
            Clock Enable: True
        Main Equation            : 1 pterm
        (
              \controlPWM:PWMUDB:cmp1_less\
        );
        Output = \controlPWM:PWMUDB:prevCompare1\ (fanout=1)

    MacroCell: Name=\controlPWM:PWMUDB:status_0\, Mode=(D-Register)
        Total # of inputs        : 2
        Total # of product terms : 1
        List of special equations: 
            Clock  = (Net_398_digital) => Global
            Clock Enable: True
        Main Equation            : 1 pterm
        (
              !\controlPWM:PWMUDB:prevCompare1\ * 
              \controlPWM:PWMUDB:cmp1_less\
        );
        Output = \controlPWM:PWMUDB:status_0\ (fanout=1)

    MacroCell: Name=Net_409, Mode=(D-Register)
        Total # of inputs        : 2
        Total # of product terms : 1
        List of special equations: 
            Clock  = (Net_398_digital) => Global
            Clock Enable: True
        Main Equation            : 1 pterm
        (
              \controlPWM:PWMUDB:runmode_enable\ * 
              \controlPWM:PWMUDB:cmp1_less\
        );
        Output = Net_409 (fanout=1)
    </CYPRESSTAG>
    <CYPRESSTAG name="Datapath listing">

    ------------------------------------------------------------
    Datapath listing
    ------------------------------------------------------------

    datapathcell: Name =\pwm:PWMUDB:sP8:pwmdp:u0\
        PORT MAP (
            clock => Net_46_digital ,
            cs_addr_2 => \pwm:PWMUDB:tc_i\ ,
            cs_addr_1 => \pwm:PWMUDB:runmode_enable\ ,
            cl0_comb => \pwm:PWMUDB:cmp1_less\ ,
            z0_comb => \pwm:PWMUDB:tc_i\ ,
            f1_blk_stat_comb => \pwm:PWMUDB:status_3\ );
        Properties:
        {
            a0_init = "00000000"
            a1_init = "00000000"
            ce0_sync = 1
            ce1_sync = 1
            cl0_sync = 1
            cl1_sync = 1
            cmsb_sync = 1
            co_msb_sync = 1
            cy_dpconfig = "0000000001000000000000001100000001000000010000000000000011000000000000001100000000000000110000000000000011000000000000001100000011111111000000001111111111111111101000000000000000000100000000000000000000011000"
            d0_init = "00000000"
            d1_init = "00000000"
            f0_blk_sync = 1
            f0_bus_sync = 1
            f1_blk_sync = 1
            f1_bus_sync = 1
            ff0_sync = 1
            ff1_sync = 1
            ov_msb_sync = 1
            so_sync = 1
            z0_sync = 1
            z1_sync = 1
        }
        Clock Polarity: Active High
        Clock Enable: True

    datapathcell: Name =\controlPWM:PWMUDB:sP8:pwmdp:u0\
        PORT MAP (
            clock => Net_398_digital ,
            cs_addr_2 => \controlPWM:PWMUDB:tc_i\ ,
            cs_addr_1 => \controlPWM:PWMUDB:runmode_enable\ ,
            cl0_comb => \controlPWM:PWMUDB:cmp1_less\ ,
            z0_comb => \controlPWM:PWMUDB:tc_i\ ,
            f1_blk_stat_comb => \controlPWM:PWMUDB:status_3\ );
        Properties:
        {
            a0_init = "00000000"
            a1_init = "00000000"
            ce0_sync = 1
            ce1_sync = 1
            cl0_sync = 1
            cl1_sync = 1
            cmsb_sync = 1
            co_msb_sync = 1
            cy_dpconfig = "0000000001000000000000001100000001000000010000000000000011000000000000001100000000000000110000000000000011000000000000001100000011111111000000001111111111111111101000000000000000000100000000000000000000011000"
            d0_init = "00000000"
            d1_init = "00000000"
            f0_blk_sync = 1
            f0_bus_sync = 1
            f1_blk_sync = 1
            f1_bus_sync = 1
            ff0_sync = 1
            ff1_sync = 1
            ov_msb_sync = 1
            so_sync = 1
            z0_sync = 1
            z1_sync = 1
        }
        Clock Polarity: Active High
        Clock Enable: True
    </CYPRESSTAG>
    <CYPRESSTAG name="Status register listing">
    </CYPRESSTAG>
    <CYPRESSTAG name="StatusI register listing">

    ------------------------------------------------------------
    StatusI register listing
    ------------------------------------------------------------

    statusicell: Name =\pwm:PWMUDB:genblk8:stsreg\
        PORT MAP (
            clock => Net_46_digital ,
            status_3 => \pwm:PWMUDB:status_3\ ,
            status_2 => \pwm:PWMUDB:status_2\ ,
            status_0 => \pwm:PWMUDB:status_0\ );
        Properties:
        {
            cy_force_order = 1
            cy_int_mask = "1111111"
            cy_md_select = "0100111"
        }
        Clock Polarity: Active High
        Clock Enable: True

    statusicell: Name =\controlPWM:PWMUDB:genblk8:stsreg\
        PORT MAP (
            clock => Net_398_digital ,
            status_3 => \controlPWM:PWMUDB:status_3\ ,
            status_2 => \controlPWM:PWMUDB:status_2\ ,
            status_0 => \controlPWM:PWMUDB:status_0\ );
        Properties:
        {
            cy_force_order = 1
            cy_int_mask = "1111111"
            cy_md_select = "0100111"
        }
        Clock Polarity: Active High
        Clock Enable: True
    </CYPRESSTAG>
    <CYPRESSTAG name="Sync listing">
    </CYPRESSTAG>
    <CYPRESSTAG name="Control register listing">

    ------------------------------------------------------------
    Control register listing
    ------------------------------------------------------------

    controlcell: Name =\pwm:PWMUDB:genblk1:ctrlreg\
        PORT MAP (
            clock => Net_46_digital ,
            control_7 => \pwm:PWMUDB:control_7\ ,
            control_6 => \pwm:PWMUDB:control_6\ ,
            control_5 => \pwm:PWMUDB:control_5\ ,
            control_4 => \pwm:PWMUDB:control_4\ ,
            control_3 => \pwm:PWMUDB:control_3\ ,
            control_2 => \pwm:PWMUDB:control_2\ ,
            control_1 => \pwm:PWMUDB:control_1\ ,
            control_0 => \pwm:PWMUDB:control_0\ );
        Properties:
        {
            cy_ctrl_mode_0 = "11111111"
            cy_ctrl_mode_1 = "00000000"
            cy_ext_reset = 0
            cy_force_order = 1
            cy_init_value = "00000000"
        }
        Clock Polarity: Active High
        Clock Enable: True

    controlcell: Name =\controlPWM:PWMUDB:genblk1:ctrlreg\
        PORT MAP (
            clock => Net_398_digital ,
            control_7 => \controlPWM:PWMUDB:control_7\ ,
            control_6 => \controlPWM:PWMUDB:control_6\ ,
            control_5 => \controlPWM:PWMUDB:control_5\ ,
            control_4 => \controlPWM:PWMUDB:control_4\ ,
            control_3 => \controlPWM:PWMUDB:control_3\ ,
            control_2 => \controlPWM:PWMUDB:control_2\ ,
            control_1 => \controlPWM:PWMUDB:control_1\ ,
            control_0 => \controlPWM:PWMUDB:control_0\ );
        Properties:
        {
            cy_ctrl_mode_0 = "11111111"
            cy_ctrl_mode_1 = "00000000"
            cy_ext_reset = 0
            cy_force_order = 1
            cy_init_value = "00000000"
        }
        Clock Polarity: Active High
        Clock Enable: True
    </CYPRESSTAG>
    <CYPRESSTAG name="Count7 listing">
    </CYPRESSTAG>
    <CYPRESSTAG name="DRQ listing">
    </CYPRESSTAG>
    <CYPRESSTAG name="Interrupt listing">

    ------------------------------------------------------------
    Interrupt listing
    ------------------------------------------------------------

    interrupt: Name =\ble:bless_isr\
        PORT MAP (
            interrupt => \ble:Net_15\ );
        Properties:
        {
            int_type = "10"
            is_nmi = 0
        }
    </CYPRESSTAG>
</CYPRESSTAG>
<CYPRESSTAG name="Technology mapping summary" expanded>

------------------------------------------------------------
Technology mapping summary
------------------------------------------------------------

Resource Type                 : Used : Free :  Max :  % Used
============================================================
Digital Clocks                :    2 :    2 :    4 : 50.00 %
Interrupts                    :    1 :   31 :   32 :  3.13 %
IO                            :    6 :   32 :   38 : 15.79 %
Segment LCD                   :    0 :    1 :    1 :  0.00 %
CapSense                      :    0 :    1 :    1 :  0.00 %
Die Temp                      :    0 :    1 :    1 :  0.00 %
Serial Communication (SCB)    :    0 :    2 :    2 :  0.00 %
BLE                           :    1 :    0 :    1 : 100.00 %
Timer/Counter/PWM             :    0 :    4 :    4 :  0.00 %
UDB                           :      :      :      :        
  Macrocells                  :   10 :   22 :   32 : 31.25 %
  Unique P-terms              :   10 :   54 :   64 : 15.63 %
  Total P-terms               :   10 :      :      :        
  Datapath Cells              :    2 :    2 :    4 : 50.00 %
  Status Cells                :    2 :    2 :    4 : 50.00 %
    StatusI Registers         :    2 :      :      :        
  Control Cells               :    2 :    2 :    4 : 50.00 %
    Control Registers         :    2 :      :      :        
Comparator/Opamp              :    0 :    4 :    4 :  0.00 %
LP Comparator                 :    0 :    2 :    2 :  0.00 %
SAR ADC                       :    0 :    1 :    1 :  0.00 %
DAC                           :      :      :      :        
  7-bit IDAC                  :    0 :    1 :    1 :  0.00 %
  8-bit IDAC                  :    0 :    1 :    1 :  0.00 %
</CYPRESSTAG>
Technology Mapping: Elapsed time ==> 0s.081ms
Tech Mapping phase: Elapsed time ==> 0s.109ms
</CYPRESSTAG>
<CYPRESSTAG name="Analog Placement">
<CYPRESSTAG name="FFB & IO Pre Placement">
<CYPRESSTAG name="Placement" icon="FILE_RPT_PLACEMENT">

Cell                                : Block                              
=========================================================================
blue(0)                             : [IOP=(3)][IoId=(7)]                
ClockGenBlock                       : CLK_GEN_[FFB(CLK_GEN,0)]           
\ble:cy_m0s8_ble\                   : BLE_[FFB(BLE,0)]                   
Digital_Out(0)                      : [IOP=(0)][IoId=(0)]                

</CYPRESSTAG>
</CYPRESSTAG>
<CYPRESSTAG name="Real Analog Placement">
Elapsed time ==> 0.2925749s
</CYPRESSTAG>
Analog Placement phase: Elapsed time ==> 0s.600ms
</CYPRESSTAG>
<CYPRESSTAG name="Analog Routing">
<CYPRESSTAG name="Analog Routing">
Route success=True, Iterations=1 Elapsed=0.0010231 secs
</CYPRESSTAG>
Analog Routing phase: Elapsed time ==> 0s.002ms
</CYPRESSTAG>
<CYPRESSTAG name="Analog Code Generation">
============ Analog Final Answer Routes ============
Dump of CyAnalogRoutingResultsDB
Map of net to items {
}
Map of item to net {
}
Mux Info {
}
Analog Code Generation phase: Elapsed time ==> 0s.182ms
</CYPRESSTAG>
<CYPRESSTAG name="Digital Placement">
<CYPRESSTAG name="Detailed placement messages">
I2076: Total run-time: 1.0 sec.

</CYPRESSTAG>
<CYPRESSTAG name="PLD Packing">
<CYPRESSTAG name="PLD Packing Summary" expanded>

------------------------------------------------------------
PLD Packing Summary
------------------------------------------------------------
            Resource Type : Used : Free :  Max :  % Used
    ====================================================
                     PLDs :    4 :    4 :    8 :  50.00%

<CYPRESSTAG name="PLD Statistics">

        PLD Resource Type :     Average/LAB
    =======================================
                   Inputs :            3.00
                   Pterms :            2.50
               Macrocells :            2.50
</CYPRESSTAG>
<CYPRESSTAG name="Packed PLD Contents">
Packed PLD Contents not displayed at this verbose level.</CYPRESSTAG>
</CYPRESSTAG>
PLD Packing: Elapsed time ==> 0s.013ms
</CYPRESSTAG>
<CYPRESSTAG name="Partitioning">
<CYPRESSTAG name="Initial Partitioning Summary">
Initial Partitioning Summary not displayed at this verbose level.</CYPRESSTAG>
<CYPRESSTAG name="Final Partitioning Summary">
Final Partitioning Summary not displayed at this verbose level.</CYPRESSTAG>
Partitioning: Elapsed time ==> 0s.076ms
</CYPRESSTAG>
<CYPRESSTAG name="Final Placement Summary">

------------------------------------------------------------
Final Placement Summary
------------------------------------------------------------

       Resource Type :      Count : Avg Inputs : Avg Outputs
    ========================================================
                 UDB :          2 :       5.00 :       5.00
<CYPRESSTAG name="Final Placement Details">
<CYPRESSTAG name="Component Details">

------------------------------------------------------------
Component Placement Details
------------------------------------------------------------
UDB [UDB=(0,0)] contents:
LAB@[UDB=(0,0)][LB=0] #macrocells=4, #inputs=4, #pterms=4
{
    [McSlotId=0]:     MacroCell: Name=\pwm:PWMUDB:status_0\, Mode=(D-Register) @ [UDB=(0,0)][LB=0][MC=0]
        Total # of inputs        : 2
        Total # of product terms : 1
        List of special equations: 
            Clock  = (Net_46_digital) => Global
            Clock Enable: True
        Main Equation            : 1 pterm
        (
              !\pwm:PWMUDB:prevCompare1\ * \pwm:PWMUDB:cmp1_less\
        );
        Output = \pwm:PWMUDB:status_0\ (fanout=1)
        Properties               : 
        {
        }

    [McSlotId=1]:     MacroCell: Name=\pwm:PWMUDB:prevCompare1\, Mode=(D-Register) @ [UDB=(0,0)][LB=0][MC=1]
        Total # of inputs        : 1
        Total # of product terms : 1
        List of special equations: 
            Clock  = (Net_46_digital) => Global
            Clock Enable: True
        Main Equation            : 1 pterm
        (
              \pwm:PWMUDB:cmp1_less\
        );
        Output = \pwm:PWMUDB:prevCompare1\ (fanout=1)
        Properties               : 
        {
        }

    [McSlotId=2]:     MacroCell: Name=Net_56, Mode=(D-Register) @ [UDB=(0,0)][LB=0][MC=2]
        Total # of inputs        : 2
        Total # of product terms : 1
        List of special equations: 
            Clock  = (Net_46_digital) => Global
            Clock Enable: True
        Main Equation            : 1 pterm
        (
              \pwm:PWMUDB:runmode_enable\ * \pwm:PWMUDB:cmp1_less\
        );
        Output = Net_56 (fanout=1)
        Properties               : 
        {
        }

    [McSlotId=3]:     MacroCell: Name=\pwm:PWMUDB:runmode_enable\, Mode=(D-Register) @ [UDB=(0,0)][LB=0][MC=3]
        Total # of inputs        : 1
        Total # of product terms : 1
        List of special equations: 
            Clock  = (Net_46_digital) => Global
            Clock Enable: True
        Main Equation            : 1 pterm
        (
              \pwm:PWMUDB:control_7\
        );
        Output = \pwm:PWMUDB:runmode_enable\ (fanout=3)
        Properties               : 
        {
        }
}

LAB@[UDB=(0,0)][LB=1] #macrocells=1, #inputs=2, #pterms=1
{
    [McSlotId=0]:     MacroCell: Name=\pwm:PWMUDB:status_2\, Mode=(Combinatorial) @ [UDB=(0,0)][LB=1][MC=0]
        Total # of inputs        : 2
        Total # of product terms : 1
            Clock Enable: True
        Main Equation            : 1 pterm
        (
              \pwm:PWMUDB:runmode_enable\ * \pwm:PWMUDB:tc_i\
        );
        Output = \pwm:PWMUDB:status_2\ (fanout=1)
        Properties               : 
        {
        }

    [McSlotId=1]: (empty)
    [McSlotId=2]: (empty)
    [McSlotId=3]: (empty)
}

datapathcell: Name =\pwm:PWMUDB:sP8:pwmdp:u0\
    PORT MAP (
        clock => Net_46_digital ,
        cs_addr_2 => \pwm:PWMUDB:tc_i\ ,
        cs_addr_1 => \pwm:PWMUDB:runmode_enable\ ,
        cl0_comb => \pwm:PWMUDB:cmp1_less\ ,
        z0_comb => \pwm:PWMUDB:tc_i\ ,
        f1_blk_stat_comb => \pwm:PWMUDB:status_3\ );
    Properties:
    {
        a0_init = "00000000"
        a1_init = "00000000"
        ce0_sync = 1
        ce1_sync = 1
        cl0_sync = 1
        cl1_sync = 1
        cmsb_sync = 1
        co_msb_sync = 1
        cy_dpconfig = "0000000001000000000000001100000001000000010000000000000011000000000000001100000000000000110000000000000011000000000000001100000011111111000000001111111111111111101000000000000000000100000000000000000000011000"
        d0_init = "00000000"
        d1_init = "00000000"
        f0_blk_sync = 1
        f0_bus_sync = 1
        f1_blk_sync = 1
        f1_bus_sync = 1
        ff0_sync = 1
        ff1_sync = 1
        ov_msb_sync = 1
        so_sync = 1
        z0_sync = 1
        z1_sync = 1
    }
    Clock Polarity: Active High
    Clock Enable: True

statusicell: Name =\pwm:PWMUDB:genblk8:stsreg\
    PORT MAP (
        clock => Net_46_digital ,
        status_3 => \pwm:PWMUDB:status_3\ ,
        status_2 => \pwm:PWMUDB:status_2\ ,
        status_0 => \pwm:PWMUDB:status_0\ );
    Properties:
    {
        cy_force_order = 1
        cy_int_mask = "1111111"
        cy_md_select = "0100111"
    }
    Clock Polarity: Active High
    Clock Enable: True

controlcell: Name =\pwm:PWMUDB:genblk1:ctrlreg\
    PORT MAP (
        clock => Net_46_digital ,
        control_7 => \pwm:PWMUDB:control_7\ ,
        control_6 => \pwm:PWMUDB:control_6\ ,
        control_5 => \pwm:PWMUDB:control_5\ ,
        control_4 => \pwm:PWMUDB:control_4\ ,
        control_3 => \pwm:PWMUDB:control_3\ ,
        control_2 => \pwm:PWMUDB:control_2\ ,
        control_1 => \pwm:PWMUDB:control_1\ ,
        control_0 => \pwm:PWMUDB:control_0\ );
    Properties:
    {
        cy_ctrl_mode_0 = "11111111"
        cy_ctrl_mode_1 = "00000000"
        cy_ext_reset = 0
        cy_force_order = 1
        cy_init_value = "00000000"
    }
    Clock Polarity: Active High
    Clock Enable: True

UDB [UDB=(0,1)] is empty.
UDB [UDB=(1,0)] contents:
LAB@[UDB=(1,0)][LB=0] #macrocells=4, #inputs=4, #pterms=4
{
    [McSlotId=0]:     MacroCell: Name=Net_409, Mode=(D-Register) @ [UDB=(1,0)][LB=0][MC=0]
        Total # of inputs        : 2
        Total # of product terms : 1
        List of special equations: 
            Clock  = (Net_398_digital) => Global
            Clock Enable: True
        Main Equation            : 1 pterm
        (
              \controlPWM:PWMUDB:runmode_enable\ * 
              \controlPWM:PWMUDB:cmp1_less\
        );
        Output = Net_409 (fanout=1)
        Properties               : 
        {
        }

    [McSlotId=1]:     MacroCell: Name=\controlPWM:PWMUDB:prevCompare1\, Mode=(D-Register) @ [UDB=(1,0)][LB=0][MC=1]
        Total # of inputs        : 1
        Total # of product terms : 1
        List of special equations: 
            Clock  = (Net_398_digital) => Global
            Clock Enable: True
        Main Equation            : 1 pterm
        (
              \controlPWM:PWMUDB:cmp1_less\
        );
        Output = \controlPWM:PWMUDB:prevCompare1\ (fanout=1)
        Properties               : 
        {
        }

    [McSlotId=2]:     MacroCell: Name=\controlPWM:PWMUDB:status_0\, Mode=(D-Register) @ [UDB=(1,0)][LB=0][MC=2]
        Total # of inputs        : 2
        Total # of product terms : 1
        List of special equations: 
            Clock  = (Net_398_digital) => Global
            Clock Enable: True
        Main Equation            : 1 pterm
        (
              !\controlPWM:PWMUDB:prevCompare1\ * 
              \controlPWM:PWMUDB:cmp1_less\
        );
        Output = \controlPWM:PWMUDB:status_0\ (fanout=1)
        Properties               : 
        {
        }

    [McSlotId=3]:     MacroCell: Name=\controlPWM:PWMUDB:runmode_enable\, Mode=(D-Register) @ [UDB=(1,0)][LB=0][MC=3]
        Total # of inputs        : 1
        Total # of product terms : 1
        List of special equations: 
            Clock  = (Net_398_digital) => Global
            Clock Enable: True
        Main Equation            : 1 pterm
        (
              \controlPWM:PWMUDB:control_7\
        );
        Output = \controlPWM:PWMUDB:runmode_enable\ (fanout=3)
        Properties               : 
        {
        }
}

LAB@[UDB=(1,0)][LB=1] #macrocells=1, #inputs=2, #pterms=1
{
    [McSlotId=0]:     MacroCell: Name=\controlPWM:PWMUDB:status_2\, Mode=(Combinatorial) @ [UDB=(1,0)][LB=1][MC=0]
        Total # of inputs        : 2
        Total # of product terms : 1
            Clock Enable: True
        Main Equation            : 1 pterm
        (
              \controlPWM:PWMUDB:runmode_enable\ * \controlPWM:PWMUDB:tc_i\
        );
        Output = \controlPWM:PWMUDB:status_2\ (fanout=1)
        Properties               : 
        {
        }

    [McSlotId=1]: (empty)
    [McSlotId=2]: (empty)
    [McSlotId=3]: (empty)
}

datapathcell: Name =\controlPWM:PWMUDB:sP8:pwmdp:u0\
    PORT MAP (
        clock => Net_398_digital ,
        cs_addr_2 => \controlPWM:PWMUDB:tc_i\ ,
        cs_addr_1 => \controlPWM:PWMUDB:runmode_enable\ ,
        cl0_comb => \controlPWM:PWMUDB:cmp1_less\ ,
        z0_comb => \controlPWM:PWMUDB:tc_i\ ,
        f1_blk_stat_comb => \controlPWM:PWMUDB:status_3\ );
    Properties:
    {
        a0_init = "00000000"
        a1_init = "00000000"
        ce0_sync = 1
        ce1_sync = 1
        cl0_sync = 1
        cl1_sync = 1
        cmsb_sync = 1
        co_msb_sync = 1
        cy_dpconfig = "0000000001000000000000001100000001000000010000000000000011000000000000001100000000000000110000000000000011000000000000001100000011111111000000001111111111111111101000000000000000000100000000000000000000011000"
        d0_init = "00000000"
        d1_init = "00000000"
        f0_blk_sync = 1
        f0_bus_sync = 1
        f1_blk_sync = 1
        f1_bus_sync = 1
        ff0_sync = 1
        ff1_sync = 1
        ov_msb_sync = 1
        so_sync = 1
        z0_sync = 1
        z1_sync = 1
    }
    Clock Polarity: Active High
    Clock Enable: True

statusicell: Name =\controlPWM:PWMUDB:genblk8:stsreg\
    PORT MAP (
        clock => Net_398_digital ,
        status_3 => \controlPWM:PWMUDB:status_3\ ,
        status_2 => \controlPWM:PWMUDB:status_2\ ,
        status_0 => \controlPWM:PWMUDB:status_0\ );
    Properties:
    {
        cy_force_order = 1
        cy_int_mask = "1111111"
        cy_md_select = "0100111"
    }
    Clock Polarity: Active High
    Clock Enable: True

controlcell: Name =\controlPWM:PWMUDB:genblk1:ctrlreg\
    PORT MAP (
        clock => Net_398_digital ,
        control_7 => \controlPWM:PWMUDB:control_7\ ,
        control_6 => \controlPWM:PWMUDB:control_6\ ,
        control_5 => \controlPWM:PWMUDB:control_5\ ,
        control_4 => \controlPWM:PWMUDB:control_4\ ,
        control_3 => \controlPWM:PWMUDB:control_3\ ,
        control_2 => \controlPWM:PWMUDB:control_2\ ,
        control_1 => \controlPWM:PWMUDB:control_1\ ,
        control_0 => \controlPWM:PWMUDB:control_0\ );
    Properties:
    {
        cy_ctrl_mode_0 = "11111111"
        cy_ctrl_mode_1 = "00000000"
        cy_ext_reset = 0
        cy_force_order = 1
        cy_init_value = "00000000"
    }
    Clock Polarity: Active High
    Clock Enable: True

UDB [UDB=(1,1)] is empty.
Intr container @ [IntrContainer=(0)]: 
  Intr@ [IntrContainer=(0)][IntrId=(12)] 
    interrupt: Name =\ble:bless_isr\
        PORT MAP (
            interrupt => \ble:Net_15\ );
        Properties:
        {
            int_type = "10"
            is_nmi = 0
        }
Port 0 contains the following IO cells:
[IoId=0]: 
Pin : Name = Digital_Out(0)
    Attributes:
        In Group/Port: True
        In Sync Option: AUTO
        Out Sync Option: NOSYNC
        Interrupt generated: False
        Interrupt mode: NONE
        Drive mode: CMOS_OUT
        VTrip: EITHER
        Slew: FAST
        Input Sync needed: False
        Output Sync needed: False
        SC shield enabled: False
        POR State: ANY
        LCD Mode: COMMON
        Register Mode: RegComb
        CaSense Mode: NEITHER
        Treat as pin: True
        Is OE Registered: False
        Uses Analog: False
        Can contain Digital: True
        Is SIO: False
        SIO Output Buf: NONREGULATED
        SIO Input Buf: SINGLE_ENDED
        SIO HiFreq: LOW
        SIO Hyst: DISABLED
        SIO Vtrip: MULTIPLIER_0_5
        SIO Multiplier Index: 0
        SIO RefSel: VCC_IO
        Required Capabilities: DIGITAL, ROUTABLE
        Initial Value: 1
        IO Voltage: 0
    PORT MAP (
        pa_out => Digital_Out(0)__PA ,
        pin_input => Net_409 ,
        pad => Digital_Out(0)_PAD );
    Properties:
    {
    }

Port 1 contains the following IO cells:
Port 2 contains the following IO cells:
Port 3 contains the following IO cells:
[IoId=7]: 
Pin : Name = blue(0)
    Attributes:
        In Group/Port: True
        In Sync Option: AUTO
        Out Sync Option: NOSYNC
        Interrupt generated: False
        Interrupt mode: NONE
        Drive mode: CMOS_OUT
        VTrip: EITHER
        Slew: FAST
        Input Sync needed: False
        Output Sync needed: False
        SC shield enabled: False
        POR State: ANY
        LCD Mode: COMMON
        Register Mode: RegComb
        CaSense Mode: NEITHER
        Treat as pin: True
        Is OE Registered: False
        Uses Analog: False
        Can contain Digital: True
        Is SIO: False
        SIO Output Buf: NONREGULATED
        SIO Input Buf: SINGLE_ENDED
        SIO HiFreq: LOW
        SIO Hyst: DISABLED
        SIO Vtrip: MULTIPLIER_0_5
        SIO Multiplier Index: 0
        SIO RefSel: VCC_IO
        Required Capabilities: DIGITAL, ROUTABLE
        Initial Value: 1
        IO Voltage: 0
    PORT MAP (
        pa_out => blue(0)__PA ,
        pin_input => Net_56 ,
        pad => blue(0)_PAD );
    Properties:
    {
    }

Port 4 contains the following IO cells:
Port 5 contains the following IO cells:
Port 6 contains the following IO cells:
ARM group 0: empty
Clock group 0: 
    Clock Block @ F(Clock,0): 
    m0s8clockblockcell: Name =ClockBlock
        PORT MAP (
            hfclk => ClockBlock_HFClk ,
            imo => ClockBlock_IMO ,
            ext => ClockBlock_ExtClk ,
            sysclk => ClockBlock_SysClk ,
            eco => ClockBlock_ECO ,
            ilo => ClockBlock_ILO ,
            lfclk => ClockBlock_LFClk ,
            wco => ClockBlock_WCO ,
            dsi_in_0 => ClockBlock_Routed1 ,
            udb_div_0 => dclk_to_genclk ,
            udb_div_1 => dclk_to_genclk_1 );
        Properties:
        {
        }
LCD group 0: empty
PICU group 0: empty
LPCOMP group 0: empty
SCB group 0: empty
CSD group 0: empty
CSIDAC8 group 0: empty
CSIDAC7 group 0: empty
TCPWM group 0: empty
OA group 0: empty
TEMP group 0: empty
SARADC group 0: empty
CLK_GEN group 0: 
    M0S8 Clock Gen Block @ F(CLK_GEN,0): 
    m0s8clockgenblockcell: Name =ClockGenBlock
        PORT MAP (
            gen_clk_out_0 => Net_398_digital ,
            gen_clk_in_0 => dclk_to_genclk ,
            gen_clk_out_1 => Net_46_digital ,
            gen_clk_in_1 => dclk_to_genclk_1 );
        Properties:
        {
        }
LPCOMPBLOCK group 0: empty
PASSBLOCK group 0: empty
BLE group 0: 
    BLE Block @ F(BLE,0): 
    p4blecell: Name =\ble:cy_m0s8_ble\
        PORT MAP (
            interrupt => \ble:Net_15\ ,
            rfctrl_extpa_en => Net_2 );
        Properties:
        {
            cy_registers = ""
        }
WCO group 0: empty
SRSS group 0: empty
CPUSS group 0: empty
IOSS group 0: empty
</CYPRESSTAG>
<CYPRESSTAG name="Port Configuration Details">

------------------------------------------------------------
Port Configuration report
------------------------------------------------------------
     |     |       | Interrupt |                  |                | 
Port | Pin | Fixed |      Type |       Drive Mode |           Name | Connections
-----+-----+-------+-----------+------------------+----------------+------------
   0 |   0 |       |      NONE |         CMOS_OUT | Digital_Out(0) | In(Net_409)
-----+-----+-------+-----------+------------------+----------------+------------
   3 |   7 |     * |      NONE |         CMOS_OUT |        blue(0) | In(Net_56)
--------------------------------------------------------------------------------
</CYPRESSTAG>
</CYPRESSTAG>
</CYPRESSTAG>
Digital component placer commit/Report: Elapsed time ==> 0s.025ms
Digital Placement phase: Elapsed time ==> 2s.255ms
</CYPRESSTAG>
<CYPRESSTAG name="Digital Routing">
"C:\Program Files (x86)\Cypress\PSoC Creator\4.1\PSoC Creator\bin/sjrouter.exe" --xml-path "C:\Program Files (x86)\Cypress\PSoC Creator\4.1\PSoC Creator\dev\psoc4/3/128k/route_arch-rrg.cydata" --vh2-path "LightBLE_r.vh2" --pcf-path "LightBLE.pco" --des-name "LightBLE" --dsf-path "LightBLE.dsf" --sdc-path "LightBLE.sdc" --lib-path "LightBLE_r.lib"
Routing successful.
Digital Routing phase: Elapsed time ==> 1s.181ms
</CYPRESSTAG>
<CYPRESSTAG name="Bitstream Generation">
Bitstream Generation phase: Elapsed time ==> 1s.117ms
</CYPRESSTAG>
<CYPRESSTAG name="Bitstream Verification">
Bitstream Verification phase: Elapsed time ==> 0s.094ms
</CYPRESSTAG>
<CYPRESSTAG name="Static timing analysis">
Timing report is in LightBLE_timing.html.
Static timing analysis phase: Elapsed time ==> 0s.389ms
</CYPRESSTAG>
<CYPRESSTAG name="Data reporting">
Data reporting phase: Elapsed time ==> 0s.000ms
</CYPRESSTAG>
<CYPRESSTAG name="Database update...">
Design database save phase: Elapsed time ==> 0s.224ms
</CYPRESSTAG>
cydsfit: Elapsed time ==> 6s.204ms
</CYPRESSTAG>
Fitter phase: Elapsed time ==> 6s.238ms
API generation phase: Elapsed time ==> 4s.014ms
Dependency generation phase: Elapsed time ==> 0s.091ms
Cleanup phase: Elapsed time ==> 0s.001ms
